<?xml version="1.0" encoding="utf-8"?><testsuites><testsuite name="pytest" errors="0" failures="0" skipped="6" tests="1906" time="594.040" timestamp="2024-07-09T15:59:24.422731" hostname="L03154"><testcase classname="imod.tests.test_assign_wells" name="test_vectorized_overlap" time="0.004" /><testcase classname="imod.tests.test_voxelize" name="test_voxelize__mean_2" time="0.012" /><testcase classname="imod.tests.test_formats.test_ipf" name="test_read_associated__parameterized_delim[ - -,-,-,]" time="0.033" /><testcase classname="imod.tests.test_formats.test_array_io" name="test_saveopen__cftime_withinbounds[float32-kind0]" time="0.130" /><testcase classname="imod.tests.test_formats.test_rasterio" name="test_rasterio_ascii[1--999-int32-None-3]" time="0.093" /><testcase classname="imod.tests.test_formats.test_idf" name="test_open_subdomains_pattern_None[labeled-equidistant=True]" time="1.544" /><testcase classname="imod.tests.test_assign_wells" name="test_compute_overlap" time="0.003" /><testcase classname="imod.tests.test_voxelize" name="test_voxelize__max_overlap_1" time="0.009" /><testcase classname="imod.tests.test_assign_wells.TestAssignWell" name="test_locate_wells__no_kh[all_in_domain]" time="0.020" /><testcase classname="imod.tests.test_voxelize" name="test_voxelize__max_overlap_2" time="0.010" /><testcase classname="imod.tests.test_layer" name="test_get_lower_layer_number[unstructured]" time="0.035" /><testcase classname="imod.tests.test_couplers.test_metamod" name="test_metamod_init" time="0.002" /><testcase classname="imod.tests.test_flow.test_flow_model" name="test_write_model_no_oc" time="0.076" /><testcase classname="imod.tests.test_assign_wells.TestAssignWell" name="test_locate_wells[all_in_domain]" time="0.018" /><testcase classname="imod.tests.test_layer" name="test_get_upper_layer_number[all_active_structured]" time="0.010" /><testcase classname="imod.tests.test_evaluate.test_boundaries" name="test_interpolate_value_boundaries_layers" time="0.017" /><testcase classname="imod.tests.test_formats.test_ipf" name="test_read_associated__parameterized_delim[ - -,-,- ]" time="0.026" /><testcase classname="imod.tests.test_assign_wells.TestAssignWell" name="test_locate_wells_errors[all_in_domain]" time="0.023" /><testcase classname="imod.tests.test_evaluate.test_boundaries" name="test_interpolate_value_boundaries_layers_dz1d" time="0.019" /><testcase classname="imod.tests.test_layer" name="test_get_upper_layer_number[all_active_unstructured]" time="0.023" /><testcase classname="imod.tests.test_formats.test_ipf" name="test_read_associated__parameterized_delim[ - -,- -,]" time="0.019" /><testcase classname="imod.tests.test_evaluate.test_boundaries" name="test_interpolate_value_boundaries2" time="0.019" /><testcase classname="imod.tests.test_assign_wells.TestAssignWell" name="test_assign_wells_errors[all_in_domain]" time="0.007" /><testcase classname="imod.tests.test_layer" name="test_get_upper_layer_number[structured]" time="0.018" /><testcase classname="imod.tests.test_formats.test_ipf" name="test_read_associated__parameterized_delim[ - -,- - ]" time="0.019" /><testcase classname="imod.tests.test_assign_wells.TestAssignWell" name="test_assign_wells__no_kh[all_in_domain]" time="0.046" /><testcase classname="imod.tests.test_formats.test_rasterio" name="test_rasterio_ascii[1.0--999.99-float32-None-4]" time="0.026" /><testcase classname="imod.tests.test_evaluate.test_boundaries" name="test_interpolate_value_boundaries_nan" time="0.020" /><testcase classname="imod.tests.test_layer" name="test_get_upper_layer_number[unstructured]" time="0.017" /><testcase classname="imod.tests.test_layerregrid" name="test_layerregridder__mean_1" time="0.014" /><testcase classname="imod.tests.test_formats.test_ipf" name="test_read_associated__parameterized_delim[ - - -,-,]" time="0.019" /><testcase classname="imod.tests.test_flow.test_flow_model" name="test_write_model_metaswap" time="0.199" /><testcase classname="imod.tests.test_formats.test_rasterio" name="test_rasterio_ascii[1.0-nan-float32-None-5]" time="0.024" /><testcase classname="imod.tests.test_evaluate.test_boundaries" name="test_interpolate_value_boundaries_voxels" time="0.020" /><testcase classname="imod.tests.test_layerregrid" name="test_layerregridder__mean_2" time="0.009" /><testcase classname="imod.tests.test_formats.test_array_io" name="test_saveopen__cftime_withinbounds[float32-kind1]" time="0.059" /><testcase classname="imod.tests.test_formats.test_ipf" name="test_read_associated__parameterized_delim[ - - -,- ]" time="0.018" /><testcase classname="imod.tests.test_layerregrid" name="test_layerregridder_dst_larger_src" time="0.014" /><testcase classname="imod.tests.test_assign_wells.TestAssignWell" name="test_assign_wells[all_in_domain]" time="0.032" /><testcase classname="imod.tests.test_evaluate.test_boundaries" name="test_interpolate_value_boundaries_scalardz" time="0.015" /><testcase classname="imod.tests.test_formats.test_rasterio" name="test_rasterio_ascii[1.01-nan-float32-None-5]" time="0.021" /><testcase classname="imod.tests.test_formats.test_ipf" name="test_read_associated__parameterized_delim[ - - - -,]" time="0.018" /><testcase classname="imod.tests.test_layerregrid" name="test_layerregridder__mode" time="0.011" /><testcase classname="imod.tests.test_evaluate.test_boundaries" name="test_interpolate_value_boundaries_samevalues" time="0.029" /><testcase classname="imod.tests.test_layerregrid" name="test_layerregridder_topbot_nan" time="0.010" /><testcase classname="imod.tests.test_logging.test_logging" name="test_logging_no_configuration" time="0.001" /><testcase classname="imod.tests.test_logging.test_logging" name="test_logging_configure_logger[LoggerType.NULL-NullLogger]" time="0.002" /><testcase classname="imod.tests.test_assign_wells.TestAssignWell" name="test_assign_wells_minimum_thickness[all_in_domain]" time="0.037" /><testcase classname="imod.tests.test_formats.test_ipf" name="test_read_associated__parameterized_delim[ - - - - ]" time="0.019" /><testcase classname="imod.tests.test_logging.test_logging" name="test_logging_configure_logger[LoggerType.PYTHON-PythonLogger]" time="0.003" /><testcase classname="imod.tests.test_regrid" name="test_make_regrid" time="0.001" /><testcase classname="imod.tests.test_regrid" name="test_regrid_1d" time="0.002" /><testcase classname="imod.tests.test_logging.test_logging" name="test_logging_configure_logger[LoggerType.LOGURU-LoguruLogger]" time="0.011" /><testcase classname="imod.tests.test_regrid" name="test_iter_regrid__1d" time="0.002" /><testcase classname="imod.tests.test_regrid" name="test_nd_regrid__1d" time="0.002" /><testcase classname="imod.tests.test_formats.test_array_io" name="test_saveopen__nptime[float64-kind0]" time="1.391" /><testcase classname="imod.tests.test_regrid" name="test_nd_regrid__2d__first" time="0.002" /><testcase classname="imod.tests.test_evaluate.test_budget" name="test_flowlower_up" time="1.391" /><testcase classname="imod.tests.test_logging.test_logging" name="test_logging_change_logger_during_runtime" time="0.006" /><testcase classname="imod.tests.test_formats.test_ipf" name="test_write_assoc_itype1" time="0.034" /><testcase classname="imod.tests.test_regrid" name="test_nd_regrid__2d__mean" time="0.002" /><testcase classname="imod.tests.test_regrid" name="test_nd_regrid__3d__first" time="0.004" /><testcase classname="imod.tests.test_logging.test_logging" name="test_logging_calls_forwarded_to_loggers[LoggerType.NULL-imod.logging.config.NullLogger]" time="0.014" /><testcase classname="imod.tests.test_regrid" name="test_nd_regrid__4d3d__first" time="0.005" /><testcase classname="imod.tests.test_assign_wells.TestAssignWell" name="test_assign_wells_transient_rate[all_in_domain]" time="0.067" /><testcase classname="imod.tests.test_regrid" name="test_regrid_coord" time="0.005" /><testcase classname="imod.tests.test_logging.test_logging" name="test_logging_calls_forwarded_to_loggers[LoggerType.PYTHON-imod.logging.config.PythonLogger]" time="0.010" /><testcase classname="imod.tests.test_regrid" name="test_regrid_mean1d" time="0.020" /><testcase classname="imod.tests.test_formats.test_ipf" name="test_write_assoc_itype2" time="0.018" /><testcase classname="imod.tests.test_logging.test_logging" name="test_logging_calls_forwarded_to_loggers[LoggerType.LOGURU-imod.logging.config.LoguruLogger]" time="0.008" /><testcase classname="imod.tests.test_logging.test_logging" name="test_logging_configure_param_forwarded_to_loggers[LoggerType.PYTHON-imod.logging.config.PythonLogger-True-True-LogLevel.DEBUG]" time="0.002" /><testcase classname="imod.tests.test_regrid" name="test_regrid_mean1d__dx_negative" time="0.009" /><testcase classname="imod.tests.test_logging.test_logging" name="test_logging_configure_param_forwarded_to_loggers[LoggerType.PYTHON-imod.logging.config.PythonLogger-True-True-LogLevel.INFO]" time="0.002" /><testcase classname="imod.tests.test_formats.test_ipf" name="test_write" time="0.010" /><testcase classname="imod.tests.test_logging.test_logging" name="test_logging_configure_param_forwarded_to_loggers[LoggerType.PYTHON-imod.logging.config.PythonLogger-True-True-LogLevel.WARNING]" time="0.003" /><testcase classname="imod.tests.test_regrid" name="test_regrid_mean1d__with_time" time="0.015" /><testcase classname="imod.tests.test_logging.test_logging" name="test_logging_configure_param_forwarded_to_loggers[LoggerType.PYTHON-imod.logging.config.PythonLogger-True-True-LogLevel.ERROR]" time="0.002" /><testcase classname="imod.tests.test_logging.test_logging" name="test_logging_configure_param_forwarded_to_loggers[LoggerType.PYTHON-imod.logging.config.PythonLogger-True-True-LogLevel.CRITICAL]" time="0.002" /><testcase classname="imod.tests.test_formats.test_ipf" name="test_lower_dataframe_colnames" time="0.001" /><testcase classname="imod.tests.test_formats.test_ipf" name="test_lower_dataframe_colnames__ValueError" time="0.002" /><testcase classname="imod.tests.test_logging.test_logging" name="test_logging_configure_param_forwarded_to_loggers[LoggerType.PYTHON-imod.logging.config.PythonLogger-True-False-LogLevel.DEBUG]" time="0.003" /><testcase classname="imod.tests.test_formats.test_ipf" name="test_is_single_value" time="0.005" /><testcase classname="imod.tests.test_logging.test_logging" name="test_logging_configure_param_forwarded_to_loggers[LoggerType.PYTHON-imod.logging.config.PythonLogger-True-False-LogLevel.INFO]" time="0.003" /><testcase classname="imod.tests.test_regrid" name="test_regrid_mean1d__opposite_dx[1]" time="1.291" /><testcase classname="imod.tests.test_logging.test_logging" name="test_logging_configure_param_forwarded_to_loggers[LoggerType.PYTHON-imod.logging.config.PythonLogger-True-False-LogLevel.WARNING]" time="0.002" /><testcase classname="imod.tests.test_formats.test_ipf" name="test_save__assoc_itype1" time="0.044" /><testcase classname="imod.tests.test_assign_wells.TestAssignWell" name="test_assign_wells_out_of_domain[mix_wells]" time="0.075" /><testcase classname="imod.tests.test_logging.test_logging" name="test_logging_configure_param_forwarded_to_loggers[LoggerType.PYTHON-imod.logging.config.PythonLogger-True-False-LogLevel.ERROR]" time="0.003" /><testcase classname="imod.tests.test_logging.test_logging" name="test_logging_configure_param_forwarded_to_loggers[LoggerType.PYTHON-imod.logging.config.PythonLogger-True-False-LogLevel.CRITICAL]" time="0.003" /><testcase classname="imod.tests.test_flow.test_flow_model" name="test_write_model_horizontal_flow_barrier" time="0.158" /><testcase classname="imod.tests.test_logging.test_logging" name="test_logging_configure_param_forwarded_to_loggers[LoggerType.PYTHON-imod.logging.config.PythonLogger-False-True-LogLevel.DEBUG]" time="0.003" /><testcase classname="imod.tests.test_logging.test_logging" name="test_logging_configure_param_forwarded_to_loggers[LoggerType.PYTHON-imod.logging.config.PythonLogger-False-True-LogLevel.INFO]" time="0.003" /><testcase classname="imod.tests.test_logging.test_logging" name="test_logging_configure_param_forwarded_to_loggers[LoggerType.PYTHON-imod.logging.config.PythonLogger-False-True-LogLevel.WARNING]" time="0.003" /><testcase classname="imod.tests.test_logging.test_logging" name="test_logging_configure_param_forwarded_to_loggers[LoggerType.PYTHON-imod.logging.config.PythonLogger-False-True-LogLevel.ERROR]" time="0.002" /><testcase classname="imod.tests.test_logging.test_logging" name="test_logging_configure_param_forwarded_to_loggers[LoggerType.PYTHON-imod.logging.config.PythonLogger-False-True-LogLevel.CRITICAL]" time="0.002" /><testcase classname="imod.tests.test_logging.test_logging" name="test_logging_configure_param_forwarded_to_loggers[LoggerType.PYTHON-imod.logging.config.PythonLogger-False-False-LogLevel.DEBUG]" time="0.003" /><testcase classname="imod.tests.test_logging.test_logging" name="test_logging_configure_param_forwarded_to_loggers[LoggerType.PYTHON-imod.logging.config.PythonLogger-False-False-LogLevel.INFO]" time="0.003" /><testcase classname="imod.tests.test_logging.test_logging" name="test_logging_configure_param_forwarded_to_loggers[LoggerType.PYTHON-imod.logging.config.PythonLogger-False-False-LogLevel.WARNING]" time="0.003" /><testcase classname="imod.tests.test_formats.test_ipf" name="test_save__assoc_itype2_" time="0.045" /><testcase classname="imod.tests.test_logging.test_logging" name="test_logging_configure_param_forwarded_to_loggers[LoggerType.PYTHON-imod.logging.config.PythonLogger-False-False-LogLevel.ERROR]" time="0.003" /><testcase classname="imod.tests.test_logging.test_logging" name="test_logging_configure_param_forwarded_to_loggers[LoggerType.PYTHON-imod.logging.config.PythonLogger-False-False-LogLevel.CRITICAL]" time="0.003" /><testcase classname="imod.tests.test_logging.test_logging" name="test_logging_configure_param_forwarded_to_loggers[LoggerType.LOGURU-imod.logging.config.LoguruLogger-True-True-LogLevel.DEBUG]" time="0.003" /><testcase classname="imod.tests.test_logging.test_logging" name="test_logging_configure_param_forwarded_to_loggers[LoggerType.LOGURU-imod.logging.config.LoguruLogger-True-True-LogLevel.INFO]" time="0.003" /><testcase classname="imod.tests.test_logging.test_logging" name="test_logging_configure_param_forwarded_to_loggers[LoggerType.LOGURU-imod.logging.config.LoguruLogger-True-True-LogLevel.WARNING]" time="0.004" /><testcase classname="imod.tests.test_logging.test_logging" name="test_logging_configure_param_forwarded_to_loggers[LoggerType.LOGURU-imod.logging.config.LoguruLogger-True-True-LogLevel.ERROR]" time="0.002" /><testcase classname="imod.tests.test_assign_wells.TestAssignWell" name="test_assign_wells_out_of_domain_invalid[mix_wells]" time="0.014" /><testcase classname="imod.tests.test_logging.test_logging" name="test_logging_configure_param_forwarded_to_loggers[LoggerType.LOGURU-imod.logging.config.LoguruLogger-True-True-LogLevel.CRITICAL]" time="0.002" /><testcase classname="imod.tests.test_logging.test_logging" name="test_logging_configure_param_forwarded_to_loggers[LoggerType.LOGURU-imod.logging.config.LoguruLogger-True-False-LogLevel.DEBUG]" time="0.003" /><testcase classname="imod.tests.test_logging.test_logging" name="test_logging_configure_param_forwarded_to_loggers[LoggerType.LOGURU-imod.logging.config.LoguruLogger-True-False-LogLevel.INFO]" time="0.004" /><testcase classname="imod.tests.test_formats.test_ipf" name="test_save__assoc_itype1__layers" time="0.101" /><testcase classname="imod.tests.test_logging.test_logging" name="test_logging_configure_param_forwarded_to_loggers[LoggerType.LOGURU-imod.logging.config.LoguruLogger-True-False-LogLevel.WARNING]" time="0.003" /><testcase classname="imod.tests.test_logging.test_logging" name="test_logging_configure_param_forwarded_to_loggers[LoggerType.LOGURU-imod.logging.config.LoguruLogger-True-False-LogLevel.ERROR]" time="0.002" /><testcase classname="imod.tests.test_logging.test_logging" name="test_logging_configure_param_forwarded_to_loggers[LoggerType.LOGURU-imod.logging.config.LoguruLogger-True-False-LogLevel.CRITICAL]" time="0.003" /><testcase classname="imod.tests.test_logging.test_logging" name="test_logging_configure_param_forwarded_to_loggers[LoggerType.LOGURU-imod.logging.config.LoguruLogger-False-True-LogLevel.DEBUG]" time="0.004" /><testcase classname="imod.tests.test_logging.test_logging" name="test_logging_configure_param_forwarded_to_loggers[LoggerType.LOGURU-imod.logging.config.LoguruLogger-False-True-LogLevel.INFO]" time="0.003" /><testcase classname="imod.tests.test_logging.test_logging" name="test_logging_configure_param_forwarded_to_loggers[LoggerType.LOGURU-imod.logging.config.LoguruLogger-False-True-LogLevel.WARNING]" time="0.003" /><testcase classname="imod.tests.test_logging.test_logging" name="test_logging_configure_param_forwarded_to_loggers[LoggerType.LOGURU-imod.logging.config.LoguruLogger-False-True-LogLevel.ERROR]" time="0.003" /><testcase classname="imod.tests.test_logging.test_logging" name="test_logging_configure_param_forwarded_to_loggers[LoggerType.LOGURU-imod.logging.config.LoguruLogger-False-True-LogLevel.CRITICAL]" time="0.003" /><testcase classname="imod.tests.test_logging.test_logging" name="test_logging_configure_param_forwarded_to_loggers[LoggerType.LOGURU-imod.logging.config.LoguruLogger-False-False-LogLevel.DEBUG]" time="0.003" /><testcase classname="imod.tests.test_logging.test_logging" name="test_logging_configure_param_forwarded_to_loggers[LoggerType.LOGURU-imod.logging.config.LoguruLogger-False-False-LogLevel.INFO]" time="0.002" /><testcase classname="imod.tests.test_logging.test_logging" name="test_logging_configure_param_forwarded_to_loggers[LoggerType.LOGURU-imod.logging.config.LoguruLogger-False-False-LogLevel.WARNING]" time="0.004" /><testcase classname="imod.tests.test_logging.test_logging" name="test_logging_configure_param_forwarded_to_loggers[LoggerType.LOGURU-imod.logging.config.LoguruLogger-False-False-LogLevel.ERROR]" time="0.004" /><testcase classname="imod.tests.test_flow.test_flow_model" name="test_compose_periods" time="0.010" /><testcase classname="imod.tests.test_logging.test_logging" name="test_logging_configure_param_forwarded_to_loggers[LoggerType.LOGURU-imod.logging.config.LoguruLogger-False-False-LogLevel.CRITICAL]" time="0.004" /><testcase classname="imod.tests.test_flow.test_flow_model" name="test_render_periods" time="0.005" /><testcase classname="imod.tests.test_flow.test_flow_model" name="test_write_model_periodic" time="0.101" /><testcase classname="imod.tests.test_formats.test_ipf" name="test_save__missing" time="0.009" /><testcase classname="imod.tests.test_formats.test_ipf" name="test_error_fileinfo" time="0.009" /><testcase classname="imod.tests.test_formats.test_ipf" name="test_save__assoc_itype1__layers__integerID" time="0.050" /><testcase classname="imod.tests.test_formats.test_ipf" name="test_unique_ids_per_layer" time="0.007" /><testcase classname="imod.tests.test_flow.test_flow_model" name="test_convert_to_runfile" time="0.109" /><testcase classname="imod.tests.test_formats.test_ipf" name="test_quoting" time="0.011" /><testcase classname="imod.tests.test_formats.test_ipf" name="test_alternative_quotes_assoc" time="0.011" /><testcase classname="imod.tests.test_formats.test_prj" name="test_tokenize" time="0.003" /><testcase classname="imod.tests.test_formats.test_prj.TestLineIterator" name="test_init" time="0.002" /><testcase classname="imod.tests.test_formats.test_prj.TestLineIterator" name="test_traversal" time="0.002" /><testcase classname="imod.tests.test_formats.test_prj.TestLineIterator" name="test_iter" time="0.001" /><testcase classname="imod.tests.test_formats.test_prj" name="test_wrap_error_message[ValueError]" time="0.002" /><testcase classname="imod.tests.test_formats.test_prj" name="test_wrap_error_message[TypeError]" time="0.002" /><testcase classname="imod.tests.test_formats.test_prj" name="test_parseblockheader" time="0.002" /><testcase classname="imod.tests.test_formats.test_prj" name="test_parse_time" time="0.002" /><testcase classname="imod.tests.test_formats.test_prj" name="test_parse_blockline" time="0.003" /><testcase classname="imod.tests.test_formats.test_prj" name="test_parse_nsub_nsystem" time="0.002" /><testcase classname="imod.tests.test_formats.test_prj" name="test_parse_notimeblock" time="0.003" /><testcase classname="imod.tests.test_formats.test_prj" name="test_parse_speciesblock" time="0.001" /><testcase classname="imod.tests.test_formats.test_prj" name="test_parse_capblock" time="0.002" /><testcase classname="imod.tests.test_formats.test_prj" name="test_parse_pcgblock" time="0.002" /><testcase classname="imod.tests.test_formats.test_prj" name="test__parse_block" time="0.002" /><testcase classname="imod.tests.test_mf6.test_circle" name="test_simulation_write_and_run" time="0.825" /><testcase classname="imod.tests.test_formats.test_prj" name="test__parse_periodsblock" time="0.002" /><testcase classname="imod.tests.test_formats.test_prj" name="test_read_error" time="0.005" /><testcase classname="imod.tests.test_flow.test_flow_model" name="test_convert_to_mf2005" time="0.105" /><testcase classname="imod.tests.test_formats.test_prj" name="test_process_time" time="0.005" /><testcase classname="imod.tests.test_formats.test_prj.TestProjectFile" name="test_read_projectfile" time="0.060" /><testcase classname="imod.tests.test_benchmark" name="test_setup_basic_flopy" time="3.032" /><testcase classname="imod.tests.test_formats.test_prj.TestProjectFile" name="test_open_projectfile_data" time="0.349" /><testcase classname="imod.tests.test_flow.test_flow_model" name="test_convert_to_mf6" time="0.115" /><testcase classname="imod.tests.test_flow.test_flow_model" name="test_wrong_convert_setting" time="0.005" /><testcase classname="imod.tests.test_flow.test_flow_oc" name="test_compose_oc_configuration_no_layers" time="0.004" /><testcase classname="imod.tests.test_flow.test_flow_oc" name="test_compose_oc_configuration_all_layers" time="0.004" /><testcase classname="imod.tests.test_flow.test_flow_oc" name="test_compose_oc_configuration_layers" time="0.007" /><testcase classname="imod.tests.test_flow.test_flow_pkggroups" name="test_group_rendered_no_time" time="0.010" /><testcase classname="imod.tests.test_flow.test_flow_pkggroups" name="test_group_rendered_mixed_time_no_time" time="0.014" /><testcase classname="imod.tests.test_flow.test_flow_pkggroups" name="test_group_rendered" time="0.011" /><testcase classname="imod.tests.test_flow.test_flow_pkggroups" name="test_group_synchronize_times_rendered" time="0.008" /><testcase classname="imod.tests.test_flow.test_flow_pkggroups" name="test_two_wels" time="0.018" /><testcase classname="imod.tests.test_flow.test_flow_rch" name="test_recharge_no_time" time="0.003" /><testcase classname="imod.tests.test_flow.test_flow_riv" name="test_river" time="0.016" /><testcase classname="imod.tests.test_flow.test_flow_sto" name="test_storage_coefficient" time="0.004" /><testcase classname="imod.tests.test_flow.test_flow_sto" name="test_specific_storage" time="0.002" /><testcase classname="imod.tests.test_flow.test_flow_timeutil" name="test_insert_unique_package_times" time="0.011" /><testcase classname="imod.tests.test_flow.test_flow_timeutil" name="test_insert_unique_package_times_overlap" time="0.008" /><testcase classname="imod.tests.test_flow.test_flow_timeutil" name="test_insert_unique_package_times_manual_insert" time="0.009" /><testcase classname="imod.tests.test_flow.test_flow_wel" name="test_wel" time="0.013" /><testcase classname="imod.tests.test_formats.test_array_io" name="test_to_nan" time="0.002" /><testcase classname="imod.tests.test_formats.test_array_io" name="test_check_cellsizes" time="0.002" /><testcase classname="imod.tests.test_formats.test_array_io" name="test_has_dim" time="0.002" /><testcase classname="imod.tests.test_formats.test_array_io" name="test_save__dims_error[float32-kind0]" time="0.005" /><testcase classname="imod.tests.test_formats.test_array_io" name="test_save__dims_error[float32-kind1]" time="0.004" /><testcase classname="imod.tests.test_formats.test_array_io" name="test_saveopen__steady[float32-kind0]" time="1.209" /><testcase classname="imod.tests.test_formats.test_prj.TestProjectFile" name="test_open_projectfile_data__faulty_well" time="0.345" /><testcase classname="imod.tests.test_formats.test_prj.TestProjectFile" name="test_open_projectfile_data__faulty_grid" time="0.102" /><testcase classname="imod.tests.test_mf6.test_circle" name="test_gwfmodel_render" time="0.501" /><testcase classname="imod.tests.test_formats.test_idf" name="test_open_subdomains_pattern_None[labeled-equidistant=False]" time="0.135" /><testcase classname="imod.tests.test_regrid" name="test_regrid_mean1d__opposite_dx[2]" time="0.044" /><testcase classname="imod.tests.test_formats.test_array_io" name="test_saveopen__nptime[float64-kind1]" time="0.081" /><testcase classname="imod.tests.test_formats.test_prj.TestProjectFile" name="test_open_projectfile_data__faulty_gen" time="0.374" /><testcase classname="imod.tests.test_evaluate.test_budget" name="test_flowlower_down" time="0.062" /><testcase classname="imod.tests.test_regrid" name="test_regrid_mean1d__opposite_dx[3]" time="0.035" /><testcase classname="imod.tests.test_evaluate.test_budget" name="test_lower_netzero" time="0.022" /><testcase classname="imod.tests.test_regrid" name="test_regrid__coordinate_errors" time="0.008" /><testcase classname="imod.tests.test_formats.test_array_io" name="test_saveopen__timecoord[float64-kind0]" time="0.036" /><testcase classname="imod.tests.test_regrid" name="test_regrid_mean2d[1]" time="0.128" /><testcase classname="imod.tests.test_evaluate.test_budget" name="test_lower_right" time="0.025" /><testcase classname="imod.tests.test_formats.test_idf" name="test_open_subdomains_species[constant_species-equidistant=True]" time="0.184" /><testcase classname="imod.tests.test_formats.test_array_io" name="test_saveopen__timecoord[float64-kind1]" time="0.023" /><testcase classname="imod.tests.test_evaluate.test_budget" name="test_flow_right_lower_netzero" time="0.021" /><testcase classname="imod.tests.test_formats.test_array_io" name="test_saveopen__timecoordsteady[float64-kind0]" time="0.035" /><testcase classname="imod.tests.test_evaluate.test_budget" name="test_flow_right_lower" time="0.091" /><testcase classname="imod.tests.test_formats.test_array_io" name="test_saveopen__timecoordsteady[float64-kind1]" time="0.035" /><testcase classname="imod.tests.test_regrid" name="test_regrid_mean2d[2]" time="0.075" /><testcase classname="imod.tests.test_formats.test_array_io" name="test_saveopen__cftime_withinbounds[float64-kind0]" time="0.084" /><testcase classname="imod.tests.test_evaluate.test_budget" name="test_flow_right_lower__aniflow" time="0.059" /><testcase classname="imod.tests.test_regrid" name="test_regrid_mean2d[3]" time="0.073" /><testcase classname="imod.tests.test_formats.test_idf" name="test_open_subdomains_species[constant_species-equidistant=False]" time="0.224" /><testcase classname="imod.tests.test_evaluate.test_budget" name="test_transient_flow" time="0.035" /><testcase classname="imod.tests.test_formats.test_array_io" name="test_saveopen__cftime_withinbounds[float64-kind1]" time="0.049" /><testcase classname="imod.tests.test_evaluate.test_budget" name="test_flowlower_up_big_budgetzonenr" time="0.058" /><testcase classname="imod.tests.test_formats.test_prj" name="test_read_timfile" time="0.004" /><testcase classname="imod.tests.test_formats.test_rasterio" name="test_saveopen" time="1.219" /><testcase classname="imod.tests.test_formats.test_array_io" name="test_saveopen__cftime_outofbounds[float32-kind0]" time="0.145" /><testcase classname="imod.tests.test_regrid" name="test_regrid_mean2d_over3darray[1]" time="0.101" /><testcase classname="imod.tests.test_evaluate.test_constraints" name="test_stability_constraint_wel" time="0.032" /><testcase classname="imod.tests.test_evaluate.test_constraints" name="test_stability_constraint_advection" time="0.052" /><testcase classname="imod.tests.test_regrid" name="test_regrid_mean2d_over3darray[2]" time="0.066" /><testcase classname="imod.tests.test_mf6.test_circle" name="test_simulation_write_and_run_evt" time="1.057" /><testcase classname="imod.tests.test_evaluate.test_constraints" name="test_intra_cell_boundary_conditions" time="0.184" /><testcase classname="imod.tests.test_formats.test_array_io" name="test_saveopen__cftime_outofbounds[float32-kind1]" time="0.104" /><testcase classname="imod.tests.test_formats.test_idf" name="test_open_subdomains_species[labeled_species-equidistant=True]" time="0.251" /><testcase classname="imod.tests.test_regrid" name="test_regrid_mean2d_over3darray[3]" time="0.061" /><testcase classname="imod.tests.test_regrid" name="test_regrid_conductance2d" time="0.081" /><testcase classname="imod.tests.test_formats.test_array_io" name="test_saveopen__cftime_nodim[float32-kind0]" time="0.076" /><testcase classname="imod.tests.test_evaluate.test_constraints" name="test_intra_cell_boundary_conditions_thickness_zero" time="0.013" /><testcase classname="imod.tests.test_regrid" name="test_regrid_errors" time="0.029" /><testcase classname="imod.tests.test_evaluate.test_cross_sections" name="test_streamfunction" time="0.134" /><testcase classname="imod.tests.test_formats.test_array_io" name="test_saveopen__cftime_nodim[float32-kind1]" time="0.023" /><testcase classname="imod.tests.test_formats.test_array_io" name="test_saveopen__cftime_outofbounds[float64-kind0]" time="0.174" /><testcase classname="imod.tests.test_regrid" name="test_str_method" time="0.034" /><testcase classname="imod.tests.test_formats.test_array_io" name="test_saveopen__steady[float32-kind1]" time="0.055" /><testcase classname="imod.tests.test_regrid" name="test_no_overlap" time="0.016" /><testcase classname="imod.tests.test_reproject" name="test_basic_resample__nearest" time="0.086" /><testcase classname="imod.tests.test_formats.test_idf" name="test_open_subdomains_species[labeled_species-equidistant=False]" time="0.245" /><testcase classname="imod.tests.test_formats.test_array_io" name="test_saveopen[float32-kind0]" time="0.057" /><testcase classname="imod.tests.test_evaluate.test_cross_sections" name="test_quiver" time="0.136" /><testcase classname="imod.tests.test_formats.test_array_io" name="test_saveopen[float32-kind1]" time="0.037" /><testcase classname="imod.tests.test_reproject" name="test_basic_resample__bilinear" time="0.035" /><testcase classname="imod.tests.test_formats.test_array_io" name="test_saveopen__paths[float32-kind0]" time="0.048" /><testcase classname="imod.tests.test_formats.test_array_io" name="test_saveopen__cftime_outofbounds[float64-kind1]" time="0.083" /><testcase classname="imod.tests.test_reproject" name="test_basic_reproject" time="0.095" /><testcase classname="imod.tests.test_formats.test_array_io" name="test_saveopen__paths[float32-kind1]" time="0.038" /><testcase classname="imod.tests.test_evaluate.test_head" name="test_convert_pointwaterhead_freshwaterhead_scalar" time="0.002" /><testcase classname="imod.tests.test_evaluate.test_head" name="test_convert_pointwaterhead_freshwaterhead_da" time="0.013" /><testcase classname="imod.tests.test_formats.test_array_io" name="test_saveopen__cftime_nodim[float64-kind0]" time="0.022" /><testcase classname="imod.tests.test_formats.test_array_io" name="test_lazy[float32]" time="0.009" /><testcase classname="imod.tests.test_evaluate.test_head" name="test_calculate_gxg" time="0.058" /><testcase classname="imod.tests.test_formats.test_array_io" name="test_save__dims_error[float64-kind0]" time="0.005" /><testcase classname="imod.tests.test_formats.test_array_io" name="test_save__dims_error[float64-kind1]" time="0.005" /><testcase classname="imod.tests.test_formats.test_array_io" name="test_saveopen__cftime_nodim[float64-kind1]" time="0.015" /><testcase classname="imod.tests.test_reproject" name="test_reproject__use_src_attrs" time="0.074" /><testcase classname="imod.tests.test_formats.test_array_io" name="test_saveopen__steady[float64-kind0]" time="0.054" /><testcase classname="imod.tests.test_formats.test_array_io" name="test_saveopen_sorting_headers_paths[kind0]" time="0.197" /><testcase classname="imod.tests.test_formats.test_idf" name="test_open_subdomains_species_pattern_None[constant_species-equidistant=True]" time="0.167" /><testcase classname="imod.tests.test_evaluate.test_head" name="test_calculate_gxg_nan" time="0.048" /><testcase classname="imod.tests.test_formats.test_array_io" name="test_saveopen__steady[float64-kind1]" time="0.046" /><testcase classname="imod.tests.test_reproject" name="test_reproject_resample" time="0.037" /><testcase classname="imod.tests.test_evaluate.test_head" name="test_calculate_gxg_points" time="0.108" /><testcase classname="imod.tests.test_formats.test_array_io" name="test_saveopen[float64-kind0]" time="0.042" /><testcase classname="imod.tests.test_reproject" name="test_reproject_rotation__via_kwargs" time="0.111" /><testcase classname="imod.tests.test_formats.test_array_io" name="test_saveopen[float64-kind1]" time="0.028" /><testcase classname="imod.tests.test_formats.test_array_io" name="test_saveopen__paths[float64-kind0]" time="0.048" /><testcase classname="imod.tests.test_formats.test_idf" name="test_open_subdomains_species_pattern_None[constant_species-equidistant=False]" time="0.229" /><testcase classname="imod.tests.test_flow.test_flow_ani" name="test_anisotropy" time="0.008" /><testcase classname="imod.tests.test_formats.test_array_io" name="test_saveopen_sorting_headers_paths[kind1]" time="0.083" /><testcase classname="imod.tests.test_flow.test_flow_bas" name="test_boundary" time="0.007" /><testcase classname="imod.tests.test_flow.test_flow_bas" name="test_top" time="0.003" /><testcase classname="imod.tests.test_flow.test_flow_bas" name="test_bot" time="0.003" /><testcase classname="imod.tests.test_reproject" name="test_reproject_rotation__use_src_attrs" time="0.084" /><testcase classname="imod.tests.test_flow.test_flow_bas" name="test_starting_head" time="0.004" /><testcase classname="imod.tests.test_formats.test_array_io" name="test_saveopen__paths[float64-kind1]" time="0.031" /><testcase classname="imod.tests.test_flow.test_flow_cap" name="test_metaswap_render" time="0.039" /><testcase classname="imod.tests.test_mf6.test_circle" name="test_gwfmodel_render_evt" time="0.581" /><testcase classname="imod.tests.test_formats.test_array_io" name="test_lazy[float64]" time="0.009" /><testcase classname="imod.tests.test_formats.test_array_io" name="test_saveopen__descending_layer[kind0]" time="0.088" /><testcase classname="imod.tests.test_flow.test_flow_cap" name="test_metaswap_pkgcheck" time="0.022" /><testcase classname="imod.tests.test_formats.test_array_io" name="test_saveopen_timelayer[kind0]" time="0.273" /><testcase classname="imod.tests.test_flow.test_flow_cap" name="test_metaswap_pkgcheck_fail" time="0.023" /><testcase classname="imod.tests.test_spatial" name="test_round_extent" time="0.002" /><testcase classname="imod.tests.test_spatial" name="test_fill" time="0.020" /><testcase classname="imod.tests.test_flow.test_flow_cap" name="test_check_extra_files_no_files" time="0.023" /><testcase classname="imod.tests.test_spatial" name="test_laplace_interpolate" time="0.011" /><testcase classname="imod.tests.test_spatial" name="test_rasterize" time="0.025" /><testcase classname="imod.tests.test_flow.test_flow_cap" name="test_check_extra_files_missing_files" time="0.035" /><testcase classname="imod.tests.test_formats.test_array_io" name="test_saveopen__descending_layer[kind1]" time="0.058" /><testcase classname="imod.tests.test_spatial" name="test_polygonize" time="0.009" /><testcase classname="imod.tests.test_spatial" name="test_handle_dtype" time="0.002" /><testcase classname="imod.tests.test_flow.test_flow_chd" name="test_constant_head" time="0.019" /><testcase classname="imod.tests.test_flow.test_flow_chd" name="test_periodic_constant_head" time="0.010" /><testcase classname="imod.tests.test_formats.test_array_io" name="test_save__int32coords[float32-kind0]" time="0.016" /><testcase classname="imod.tests.test_formats.test_idf" name="test_open_subdomains_species_pattern_None[labeled_species-equidistant=True]" time="0.226" /><testcase classname="imod.tests.test_flow.test_flow_chd" name="test_steady_state_constant_head" time="0.008" /><testcase classname="imod.tests.test_flow.test_flow_conductivity" name="test_horizontal_conductivity" time="0.008" /><testcase classname="imod.tests.test_formats.test_array_io" name="test_save__int32coords[float32-kind1]" time="0.014" /><testcase classname="imod.tests.test_flow.test_flow_conductivity" name="test_vertical_conductivity" time="0.004" /><testcase classname="imod.tests.test_spatial" name="test_gdal_rasterize[integer]" time="0.163" /><testcase classname="imod.tests.test_flow.test_flow_conductivity" name="test_vertical_anisotropy" time="0.004" /><testcase classname="imod.tests.test_formats.test_array_io" name="test_save__int32coords[float64-kind0]" time="0.016" /><testcase classname="imod.tests.test_flow.test_flow_conductivity" name="test_transmissivity" time="0.004" /><testcase classname="imod.tests.test_flow.test_flow_conductivity" name="test_vertical_resistance" time="0.004" /><testcase classname="imod.tests.test_formats.test_array_io" name="test_save__int32coords[float64-kind1]" time="0.015" /><testcase classname="imod.tests.test_flow.test_flow_dis" name="test_create_time_discretization" time="0.011" /><testcase classname="imod.tests.test_flow.test_flow_dis" name="test_create_time_discretization_cftime" time="0.009" /><testcase classname="imod.tests.test_formats.test_array_io" name="test_saveopen__nptime[float32-kind0]" time="0.207" /><testcase classname="imod.tests.test_flow.test_flow_drn" name="test_drain_transient" time="0.019" /><testcase classname="imod.tests.test_flow.test_flow_drn" name="test_drain_transient_scalar" time="0.021" /><testcase classname="imod.tests.test_formats.test_rasterio" name="test_saveopen__nodata_dtype" time="0.110" /><testcase classname="imod.tests.test_flow.test_flow_drn" name="test_drain_transient_scalar_paths" time="0.023" /><testcase classname="imod.tests.test_formats.test_array_io" name="test_saveopen_timelayer[kind1]" time="0.161" /><testcase classname="imod.tests.test_flow.test_flow_evt" name="test_evapotranspiration_no_time" time="0.006" /><testcase classname="imod.tests.test_spatial" name="test_gdal_rasterize[float]" time="0.048" /><testcase classname="imod.tests.test_flow.test_flow_ghb" name="test_general_head" time="0.020" /><testcase classname="imod.tests.test_flow.test_flow_hfb" name="test_horizontal_flow_barrier_render" time="0.020" /><testcase classname="imod.tests.test_spatial" name="test_private_celltable[integer]" time="0.034" /><testcase classname="imod.tests.test_formats.test_idf" name="test_open_subdomains_species_pattern_None[labeled_species-equidistant=False]" time="0.247" /><testcase classname="imod.tests.test_formats.test_rasterio" name="test_rasterio_ascii[1--999-int32-None-None]" time="0.089" /><testcase classname="imod.tests.test_spatial" name="test_private_celltable[float]" time="0.030" /><testcase classname="imod.tests.test_flow.test_flow_model" name="test_compose_all_packages" time="0.072" /><testcase classname="imod.tests.test_spatial" name="test_celltable[integer]" time="0.036" /><testcase classname="imod.tests.test_formats.test_array_io" name="test_saveopen__nptime[float32-kind1]" time="0.090" /><testcase classname="imod.tests.test_flow.test_flow_model" name="test_write_model" time="0.145" /><testcase classname="imod.tests.test_formats.test_array_io" name="test_saveopen_timelayer_chunks[kind0]" time="0.330" /><testcase classname="imod.tests.test_spatial" name="test_celltable[float]" time="0.031" /><testcase classname="imod.tests.test_formats.test_rasterio" name="test_rasterio_ascii[1.0--999.0-float32-None-None]" time="0.032" /><testcase classname="imod.tests.test_spatial" name="test_rasterize_table" time="0.008" /><testcase classname="imod.tests.test_spatial" name="test_zonal_aggregate_raster" time="0.078" /><testcase classname="imod.tests.test_formats.test_rasterio" name="test_rasterio_ascii[1.0-nan-float32-None-None]" time="0.025" /><testcase classname="imod.tests.test_formats.test_array_io" name="test_saveopen__timecoord[float32-kind0]" time="0.035" /><testcase classname="imod.tests.test_formats.test_rasterio" name="test_rasterio_ascii[1.0--999.9-float32-None-None]" time="0.027" /><testcase classname="imod.tests.test_formats.test_array_io" name="test_saveopen__timecoord[float32-kind1]" time="0.024" /><testcase classname="imod.tests.test_formats.test_rasterio" name="test_rasterio_ascii[1.0--999.99-float32-None-None]" time="0.030" /><testcase classname="imod.tests.test_spatial" name="test_zonal_aggregate_polygons" time="0.072" /><testcase classname="imod.tests.test_mf6.test_mf6_lake_table" name="test_mf6_laketable_reference" time="0.154" /><testcase classname="imod.tests.test_formats.test_array_io" name="test_saveopen__timecoordsteady[float32-kind0]" time="0.030" /><testcase classname="imod.tests.test_benchmark" name="test_setup_basic_imod" time="1.069" /><testcase classname="imod.tests.test_formats.test_rasterio" name="test_rasterio_ascii[1.01--999.99-float32-None-None]" time="0.031" /><testcase classname="imod.tests.test_formats.test_array_io" name="test_saveopen__timecoordsteady[float32-kind1]" time="0.032" /><testcase classname="imod.tests.test_formats.test_idf" name="test_open_subdomains_error[constant-equidistant=True]" time="0.051" /><testcase classname="imod.tests.test_formats.test_rasterio" name="test_rasterio_ascii[1--999-int32-3-None]" time="0.026" /><testcase classname="imod.tests.test_voxelize" name="test_voxelize__mean_1" time="0.011" /><testcase classname="imod.tests.test_mf6.test_mf6_hfb" name="test_to_mf6_different_z_boundaries[0.0--2.5-expected_values7]" time="0.109" /><testcase classname="imod.tests.test_formats.test_rasterio" name="test_rasterio_ascii[1.0--999.99-float32-2-None]" time="0.029" /><testcase classname="imod.tests.test_mf6.test_ex01_twri" name="test_dis_render" time="0.141" /><testcase classname="imod.tests.test_formats.test_idf" name="test_open_subdomains_error[constant-equidistant=False]" time="0.077" /><testcase classname="imod.tests.test_formats.test_rasterio" name="test_rasterio_ascii[1.0-nan-float32-2-None]" time="0.029" /><testcase classname="imod.tests.test_formats.test_rasterio" name="test_rasterio_ascii[1.01-nan-float32-2-None]" time="0.023" /><testcase classname="imod.tests.test_mf6.test_mf6_lake_validation" name="test_lake_init_validation_dim_mismatch" time="0.038" /><testcase classname="imod.tests.test_mf6.test_ex01_twri" name="test_ic_render" time="0.094" /><testcase classname="imod.tests.test_mf6.test_mf6_hfb" name="test_to_mf6_layered_hfb[2-expected_values0]" time="0.089" /><testcase classname="imod.tests.test_mf6.test_mf6_evt" name="test_get_options__no_segments" time="0.025" /><testcase classname="imod.tests.test_formats.test_idf" name="test_open_subdomains_error[labeled-equidistant=True]" time="0.056" /><testcase classname="imod.tests.test_mf6.test_mf6_lake_validation" name="test_lake_init_validation_type_mismatch" time="0.024" /><testcase classname="imod.tests.test_mf6.test_mf6_evt" name="test_get_options__with_segments" time="0.015" /><testcase classname="imod.tests.test_formats.test_array_io" name="test_saveopen_timelayer_chunks[kind1]" time="0.212" /><testcase classname="imod.tests.test_mf6.test_mf6_evt" name="test_get_bin_ds__no_segments" time="0.012" /><testcase classname="imod.tests.test_mf6.test_mf6_lake_validation" name="test_lake_write_validation_sign_mismatch" time="0.049" /><testcase classname="imod.tests.test_mf6.test_ex01_twri" name="test_chd_render" time="0.125" /><testcase classname="imod.tests.test_mf6.test_mf6_evt" name="test_get_bin_ds__with_segments" time="0.050" /><testcase classname="imod.tests.test_formats.test_idf" name="test_open_subdomains_error[labeled-equidistant=False]" time="0.078" /><testcase classname="imod.tests.test_mf6.test_ex01_twri" name="test_npf_render" time="0.107" /><testcase classname="imod.tests.test_mf6.test_mf6_logging" name="test_write_package_is_logged" time="0.018" /><testcase classname="imod.tests.test_mf6.test_mf6_hfb" name="test_to_mf6_layered_hfb__error" time="0.007" /><testcase classname="imod.tests.test_mf6.test_mf6_evt" name="test_wrong_dim_order" time="0.021" /><testcase classname="imod.tests.test_mf6.test_mf6_hfb" name="test_to_mf6_remove_invalid_edges[0-parameterizable_basic_dis0-1.0-1]" time="0.130" /><testcase classname="imod.tests.test_formats.test_idf" name="test_xycoords_equidistant" time="0.001" /><testcase classname="imod.tests.test_formats.test_idf" name="test_xycoords_nonequidistant" time="0.001" /><testcase classname="imod.tests.test_formats.test_idf" name="test_xycoords_equidistant_array" time="0.002" /><testcase classname="imod.tests.test_formats.test_idf" name="test_saveopen__nonequidistant" time="0.022" /><testcase classname="imod.tests.test_mf6.test_ex01_twri" name="test_drn_render" time="0.116" /><testcase classname="imod.tests.test_formats.test_idf" name="test_save_topbot__single_layer[float32]" time="0.014" /><testcase classname="imod.tests.test_mf6.test_mf6_chd" name="test_wrong_dtype" time="0.008" /><testcase classname="imod.tests.test_mf6.test_ex01_twri" name="test_oc_render" time="0.082" /><testcase classname="imod.tests.test_formats.test_idf" name="test_saveopen_dtype[float32]" time="0.020" /><testcase classname="imod.tests.test_mf6.test_mf6_chd" name="test_render_concentration" time="0.026" /><testcase classname="imod.tests.test_formats.test_idf" name="test_dtype_error[float32]" time="0.003" /><testcase classname="imod.tests.test_mf6.test_mf6_chd" name="test_write_concentration_period_data" time="0.042" /><testcase classname="imod.tests.test_formats.test_idf" name="test_nodata[float32]" time="0.006" /><testcase classname="imod.tests.test_mf6.test_mf6_flopy_compatibility" name="test_readable_by_flopy[True]" time="0.676" /><testcase classname="imod.tests.test_formats.test_idf" name="test_save_topbot__single_layer[float64]" time="0.014" /><testcase classname="imod.tests.test_formats.test_idf" name="test_saveopen_dtype[float64]" time="0.013" /><testcase classname="imod.tests.test_mf6.test_mf6_hfb" name="test_to_mf6_remove_invalid_edges[0-parameterizable_basic_dis0-2.0-0]" time="0.017"><skipped type="pytest.xfail" message="Test expected to fail if expected number barriers = 0" /></testcase><testcase classname="imod.tests.test_formats.test_idf" name="test_dtype_error[float64]" time="0.003" /><testcase classname="imod.tests.test_formats.test_idf" name="test_nodata[float64]" time="0.006" /><testcase classname="imod.tests.test_formats.test_idf" name="test_save_topbot__layers" time="0.050" /><testcase classname="imod.tests.test_mf6.test_ex01_twri" name="test_rch_render" time="0.099" /><testcase classname="imod.tests.test_formats.test_disv_conversion" name="test_convert_to_disv[create_quadgrid]" time="5.367" /><testcase classname="imod.tests.test_formats.test_idf" name="test_save_topbot__layers_nonequidistant" time="0.039" /><testcase classname="imod.tests.test_formats.test_idf" name="test_save_topbot__only_z" time="0.047" /><testcase classname="imod.tests.test_mf6.test_ex01_twri" name="test_wel_render" time="0.317" /><testcase classname="imod.tests.test_formats.test_idf" name="test_save_topbot__errors" time="0.006" /><testcase classname="imod.tests.test_formats.test_idf" name="test_save_open_arbitrary_4D" time="0.082" /><testcase classname="imod.tests.test_mf6.test_mf6_hfb" name="test_to_mf6_remove_invalid_edges[-1-parameterizable_basic_dis0-1.0-1]" time="0.131" /><testcase classname="imod.tests.test_formats.test_ipf" name="test_read_associated__itype1implicit" time="0.027" /><testcase classname="imod.tests.test_formats.test_ipf" name="test_read__comma" time="0.005" /><testcase classname="imod.tests.test_formats.test_ipf" name="test_read__space" time="0.006" /><testcase classname="imod.tests.test_formats.test_ipf" name="test_read_list" time="0.008" /><testcase classname="imod.tests.test_formats.test_ipf" name="test_read_associated__parameterized_delim[,-,-,-,-,]" time="0.023" /><testcase classname="imod.tests.test_mf6.test_mf6_hfb" name="test_to_mf6_remove_invalid_edges[-1-parameterizable_basic_dis0-2.0-0]" time="0.019"><skipped type="pytest.xfail" message="Test expected to fail if expected number barriers = 0" /></testcase><testcase classname="imod.tests.test_formats.test_ipf" name="test_read_associated__parameterized_delim[,-,-,-,- ]" time="0.021" /><testcase classname="imod.tests.test_formats.test_ipf" name="test_read_associated__parameterized_delim[,-,-,- -,]" time="0.020" /><testcase classname="imod.tests.test_mf6.test_mf6_hfb" name="test_to_mf6_remove_barrier_parts_adjacent_to_inactive_cells[parameterizable_basic_dis0-0-1.0-2]" time="0.109" /><testcase classname="imod.tests.test_formats.test_ipf" name="test_read_associated__parameterized_delim[,-,-,- - ]" time="0.023" /><testcase classname="imod.tests.test_formats.test_ipf" name="test_read_associated__parameterized_delim[,-,- -,-,]" time="0.019" /><testcase classname="imod.tests.test_mf6.test_ex01_twri" name="test_solver_render" time="0.081" /><testcase classname="imod.tests.test_formats.test_ipf" name="test_read_associated__parameterized_delim[,-,- -,- ]" time="0.018" /><testcase classname="imod.tests.test_formats.test_ipf" name="test_read_associated__parameterized_delim[,-,- - -,]" time="0.020" /><testcase classname="imod.tests.test_formats.test_ipf" name="test_read_associated__parameterized_delim[,-,- - - ]" time="0.023" /><testcase classname="imod.tests.test_mf6.test_mf6_hfb" name="test_to_mf6_remove_barrier_parts_adjacent_to_inactive_cells[parameterizable_basic_dis0-0-2.0-1]" time="0.145" /><testcase classname="imod.tests.test_formats.test_ipf" name="test_read_associated__parameterized_delim[,- -,-,-,]" time="0.020" /><testcase classname="imod.tests.test_mf6.test_mf6_logging" name="test_write_model_is_logged" time="0.807" /><testcase classname="imod.tests.test_formats.test_ipf" name="test_read_associated__parameterized_delim[,- -,-,- ]" time="0.020" /><testcase classname="imod.tests.test_mf6.test_ex01_twri" name="test_gwfmodel_render" time="0.291" /><testcase classname="imod.tests.test_formats.test_ipf" name="test_read_associated__parameterized_delim[,- -,- -,]" time="0.020" /><testcase classname="imod.tests.test_benchmark" name="test_write_basic_flopy" time="3.102" /><testcase classname="imod.tests.test_formats.test_ipf" name="test_read_associated__parameterized_delim[,- -,- - ]" time="0.024" /><testcase classname="imod.tests.test_formats.test_ipf" name="test_read_associated__parameterized_delim[,- - -,-,]" time="0.020" /><testcase classname="imod.tests.test_formats.test_ipf" name="test_read_associated__parameterized_delim[,- - -,- ]" time="0.021" /><testcase classname="imod.tests.test_mf6.test_mf6_hfb" name="test_to_mf6_remove_barrier_parts_adjacent_to_inactive_cells[parameterizable_basic_dis0--1-1.0-2]" time="0.153" /><testcase classname="imod.tests.test_mf6.test_mf6_flopy_compatibility" name="test_readable_by_mf6[True]" time="0.369" /><testcase classname="imod.tests.test_formats.test_ipf" name="test_read_associated__parameterized_delim[,- - - -,]" time="0.023" /><testcase classname="imod.tests.test_formats.test_ipf" name="test_read_associated__parameterized_delim[,- - - - ]" time="0.019" /><testcase classname="imod.tests.test_formats.test_ipf" name="test_read_associated__parameterized_delim[ -,-,-,-,]" time="0.021" /><testcase classname="imod.tests.test_formats.test_ipf" name="test_read_associated__parameterized_delim[ -,-,-,- ]" time="0.023" /><testcase classname="imod.tests.test_formats.test_ipf" name="test_read_associated__parameterized_delim[ -,-,- -,]" time="0.018" /><testcase classname="imod.tests.test_formats.test_ipf" name="test_read_associated__parameterized_delim[ -,-,- - ]" time="0.021" /><testcase classname="imod.tests.test_mf6.test_mf6_hfb" name="test_to_mf6_remove_barrier_parts_adjacent_to_inactive_cells[parameterizable_basic_dis0--1-2.0-1]" time="0.122" /><testcase classname="imod.tests.test_formats.test_ipf" name="test_read_associated__parameterized_delim[ -,- -,-,]" time="0.021" /><testcase classname="imod.tests.test_mf6.test_ex01_twri" name="test_simulation_render" time="0.086" /><testcase classname="imod.tests.test_formats.test_ipf" name="test_read_associated__parameterized_delim[ -,- -,- ]" time="0.029" /><testcase classname="imod.tests.test_formats.test_ipf" name="test_read_associated__parameterized_delim[ -,- - -,]" time="0.029" /><testcase classname="imod.tests.test_formats.test_ipf" name="test_read_associated__parameterized_delim[ -,- - - ]" time="0.029" /><testcase classname="imod.tests.test_mf6.test_mf6_hfb" name="test_is_empty" time="0.015" /><testcase classname="imod.tests.test_mf6.test_ex01_twri" name="test_simulation_write_and_run" time="0.392" /><testcase classname="imod.tests.test_mf6.test_mf6_oc" name="test_oc_write" time="0.020" /><testcase classname="imod.tests.test_mf6.test_mf6_hfb" name="test_set_options[True-parameterizable_basic_dis0]" time="0.112" /><testcase classname="imod.tests.test_mf6.test_mf6_flopy_compatibility" name="test_readable_by_mf6[False]" time="0.352" /><testcase classname="imod.tests.test_mf6.test_mf6_hfb" name="test_set_options[False-parameterizable_basic_dis0]" time="0.119" /><testcase classname="imod.tests.test_mf6.test_mf6_out" name="test_read_disgrb" time="0.340" /><testcase classname="imod.tests.test_mf6.test_ex01_twri" name="test_simulation_write_storage" time="0.689" /><testcase classname="imod.tests.test_mf6.test_mf6_logging" name="test_write_simulation_is_logged" time="2.452" /><testcase classname="imod.tests.test_mf6.test_mf6_out" name="test_open_hds" time="0.468" /><testcase classname="imod.tests.test_mf6.test_ex01_twri" name="test_simulation_wrong_dtype" time="0.225" /><testcase classname="imod.tests.test_mf6.test_mf6_out" name="test_read_cbc_headers" time="0.357" /><testcase classname="imod.tests.test_mf6.test_ex01_twri" name="test_simulation_validate_false" time="0.195" /><testcase classname="imod.tests.test_mf6.test_ex01_twri" name="test_simulation_write_errors" time="0.101" /><testcase classname="imod.tests.test_mf6.test_mf6_out" name="test_read_cbc_headers__transient" time="0.428" /><testcase classname="imod.tests.test_mf6.test_mf6_out" name="test_dis_indices" time="0.002" /><testcase classname="imod.tests.test_mf6.test_mf6_out" name="test_dis_indices__idomain" time="0.002" /><testcase classname="imod.tests.test_mf6.test_ex01_twri" name="test_slice_and_run" time="0.313" /><testcase classname="imod.tests.test_mf6.test_ex01_twri" name="test_slice_and_run_with_state" time="0.594" /><testcase classname="imod.tests.test_mf6.test_mf6_out" name="test_open_cbc__dis" time="0.394" /><testcase classname="imod.tests.test_mf6.test_mf6_logging" name="test_runtime_is_logged" time="0.520" /><testcase classname="imod.tests.test_mf6.test_mf6_out" name="test_open_cbc__dis_transient" time="0.703" /><testcase classname="imod.tests.test_mf6.test_ex01_twri" name="test_slice_and_run_purge_empty_package" time="0.261" /><testcase classname="imod.tests.test_benchmark" name="test_write_basic_imod_binary" time="1.010" /><testcase classname="imod.tests.test_mf6.test_ex01_twri_disv" name="test_simulation_write_and_run" time="0.524" /><testcase classname="imod.tests.test_mf6.test_mf6_out" name="test_open_cbc__dis_datetime" time="0.555" /><testcase classname="imod.tests.test_mf6.test_ex01_twri_disv" name="test_slice_and_run" time="0.471" /><testcase classname="imod.tests.test_mf6.test_exchangebase" name="test_package_name_construct_name" time="0.002" /><testcase classname="imod.tests.test_mf6.test_exchangebase" name="test_package_name_missing_name[None-None-expectation0]" time="0.002" /><testcase classname="imod.tests.test_mf6.test_exchangebase" name="test_package_name_missing_name[testmodel1-None-expectation1]" time="0.002" /><testcase classname="imod.tests.test_mf6.test_exchangebase" name="test_package_name_missing_name[None-testmodel2-expectation2]" time="0.002" /><testcase classname="imod.tests.test_mf6.test_exchangebase" name="test_package_name_missing_name[testmodel1-testmodel2-expectation3]" time="0.002" /><testcase classname="imod.tests.test_mf6.test_exchangebase" name="test_get_specification" time="0.002" /><testcase classname="imod.tests.test_mf6.test_import_prj" name="test_import_constants" time="0.218" /><testcase classname="imod.tests.test_benchmark" name="test_write_basic_imod_text" time="1.218" /><testcase classname="imod.tests.test_mf6.test_mf6_out" name="test_open_cbc__dis_transient_unconfined" time="1.080" /><testcase classname="imod.tests.test_mf6.test_import_prj" name="test_import_idf" time="0.222" /><testcase classname="imod.tests.test_mf6.test_import_prj" name="test_import_idf_transient" time="0.268" /><testcase classname="imod.tests.test_formats.test_disv_conversion" name="test_convert_to_disv[create_trigrid]" time="5.790" /><testcase classname="imod.tests.test_mf6.test_import_prj" name="test_import_gen" time="0.361" /><testcase classname="imod.tests.test_mf6.test_mf6_mask_simulation" name="test_mask_simulation" time="11.398" /><testcase classname="imod.tests.test_mf6.test_import_prj" name="test_import_ipf" time="0.282" /><testcase classname="imod.tests.test_code_checks" name="test_check_modules" time="0.514" /><testcase classname="imod.tests.test_mf6.test_mf6_out" name="test_open_cbc__disv" time="1.000" /><testcase classname="imod.tests.test_mf6.test_import_prj" name="test_import_ipf_unique_id_and_logging" time="0.245" /><testcase classname="imod.tests.test_mf6.test_import_prj" name="test_import_idf_boundary_condition" time="0.311" /><testcase classname="imod.tests.test_mf6.test_mf6_out" name="test_open_cbc__disv_datetime" time="0.113" /><testcase classname="imod.tests.test_common" name="test_starts" time="0.003" /><testcase classname="imod.tests.test_common" name="test_weights" time="0.004" /><testcase classname="imod.tests.test_common" name="test_relative_weights" time="0.002" /><testcase classname="imod.tests.test_common" name="test_area_weighted_methods" time="0.002" /><testcase classname="imod.tests.test_common" name="test_methods" time="0.004" /><testcase classname="imod.tests.test_common" name="test_methods_zeros" time="0.001" /><testcase classname="imod.tests.test_common" name="test_overlap" time="0.001" /><testcase classname="imod.tests.test_common" name="test_reshape" time="0.002" /><testcase classname="imod.tests.test_common" name="test_is_subset" time="0.003" /><testcase classname="imod.tests.test_common" name="test_selection_indices" time="0.002" /><testcase classname="imod.tests.test_common" name="test_slice_src" time="0.008" /><testcase classname="imod.tests.test_common" name="test_define_single_dim_slices" time="0.002" /><testcase classname="imod.tests.test_common" name="test_sel_chunks" time="0.060" /><testcase classname="imod.tests.test_data" name="test_twri_output" time="0.008" /><testcase classname="imod.tests.test_data" name="test_hondsrug_data" time="0.180" /><testcase classname="imod.tests.test_mf6.test_import_prj" name="test_import_no_layer" time="0.279" /><testcase classname="imod.tests.test_interpolate" name="test_interpolate_1d" time="0.013" /><testcase classname="imod.tests.test_interpolate" name="test_interpolate_1d__reversed" time="0.011" /><testcase classname="imod.tests.test_interpolate" name="test_interpolate_1d__beyond_egdes" time="0.011" /><testcase classname="imod.tests.test_interpolate" name="test_interpolate_2d[1]" time="1.162" /><testcase classname="imod.tests.test_mf6.test_ist" name="test_ist_simple" time="0.012" /><testcase classname="imod.tests.test_mf6.test_ist" name="test_ist_elaborate" time="0.021" /><testcase classname="imod.tests.test_mf6.test_mf6_out" name="test_open_cbc__disv_sto" time="1.022" /><testcase classname="imod.tests.test_mf6.test_mf6_absolute_paths" name="test_simulation_writes_full_paths_if_requested" time="0.914" /><testcase classname="imod.tests.test_mf6.test_mf6_pkgbase" name="test_clip_time_indexer__full" time="0.006" /><testcase classname="imod.tests.test_mf6.test_mf6_pkgbase" name="test_clip_time_indexer__after" time="0.010" /><testcase classname="imod.tests.test_mf6.test_mf6_pkgbase" name="test_clip_time_indexer__before" time="0.014" /><testcase classname="imod.tests.test_mf6.test_mf6_pkgbase" name="test_clip_time_indexer__within" time="0.010" /><testcase classname="imod.tests.test_mf6.test_mf6_pkgbase" name="test_clip_repeat_stress__all_repeats" time="0.041" /><testcase classname="imod.tests.test_mf6.test_mf6_pkgbase" name="test_clip_repeat_stress__some_repeats" time="0.030" /><testcase classname="imod.tests.test_mf6.test_mf6_pkgbase" name="test_mask_structured" time="0.021" /><testcase classname="imod.tests.test_mf6.test_mf6_pkgbase" name="test_mask_unstructured" time="0.091" /><testcase classname="imod.tests.test_mf6.test_mf6_pkgbase" name="test_mask_scalar_input" time="0.024" /><testcase classname="imod.tests.test_mf6.test_mf6_pkgbase" name="test_mask_layered_input" time="0.061" /><testcase classname="imod.tests.test_mf6.test_mf6_rch" name="test_render" time="0.013" /><testcase classname="imod.tests.test_mf6.test_mf6_rch" name="test_render_fixed_cell" time="0.008" /><testcase classname="imod.tests.test_mf6.test_mf6_rch" name="test_render_transient" time="0.011" /><testcase classname="imod.tests.test_mf6.test_mf6_rch" name="test_wrong_dtype" time="0.008" /><testcase classname="imod.tests.test_mf6.test_mf6_rch" name="test_no_layer_dim" time="0.008" /><testcase classname="imod.tests.test_mf6.test_mf6_absolute_paths" name="test_uzf_writes_full_paths_if_requested" time="0.104" /><testcase classname="imod.tests.test_mf6.test_mf6_rch" name="test_transient_no_layer_dim" time="0.018" /><testcase classname="imod.tests.test_mf6.test_mf6_rch" name="test_render_concentration" time="0.031" /><testcase classname="imod.tests.test_mf6.test_mf6_rch" name="test_no_layer_coord" time="0.011" /><testcase classname="imod.tests.test_mf6.test_mf6_rch" name="test_scalar" time="0.007" /><testcase classname="imod.tests.test_mf6.test_mf6_rch" name="test_validate_false" time="0.003" /><testcase classname="imod.tests.test_mf6.test_mf6_rch" name="test_write_concentration_period_data" time="0.056" /><testcase classname="imod.tests.test_interpolate" name="test_interpolate_2d[2]" time="0.041" /><testcase classname="imod.tests.test_mf6.test_mf6_adv" name="test_advection_upstream" time="0.003" /><testcase classname="imod.tests.test_mf6.test_mf6_adv" name="test_advection_central" time="0.002" /><testcase classname="imod.tests.test_mf6.test_mf6_adv" name="test_advection_TVD" time="0.002" /><testcase classname="imod.tests.test_mf6.test_mf6_api_package" name="test_render" time="0.005" /><testcase classname="imod.tests.test_mf6.test_mf6_buoy" name="test_buoyancy_package_simple" time="0.008" /><testcase classname="imod.tests.test_interpolate" name="test_interpolate_2d__reversed_y[1]" time="0.058" /><testcase classname="imod.tests.test_mf6.test_mf6_buoy" name="test_buoyancy_package_full" time="0.008" /><testcase classname="imod.tests.test_mf6.test_mf6_rch" name="test_clip_box" time="0.020" /><testcase classname="imod.tests.test_mf6.test_mf6_buoy" name="test_buoyancy_package_update_transport_names" time="0.009" /><testcase classname="imod.tests.test_mf6.test_mf6_buoy" name="test_buoyancy_package_update_transport_names_check" time="0.007" /><testcase classname="imod.tests.test_mf6.test_mf6_chd" name="test_render" time="0.009" /><testcase classname="imod.tests.test_mf6.test_mf6_chd" name="test_from_file" time="0.113" /><testcase classname="imod.tests.test_interpolate" name="test_interpolate_2d__reversed_y[2]" time="0.053" /><testcase classname="imod.tests.test_interpolate" name="test_interpolate_1d__nan_withstartingedge[1]" time="0.036" /><testcase classname="imod.tests.test_interpolate" name="test_interpolate_1d__nan_withstartingedge[2]" time="0.027" /><testcase classname="imod.tests.test_interpolate" name="test_interpolate_1d__nan_withendingedge[1]" time="0.047" /><testcase classname="imod.tests.test_interpolate" name="test_interpolate_1d__nan_withendingedge[2]" time="0.040" /><testcase classname="imod.tests.test_interpolate" name="test_interpolate_2d__over_z[1]" time="0.113" /><testcase classname="imod.tests.test_interpolate" name="test_interpolate_2d__over_z[2]" time="0.065" /><testcase classname="imod.tests.test_mf6.test_mf6_regrid_transport" name="test_regrid_transport[col_row_dimension1]" time="6.659" /><testcase classname="imod.tests.test_interpolate" name="test_interpolate_3d__over_xyz[1]" time="0.119" /><testcase classname="imod.tests.test_mf6.test_mf6_chd" name="test_from_imod5" time="47.032" /><testcase classname="imod.tests.test_interpolate" name="test_interpolate_3d__over_xyz[2]" time="0.061" /><testcase classname="imod.tests.test_mf6.test_mf6_hfb" name="test_hfb_from_imod5" time="63.337" /><testcase classname="imod.tests.test_layer" name="test_get_lower_active_grid[all_active_structured]" time="0.019" /><testcase classname="imod.tests.test_layer" name="test_get_lower_active_grid[all_active_unstructured]" time="0.021" /><testcase classname="imod.tests.test_layer" name="test_get_lower_active_grid[structured]" time="0.023" /><testcase classname="imod.tests.test_layer" name="test_get_lower_active_grid[unstructured]" time="0.025" /><testcase classname="imod.tests.test_layer" name="test_get_upper_active_grid[all_active_structured]" time="0.017" /><testcase classname="imod.tests.test_layer" name="test_get_upper_active_grid[all_active_unstructured]" time="0.022" /><testcase classname="imod.tests.test_layer" name="test_get_upper_active_grid[structured]" time="0.023" /><testcase classname="imod.tests.test_layer" name="test_get_upper_active_grid[unstructured]" time="0.032" /><testcase classname="imod.tests.test_layer" name="test_get_lower_layer_number[all_active_structured]" time="0.016" /><testcase classname="imod.tests.test_layer" name="test_get_lower_layer_number[all_active_unstructured]" time="0.024" /><testcase classname="imod.tests.test_layer" name="test_get_lower_layer_number[structured]" time="0.022" /><testcase classname="imod.tests.test_mf6.test_mf6_generalheadboundary" name="test_from_imod5" time="36.135" /><testcase classname="imod.tests.test_mf6.test_mf6_simulation" name="test_simulation_open_head_relative_path" time="0.637" /><testcase classname="imod.tests.test_mf6.test_mf6_simulation" name="test_simulation_open_flow_budget" time="0.686" /><testcase classname="imod.tests.test_mf6.test_mf6_simulation" name="test_write_circle_model_twice" time="0.718" /><testcase classname="imod.tests.test_mf6.test_mf6_simulation" name="test_simulation_open_concentration_fail" time="0.537" /><testcase classname="imod.tests.test_formats.test_gen" name="test_gen_invalid_feature_string" time="0.002" /><testcase classname="imod.tests.test_formats.test_gen" name="test_gen_invalid_feature_type" time="0.002" /><testcase classname="imod.tests.test_formats.test_gen" name="test_gen_shapely_gen_conversion" time="0.003" /><testcase classname="imod.tests.test_formats.test_gen" name="test_gen_single_feature[point]" time="0.018" /><testcase classname="imod.tests.test_formats.test_gen" name="test_gen_single_feature[line]" time="0.014" /><testcase classname="imod.tests.test_formats.test_gen" name="test_gen_single_feature[polygon]" time="0.019" /><testcase classname="imod.tests.test_formats.test_gen" name="test_gen_single_feature[circle]" time="0.020" /><testcase classname="imod.tests.test_formats.test_gen" name="test_gen_single_feature[rectangle]" time="0.024" /><testcase classname="imod.tests.test_formats.test_gen" name="test_gen_multi_feature" time="0.024" /><testcase classname="imod.tests.test_formats.test_gen" name="test_gen_single_feature__infer_type[point]" time="0.021" /><testcase classname="imod.tests.test_formats.test_gen" name="test_gen_single_feature__infer_type[line]" time="0.017" /><testcase classname="imod.tests.test_formats.test_gen" name="test_gen_single_feature__infer_type[polygon]" time="0.016" /><testcase classname="imod.tests.test_formats.test_gen" name="test_gen_single_feature__infer_type[circle]" time="0.017" /><testcase classname="imod.tests.test_formats.test_gen" name="test_gen_single_feature__infer_type[rectangle]" time="0.020" /><testcase classname="imod.tests.test_formats.test_gen" name="test_gen_column_truncation" time="0.036" /><testcase classname="imod.tests.test_formats.test_gen" name="test_gen_empty_column" time="0.010" /><testcase classname="imod.tests.test_formats.test_gen" name="test_parse_ascii_points" time="0.004" /><testcase classname="imod.tests.test_formats.test_gen" name="test_parse_ascii_segment_linestrings[linestrings_comma_delimited]" time="0.006" /><testcase classname="imod.tests.test_formats.test_gen" name="test_parse_ascii_segment_linestrings[linestring_whitespace_delimited]" time="0.006" /><testcase classname="imod.tests.test_formats.test_gen" name="test_parse_ascii_segment_linestrings[linestring_3d]" time="0.008" /><testcase classname="imod.tests.test_formats.test_gen" name="test_parse_ascii_segment_polygon" time="0.008" /><testcase classname="imod.tests.test_formats.test_gen" name="test_parse_ascii_segment_mixed_topology_error" time="0.005" /><testcase classname="imod.tests.test_formats.test_gen" name="test_read_ascii" time="0.012" /><testcase classname="imod.tests.test_mf6.test_mf6_simulation.TestModflow6Simulation" name="test_write_sets_directory" time="0.032" /><testcase classname="imod.tests.test_formats.test_idf" name="test_open_subdomains[constant-equidistant=True]" time="0.117" /><testcase classname="imod.tests.test_mf6.test_mf6_simulation.TestModflow6Simulation" name="test_write_with_default_arguments_writes_expected_files" time="0.020" /><testcase classname="imod.tests.test_mf6.test_mf6_simulation.TestModflow6Simulation" name="test_write_modflow6model_has_errors_raises_exception" time="0.028" /><testcase classname="imod.tests.test_mf6.test_mf6_simulation.TestModflow6Simulation" name="test_split_simulation_only_has_packages" time="0.052" /><testcase classname="imod.tests.test_formats.test_idf" name="test_open_subdomains[constant-equidistant=False]" time="0.135" /><testcase classname="imod.tests.test_mf6.test_mf6_simulation.TestModflow6Simulation" name="test_split_multiple_flow_models" time="0.128" /><testcase classname="imod.tests.test_formats.test_idf" name="test_open_subdomains[labeled-equidistant=True]" time="0.116" /><testcase classname="imod.tests.test_mf6.test_mf6_simulation.TestModflow6Simulation" name="test_regrid_multiple_flow_models" time="0.093" /><testcase classname="imod.tests.test_formats.test_idf" name="test_open_subdomains[labeled-equidistant=False]" time="0.123" /><testcase classname="imod.tests.test_mf6.test_mf6_simulation.TestModflow6Simulation" name="test_clip_multiple_flow_models" time="0.103" /><testcase classname="imod.tests.test_formats.test_idf" name="test_open_subdomains__start_nr_not_zero[constant-equidistant=True]" time="0.090" /><testcase classname="imod.tests.test_mf6.test_mf6_simulation.TestModflow6Simulation" name="test_exchanges_in_simulation_file" time="1.573" /><testcase classname="imod.tests.test_formats.test_idf" name="test_open_subdomains__start_nr_not_zero[constant-equidistant=False]" time="0.117" /><testcase classname="imod.tests.test_formats.test_idf" name="test_open_subdomains__start_nr_not_zero[labeled-equidistant=True]" time="0.094" /><testcase classname="imod.tests.test_formats.test_idf" name="test_open_subdomains__start_nr_not_zero[labeled-equidistant=False]" time="0.119" /><testcase classname="imod.tests.test_formats.test_idf" name="test_open_subdomains_pattern_None[constant-equidistant=True]" time="0.103" /><testcase classname="imod.tests.test_formats.test_idf" name="test_open_subdomains_pattern_None[constant-equidistant=False]" time="0.120" /><testcase classname="imod.tests.test_mf6.test_mf6_sto" name="test_storage_deprecation_warning" time="0.004" /><testcase classname="imod.tests.test_mf6.test_mf6_sto" name="test_wrong_dtype_sc" time="0.008" /><testcase classname="imod.tests.test_mf6.test_mf6_sto" name="test_wrong_dtype_ss" time="0.008" /><testcase classname="imod.tests.test_mf6.test_mf6_sto" name="test_validate_false" time="0.005" /><testcase classname="imod.tests.test_mf6.test_mf6_sto" name="test_validate_transient_wrong_dtype" time="0.012" /><testcase classname="imod.tests.test_mf6.test_mf6_sto" name="test_validate_transient_wrong_dim" time="0.017" /><testcase classname="imod.tests.test_mf6.test_mf6_sto" name="test_wrong_value_ss" time="0.030" /><testcase classname="imod.tests.test_mf6.test_mf6_sto" name="test_wrong_value_sc" time="0.016" /><testcase classname="imod.tests.test_mf6.test_mf6_sto" name="test_check_nan_in_active_cell" time="0.028" /><testcase classname="imod.tests.test_mf6.test_mf6_simulation.TestModflow6Simulation" name="test_write_exchanges" time="0.382" /><testcase classname="imod.tests.test_mf6.test_mf6_simulation.TestModflow6Simulation" name="test_prevent_split_after_split" time="1.015" /><testcase classname="imod.tests.test_mf6.test_mf6_regrid_transport" name="test_regrid_transport[col_row_dimension2]" time="10.132" /><testcase classname="imod.tests.test_mf6.test_mf6_rch" name="test_planar_rch_from_imod5_constant" time="34.538" /><testcase classname="imod.tests.test_mf6.test_mf6_simulation.TestModflow6Simulation" name="test_prevent_clip_box_after_split" time="0.967" /><testcase classname="imod.tests.test_mf6.test_mf6_simulation.TestModflow6Simulation" name="test_deepcopy" time="0.001" /><testcase classname="imod.tests.test_mf6.test_mf6_simulation.TestModflow6Simulation" name="test_prevent_regrid_like_after_split" time="0.884" /><testcase classname="imod.tests.test_mf6.test_mf6_mask_simulation" name="test_mask_split_simulation" time="3.741" /><testcase classname="imod.tests.test_mf6.test_mf6_mask_simulation" name="test_mask_simulation_different_domains" time="2.209" /><testcase classname="imod.tests.test_mf6.test_mf6_sto" name="test_from_imod5" time="6.969" /><testcase classname="imod.tests.test_mf6.test_mf6_sto" name="test_from_imod5_steady_state" time="0.010" /><testcase classname="imod.tests.test_mf6.test_mf6_timedis" name="test_render" time="0.005" /><testcase classname="imod.tests.test_mf6.test_mf6_timedis" name="test_wrong_dtype" time="0.004" /><testcase classname="imod.tests.test_mf6.test_mf6_timedis" name="test_wrong_dims" time="0.014" /><testcase classname="imod.tests.test_mf6.test_mf6_timedis" name="test_validate_false" time="0.005" /><testcase classname="imod.tests.test_mf6.test_mf6_transport_model" name="test_long_package_name" time="0.004" /><testcase classname="imod.tests.test_mf6.test_mf6_transport_model" name="test_transport_model_rendering" time="0.011" /><testcase classname="imod.tests.test_mf6.test_mf6_transport_model" name="test_assign_flow_discretization" time="0.036" /><testcase classname="imod.tests.test_mf6.test_mf6_transport_model" name="test_flowmodel_validation" time="0.097" /><testcase classname="imod.tests.test_mf6.test_mf6_model" name="test_checks_required_pkgs" time="0.294" /><testcase classname="imod.tests.test_mf6.test_mf6_transport_model" name="test_transport_concentration_loading" time="3.048" /><testcase classname="imod.tests.test_mf6.test_mf6_model" name="test_key_assign" time="0.110" /><testcase classname="imod.tests.test_mf6.test_mf6_model" name="test_circle_roundtrip" time="1.262" /><testcase classname="imod.tests.test_mf6.test_mf6_model.TestModel" name="test_write_valid_model_without_error" time="0.057" /><testcase classname="imod.tests.test_mf6.test_mf6_model.TestModel" name="test_write_without_dis_pkg_return_error" time="0.048" /><testcase classname="imod.tests.test_mf6.test_mf6_model.TestModel" name="test_write_with_invalid_pkg_returns_error" time="0.054" /><testcase classname="imod.tests.test_mf6.test_mf6_model.TestModel" name="test_write_with_two_invalid_pkg_returns_two_errors" time="0.045" /><testcase classname="imod.tests.test_mf6.test_mf6_model.TestModel" name="test_render_newton[False-False]" time="0.027" /><testcase classname="imod.tests.test_mf6.test_mf6_model.TestModel" name="test_render_newton[False-True]" time="0.021" /><testcase classname="imod.tests.test_mf6.test_mf6_model.TestModel" name="test_render_newton[True-False]" time="0.020" /><testcase classname="imod.tests.test_mf6.test_mf6_model.TestModel" name="test_render_newton[True-True]" time="0.020" /><testcase classname="imod.tests.test_mf6.test_mf6_model.TestGroundwaterFlowModel" name="test_clip_box_without_state_for_boundary" time="0.039" /><testcase classname="imod.tests.test_mf6.test_mf6_model.TestGroundwaterFlowModel" name="test_clip_box_with_state_for_boundary" time="0.067" /><testcase classname="imod.tests.test_mf6.test_mf6_model.TestGroundwaterFlowModel" name="test_clip_box_with_unassigned_boundaries_in_original_model" time="0.050" /><testcase classname="imod.tests.test_mf6.test_mf6_simulation" name="test_import_from_imod5" time="551.083" /><testcase classname="imod.tests.test_mf6.test_mf6_model" name="test_purge_empty_package" time="1.089" /><testcase classname="imod.tests.test_mf6.test_mf6_transport_model" name="test_transport_balance_loading" time="2.644" /><testcase classname="imod.tests.test_mf6.test_mf6_riv" name="test_render[structured]" time="0.014" /><testcase classname="imod.tests.test_mf6.test_mf6_riv" name="test_render[unstructured]" time="0.080" /><testcase classname="imod.tests.test_mf6.test_mf6_model" name="test_deepcopy" time="0.606" /><testcase classname="imod.tests.test_mf6.test_mf6_riv" name="test_wrong_dtype[structured]" time="0.013" /><testcase classname="imod.tests.test_mf6.test_mf6_riv" name="test_wrong_dtype[unstructured]" time="0.078" /><testcase classname="imod.tests.test_mf6.test_mf6_riv" name="test_all_nan[structured]" time="0.041" /><testcase classname="imod.tests.test_mf6.test_mf6_riv" name="test_all_nan[unstructured]" time="0.210" /><testcase classname="imod.tests.test_mf6.test_mf6_riv" name="test_inconsistent_nan[structured]" time="0.039" /><testcase classname="imod.tests.test_mf6.test_mf6_riv" name="test_inconsistent_nan[unstructured]" time="0.212" /><testcase classname="imod.tests.test_mf6.test_mf6_model_masking" name="test_masked_model_validation_inactive_cell_pillar" time="3.193" /><testcase classname="imod.tests.test_mf6.test_mf6_riv" name="test_layer_as_coord_in_active_cells[structured]" time="0.060" /><testcase classname="imod.tests.test_mf6.test_mf6_riv" name="test_layer_as_coord_in_active_cells[unstructured]" time="0.181" /><testcase classname="imod.tests.test_mf6.test_mf6_riv" name="test_layer_as_coord_in_inactive_cells[structured]" time="0.043" /><testcase classname="imod.tests.test_mf6.test_mf6_riv" name="test_layer_as_coord_in_inactive_cells[unstructured]" time="0.192" /><testcase classname="imod.tests.test_mf6.test_mf6_riv" name="test_check_layer[structured]" time="0.017" /><testcase classname="imod.tests.test_mf6.test_mf6_riv" name="test_check_layer[unstructured]" time="0.080" /><testcase classname="imod.tests.test_mf6.test_mf6_riv" name="test_check_dimsize_zero" time="0.011" /><testcase classname="imod.tests.test_mf6.test_mf6_riv" name="test_check_zero_conductance[structured]" time="0.037" /><testcase classname="imod.tests.test_mf6.test_mf6_riv" name="test_check_zero_conductance[unstructured]" time="0.214" /><testcase classname="imod.tests.test_mf6.test_mf6_riv" name="test_check_bottom_above_stage[structured]" time="0.036" /><testcase classname="imod.tests.test_mf6.test_mf6_riv" name="test_check_bottom_above_stage[unstructured]" time="0.177" /><testcase classname="imod.tests.test_mf6.test_mf6_riv" name="test_check_riv_bottom_above_dis_bottom[structured]" time="0.060" /><testcas
[...]
-hfb_horizontal_outside_domain]" time="2.787" /><testcase classname="imod.tests.test_mf6.test_multimodel.test_mf6_partitioning_unstructured" name="test_partition_transport[concentric]" time="6.995" /><testcase classname="imod.tests.test_mf6.test_multimodel.test_mf6_partitioning_unstructured" name="test_partitioning_unstructured_hfb[two_parts-hfb_horizontal_origin]" time="2.809" /><testcase classname="imod.tests.test_mf6.test_multimodel.test_mf6_partitioning_structured" name="test_partitioning_structured_hfb[diagonal_array_2-hfb_diagonal]" time="6.385" /><testcase classname="imod.tests.test_mf6.test_multimodel.test_mf6_partitioning_unstructured" name="test_partitioning_unstructured_hfb[two_parts-hfb_diagonal]" time="2.782" /><testcase classname="imod.tests.test_mf6.test_multimodel.test_mf6_partitioning_unstructured" name="test_partitioning_unstructured_hfb[three_parts-hfb_vertical]" time="3.858" /><testcase classname="imod.tests.test_mf6.test_multimodel.test_mf6_partitioning_unstructured" name="test_partition_transport_multispecies[two_parts]" time="9.388" /><testcase classname="imod.tests.test_mf6.test_multimodel.test_mf6_partitioning_structured" name="test_partitioning_structured_hfb[four_squares-hfb_vertical]" time="10.079" /><testcase classname="imod.tests.test_mf6.test_multimodel.test_mf6_partitioning_unstructured" name="test_partitioning_unstructured_hfb[three_parts-hfb_horizontal]" time="3.818" /><testcase classname="imod.tests.test_mf6.test_mf6_dis" name="test_from_imod5_data__validation_error" time="29.646" /><testcase classname="imod.tests.test_mf6.test_multimodel.test_mf6_partitioning_unstructured" name="test_partitioning_unstructured_hfb[three_parts-hfb_horizontal_outside_domain]" time="4.210" /><testcase classname="imod.tests.test_mf6.test_multimodel.test_mf6_partitioning_unstructured" name="test_partition_transport_multispecies[three_parts]" time="14.144" /><testcase classname="imod.tests.test_mf6.test_multimodel.test_mf6_partitioning_unstructured" name="test_partitioning_unstructured_hfb[three_parts-hfb_horizontal_origin]" time="3.802" /><testcase classname="imod.tests.test_mf6.test_multimodel.test_mf6_partitioning_structured" name="test_partitioning_structured_hfb[four_squares-hfb_horizontal]" time="9.899" /><testcase classname="imod.tests.test_mf6.test_multimodel.test_mf6_partitioning_unstructured" name="test_partitioning_unstructured_hfb[three_parts-hfb_diagonal]" time="3.848" /><testcase classname="imod.tests.test_mf6.test_mf6_regrid_model" name="test_model_regridding_can_validate" time="51.384" /><testcase classname="imod.tests.test_mf6.test_multimodel.test_mf6_partitioning_unstructured" name="test_partitioning_unstructured_hfb[concentric-hfb_vertical]" time="0.185"><skipped type="pytest.xfail" message="Combination hfb - partition_array expected to fail." /></testcase><testcase classname="imod.tests.test_mf6.test_multimodel.test_mf6_partitioning_structured" name="test_partitioning_structured_hfb[four_squares-hfb_horizontal_outside_domain]" time="10.036" /><testcase classname="imod.tests.test_mf6.test_multimodel.test_mf6_partitioning_unstructured" name="test_partition_transport_multispecies[concentric]" time="12.330" /><testcase classname="imod.tests.test_mf6.test_multimodel.test_mf6_partitioning_structured" name="test_partitioning_structured_hfb[four_squares-hfb_diagonal]" time="7.256"><skipped type="pytest.xfail" message="Combination hfb - partition_array expected to fail." /></testcase><testcase classname="imod.tests.test_mf6.test_mf6_disv" name="test_zero_thickness_validation" time="0.087" /><testcase classname="imod.tests.test_mf6.test_mf6_drn" name="test_write" time="0.019" /><testcase classname="imod.tests.test_mf6.test_mf6_drn" name="test_wrong_dtype" time="0.016" /><testcase classname="imod.tests.test_mf6.test_mf6_drn" name="test_validate_false" time="0.009" /><testcase classname="imod.tests.test_mf6.test_mf6_drn" name="test_check_conductance_zero" time="0.037" /><testcase classname="imod.tests.test_mf6.test_mf6_drn" name="test_validate_concentration" time="0.090" /><testcase classname="imod.tests.test_mf6.test_mf6_drn" name="test_discontinuous_layer" time="0.018" /><testcase classname="imod.tests.test_mf6.test_mf6_drn" name="test_3d_singelayer" time="0.015" /><testcase classname="imod.tests.test_mf6.test_mf6_drn" name="test_render_concentration" time="0.035" /><testcase classname="imod.tests.test_mf6.test_mf6_drn" name="test_repeat_stress" time="0.029" /><testcase classname="imod.tests.test_mf6.test_mf6_drn" name="test_repeat_stress_old_style" time="0.018" /><testcase classname="imod.tests.test_mf6.test_mf6_drn" name="test_clip_box" time="0.022" /><testcase classname="imod.tests.test_mf6.test_mf6_drn" name="test_clip_box_transient" time="0.045" /><testcase classname="imod.tests.test_mf6.test_mf6_drn" name="test_repr" time="0.021" /><testcase classname="imod.tests.test_mf6.test_mf6_drn" name="test_html_repr" time="0.036" /><testcase classname="imod.tests.test_mf6.test_multimodel.test_mf6_partitioning_unstructured" name="test_slice_model_twice" time="2.825" /><testcase classname="imod.tests.test_mf6.test_multimodel.test_mf6_partitioning_unstructured_discharge" name="test_specific_discharge_results[two_parts]" time="3.914" /><testcase classname="imod.tests.test_mf6.test_multimodel.test_mf6_partitioning_structured" name="test_partitioning_structured_hfb[intrusion-hfb_vertical]" time="8.337" /><testcase classname="imod.tests.test_mf6.test_multimodel.test_mf6_partitioning_unstructured_discharge" name="test_specific_discharge_results[two_parts2]" time="3.617" /><testcase classname="imod.tests.test_mf6.test_mf6_drn" name="test_from_imod5" time="55.607" /><testcase classname="imod.tests.test_mf6.test_multimodel.test_mf6_partitioning_unstructured_discharge" name="test_specific_discharge_results[two_parts3]" time="3.769" /><testcase classname="imod.tests.test_mf6.test_multimodel.test_mf6_partitioning_structured" name="test_partitioning_structured_hfb[intrusion-hfb_horizontal]" time="7.876" /><testcase classname="imod.tests.test_mf6.test_multimodel.test_mf6_partitioning_unstructured_discharge" name="test_specific_discharge_results[two_parts4]" time="3.768" /><testcase classname="imod.tests.test_mf6.test_multimodel.test_mf6_partitioning_unstructured_discharge" name="test_specific_discharge_results[two_parts_inverse]" time="3.677" /><testcase classname="imod.tests.test_mf6.test_multimodel.test_mf6_partitioning_structured" name="test_partitioning_structured_hfb[intrusion-hfb_horizontal_outside_domain]" time="8.457" /><testcase classname="imod.tests.test_mf6.test_multimodel.test_mf6_partitioning_unstructured_discharge" name="test_specific_discharge_results[two_parts_inverse2]" time="3.694" /><testcase classname="imod.tests.test_mf6.test_multimodel.test_mf6_partitioning_unstructured_discharge" name="test_specific_discharge_results[two_parts_inverse3]" time="3.895" /><testcase classname="imod.tests.test_mf6.test_multimodel.test_mf6_partitioning_unstructured_discharge" name="test_specific_discharge_results[two_parts_inverse4]" time="3.547" /><testcase classname="imod.tests.test_mf6.test_multimodel.test_mf6_partitioning_structured" name="test_partitioning_structured_hfb[intrusion-hfb_diagonal]" time="7.090" /><testcase classname="imod.tests.test_mf6.test_multimodel.test_mf6_partitioning_unstructured_discharge" name="test_specific_discharge_results[three_parts]" time="3.910" /><testcase classname="imod.tests.test_mf6.test_mf6_regrid_package" name="test_regrid_structured" time="0.374" /><testcase classname="imod.tests.test_mf6.test_mf6_regrid_package" name="test_regrid_unstructured" time="1.072" /><testcase classname="imod.tests.test_mf6.test_mf6_regrid_package" name="test_regrid_structured_missing_dx_and_dy" time="0.017" /><testcase classname="imod.tests.test_mf6.test_mf6_regrid_package" name="test_regrid" time="0.391" /><testcase classname="imod.tests.test_mf6.test_mf6_regrid_package" name="test_regridding_can_skip_validation" time="4.911" /><testcase classname="imod.tests.test_mf6.test_utilities.test_clip_utilities" name="test_clip_by_grid_convex_grid" time="0.029" /><testcase classname="imod.tests.test_mf6.test_utilities.test_clip_utilities" name="test_clip_by_grid_concave_grid" time="0.026" /><testcase classname="imod.tests.test_mf6.test_utilities.test_clip_utilities" name="test_clip_by_grid_unstructured_grid" time="0.043" /><testcase classname="imod.tests.test_mf6.test_utilities.test_clip_utilities" name="test_clip_by_grid_wrong_grid_type" time="0.003" /><testcase classname="imod.tests.test_mf6.test_utilities.test_clip_utilities" name="test_clip_by_grid_with_line_data_package__structured" time="0.025" /><testcase classname="imod.tests.test_mf6.test_utilities.test_clip_utilities" name="test_clip_by_grid_with_line_data_package__unstructured" time="0.021" /><testcase classname="imod.tests.test_mf6.test_utilities.test_clip_utilities" name="test_clip_by_grid__structured_grid_full" time="0.032" /><testcase classname="imod.tests.test_mf6.test_multimodel.test_mf6_partitioning_structured" name="test_partitioning_structured_hfb[island-hfb_vertical]" time="5.165" /><testcase classname="imod.tests.test_mf6.test_mf6_regrid_package" name="test_regridding_layer_based_array" time="0.016" /><testcase classname="imod.tests.test_mf6.test_mf6_regrid_scheme" name="test_regrid_method[regrid-regrid_method=ConstantHeadRegridMethod]" time="0.002" /><testcase classname="imod.tests.test_mf6.test_mf6_regrid_scheme" name="test_regrid_method[regrid-regrid_method=DiscretizationRegridMethod]" time="0.001" /><testcase classname="imod.tests.test_mf6.test_mf6_regrid_scheme" name="test_regrid_method[regrid-regrid_method=DispersionRegridMethod]" time="0.001" /><testcase classname="imod.tests.test_mf6.test_mf6_regrid_scheme" name="test_regrid_method[regrid-regrid_method=DrainageRegridMethod]" time="0.001" /><testcase classname="imod.tests.test_mf6.test_mf6_regrid_scheme" name="test_regrid_method[regrid-regrid_method=EmptyRegridMethod]" time="0.001" /><testcase classname="imod.tests.test_mf6.test_mf6_regrid_scheme" name="test_regrid_method[regrid-regrid_method=EvapotranspirationRegridMethod]" time="0.001" /><testcase classname="imod.tests.test_mf6.test_mf6_regrid_scheme" name="test_regrid_method[regrid-regrid_method=GeneralHeadBoundaryRegridMethod]" time="0.001" /><testcase classname="imod.tests.test_mf6.test_mf6_regrid_scheme" name="test_regrid_method[regrid-regrid_method=InitialConditionsRegridMethod]" time="0.001" /><testcase classname="imod.tests.test_mf6.test_mf6_regrid_scheme" name="test_regrid_method[regrid-regrid_method=MobileStorageTransferRegridMethod]" time="0.001" /><testcase classname="imod.tests.test_mf6.test_mf6_regrid_scheme" name="test_regrid_method[regrid-regrid_method=NodePropertyFlowRegridMethod]" time="0.001" /><testcase classname="imod.tests.test_mf6.test_mf6_regrid_scheme" name="test_regrid_method[regrid-regrid_method=RechargeRegridMethod]" time="0.001" /><testcase classname="imod.tests.test_mf6.test_mf6_regrid_scheme" name="test_regrid_method[regrid-regrid_method=RiverRegridMethod]" time="0.001" /><testcase classname="imod.tests.test_mf6.test_mf6_regrid_scheme" name="test_regrid_method[regrid-regrid_method=SpecificStorageRegridMethod]" time="0.001" /><testcase classname="imod.tests.test_mf6.test_mf6_regrid_scheme" name="test_regrid_method[regrid-regrid_method=StorageCoefficientRegridMethod]" time="0.001" /><testcase classname="imod.tests.test_mf6.test_mf6_regrid_scheme" name="test_regrid_method_custom[regrid-regrid_method=ConstantHeadRegridMethod-centroid]" time="0.002" /><testcase classname="imod.tests.test_mf6.test_mf6_regrid_scheme" name="test_regrid_method_custom[regrid-regrid_method=ConstantHeadRegridMethod-barycentric]" time="0.002" /><testcase classname="imod.tests.test_mf6.test_mf6_regrid_scheme" name="test_regrid_method_custom[regrid-regrid_method=DiscretizationRegridMethod-centroid]" time="0.002" /><testcase classname="imod.tests.test_mf6.test_mf6_regrid_scheme" name="test_regrid_method_custom[regrid-regrid_method=DiscretizationRegridMethod-barycentric]" time="0.002" /><testcase classname="imod.tests.test_mf6.test_mf6_regrid_scheme" name="test_regrid_method_custom[regrid-regrid_method=DispersionRegridMethod-centroid]" time="0.002" /><testcase classname="imod.tests.test_mf6.test_mf6_regrid_scheme" name="test_regrid_method_custom[regrid-regrid_method=DispersionRegridMethod-barycentric]" time="0.002" /><testcase classname="imod.tests.test_mf6.test_mf6_regrid_scheme" name="test_regrid_method_custom[regrid-regrid_method=DrainageRegridMethod-centroid]" time="0.002" /><testcase classname="imod.tests.test_mf6.test_mf6_regrid_scheme" name="test_regrid_method_custom[regrid-regrid_method=DrainageRegridMethod-barycentric]" time="0.002" /><testcase classname="imod.tests.test_mf6.test_mf6_regrid_scheme" name="test_regrid_method_custom[regrid-regrid_method=EmptyRegridMethod-centroid]" time="0.001" /><testcase classname="imod.tests.test_mf6.test_mf6_regrid_scheme" name="test_regrid_method_custom[regrid-regrid_method=EmptyRegridMethod-barycentric]" time="0.002" /><testcase classname="imod.tests.test_mf6.test_mf6_regrid_scheme" name="test_regrid_method_custom[regrid-regrid_method=EvapotranspirationRegridMethod-centroid]" time="0.004" /><testcase classname="imod.tests.test_mf6.test_multimodel.test_mf6_partitioning_structured" name="test_partitioning_structured_hfb[island-hfb_horizontal]" time="5.175" /><testcase classname="imod.tests.test_mf6.test_multimodel.test_mf6_partitioning_structured" name="test_partitioning_structured_hfb[island-hfb_horizontal_outside_domain]" time="5.469" /><testcase classname="imod.tests.test_mf6.test_mf6_dsp" name="test_dispersion_default" time="0.015" /><testcase classname="imod.tests.test_mf6.test_mf6_dsp" name="test_dispersion_options" time="0.024" /><testcase classname="imod.tests.test_mf6.test_mf6_dsp" name="test_dispersion_erronous_options" time="0.013" /><testcase classname="imod.tests.test_mf6.test_mf6_dsp" name="test_dispersion_layered" time="0.028" /><testcase classname="imod.tests.test_mf6.test_mf6_evt" name="test_render" time="0.047" /><testcase classname="imod.tests.test_mf6.test_mf6_src" name="test_render" time="0.005" /><testcase classname="imod.tests.test_mf6.test_mf6_src" name="test_render_mass_source_transient" time="0.011" /><testcase classname="imod.tests.test_mf6.test_mf6_ssm" name="test_transport_model_rendering" time="0.039" /><testcase classname="imod.tests.test_mf6.test_mf6_ssm" name="test_transport_model_multi_bcs_rendering" time="0.035" /><testcase classname="imod.tests.test_mf6.test_mf6_ssm" name="test_transport_model_rendering_settings" time="0.035" /><testcase classname="imod.tests.test_mf6.test_mf6_ssm" name="test_wrong_dtype" time="0.008" /><testcase classname="imod.tests.test_mf6.test_mf6_statusinfo.TestStatusInfo" name="test_errors_add_message_has_error" time="0.001" /><testcase classname="imod.tests.test_mf6.test_mf6_statusinfo.TestStatusInfo" name="test_errors_add_three_messages_has_three_messages" time="0.001" /><testcase classname="imod.tests.test_mf6.test_mf6_statusinfo.TestNestedStatusInfo" name="test_errors_multiple_children_and_grandchildren_flatten_nested_errors" time="0.001" /><testcase classname="imod.tests.test_mf6.test_mf6_sto" name="test_render_specific_storage_with_specific_yield" time="0.008" /><testcase classname="imod.tests.test_mf6.test_mf6_sto" name="test_render_specific_storage_without_specific_yield" time="0.006" /><testcase classname="imod.tests.test_mf6.test_mf6_sto" name="test_render_specific_storage_save_flows" time="0.008" /><testcase classname="imod.tests.test_mf6.test_mf6_sto" name="test_render_specific_storage_three_periods" time="0.010" /><testcase classname="imod.tests.test_mf6.test_mf6_sto" name="test_render_storage_coefficient" time="0.008" /><testcase classname="imod.tests.test_mf6.test_mf6_sto" name="test_render_storage_coefficient_save_flows" time="0.008" /><testcase classname="imod.tests.test_mf6.test_mf6_uzf" name="test_ivertcon" time="0.023" /><testcase classname="imod.tests.test_mf6.test_mf6_uzf" name="test_checkoptions" time="0.032" /><testcase classname="imod.tests.test_mf6.test_mf6_uzf" name="test_to_sparsedata" time="0.034" /><testcase classname="imod.tests.test_mf6.test_mf6_uzf" name="test_fill_perioddata" time="0.033" /><testcase classname="imod.tests.test_mf6.test_mf6_uzf" name="test_packagedata" time="0.023" /><testcase classname="imod.tests.test_mf6.test_mf6_uzf" name="test_render" time="0.024" /><testcase classname="imod.tests.test_mf6.test_mf6_uzf_model" name="test_simulation_write" time="1.277" /><testcase classname="imod.tests.test_mf6.test_mf6_wel" name="test_to_mf6_pkg__high_lvl_stationary" time="0.063" /><testcase classname="imod.tests.test_mf6.test_mf6_wel" name="test_to_mf6_pkg__validate" time="0.019" /><testcase classname="imod.tests.test_mf6.test_mf6_wel" name="test_to_mf6_pkg__validate_filter_top" time="0.012" /><testcase classname="imod.tests.test_mf6.test_mf6_wel" name="test_to_mf6_pkg__high_lvl_multilevel" time="0.060" /><testcase classname="imod.tests.test_mf6.test_mf6_wel" name="test_to_mf6_pkg__high_lvl_transient" time="0.068" /><testcase classname="imod.tests.test_mf6.test_mf6_wel" name="test_to_mf6_pkg__logging_with_message" time="0.075" /><testcase classname="imod.tests.test_mf6.test_mf6_wel" name="test_to_mf6_pkg__logging_without_message" time="0.088" /><testcase classname="imod.tests.test_mf6.test_mf6_wel" name="test_to_mf6_pkg__save_flows[True-True-True]" time="0.094" /><testcase classname="imod.tests.test_mf6.test_mf6_wel" name="test_to_mf6_pkg__save_flows[True-True-False]" time="0.096" /><testcase classname="imod.tests.test_mf6.test_mf6_wel" name="test_to_mf6_pkg__save_flows[True-False-True]" time="0.093" /><testcase classname="imod.tests.test_mf6.test_mf6_wel" name="test_to_mf6_pkg__save_flows[True-False-False]" time="0.094" /><testcase classname="imod.tests.test_mf6.test_mf6_wel" name="test_to_mf6_pkg__save_flows[False-True-True]" time="0.095" /><testcase classname="imod.tests.test_mf6.test_mf6_wel" name="test_to_mf6_pkg__save_flows[False-True-False]" time="0.093" /><testcase classname="imod.tests.test_mf6.test_mf6_wel" name="test_to_mf6_pkg__save_flows[False-False-True]" time="0.093" /><testcase classname="imod.tests.test_mf6.test_mf6_wel" name="test_to_mf6_pkg__save_flows[False-False-False]" time="0.094" /><testcase classname="imod.tests.test_mf6.test_mf6_wel" name="test_is_empty" time="0.063" /><testcase classname="imod.tests.test_mf6.test_mf6_wel" name="test_clip_box__high_lvl_stationary[clip_xy-parameterizable_basic_dis0]" time="0.041" /><testcase classname="imod.tests.test_mf6.test_mf6_wel" name="test_clip_box__high_lvl_stationary[clip_layer_max-parameterizable_basic_dis0]" time="0.040" /><testcase classname="imod.tests.test_mf6.test_mf6_wel" name="test_clip_box__high_lvl_stationary[clip_layer_min-parameterizable_basic_dis0]" time="0.040" /><testcase classname="imod.tests.test_mf6.test_mf6_wel" name="test_clip_box__high_lvl_stationary[clip_layer_min_layer_max-parameterizable_basic_dis0]" time="0.042" /><testcase classname="imod.tests.test_mf6.test_mf6_wel" name="test_clip_box__high_lvl_stationary[clip_top_is_scalar-parameterizable_basic_dis0]" time="0.040" /><testcase classname="imod.tests.test_mf6.test_mf6_wel" name="test_clip_box__high_lvl_stationary[clip_top_is_non_layered_structuredgrid-parameterizable_basic_dis0]" time="0.044" /><testcase classname="imod.tests.test_mf6.test_mf6_wel" name="test_clip_box__high_lvl_stationary[clip_top_is_layered_structuredgrid-parameterizable_basic_dis0]" time="0.042" /><testcase classname="imod.tests.test_mf6.test_mf6_wel" name="test_clip_box__high_lvl_stationary[clip_top_is_non_layered_unstructuredgrid-parameterizable_basic_dis0]" time="0.070" /><testcase classname="imod.tests.test_mf6.test_mf6_wel" name="test_clip_box__high_lvl_stationary[clip_top_is_layered_unstructuredgrid-parameterizable_basic_dis0]" time="0.068" /></testsuite></testsuites>