<?xml version="1.0" encoding="utf-8"?><testsuites><testsuite name="pytest" errors="0" failures="3" skipped="6" tests="1483" time="1048.396" timestamp="2024-04-11T15:59:05.058537" hostname="L03154"><properties><property name="hypothesis-statistics-imod/tests/test_msw/test_grid_data.py::test_write" value="aW1vZC90ZXN0cy90ZXN0X21zdy90ZXN0X2dyaWRfZGF0YS5weTo6dGVzdF93cml0ZToKCiAgLSBkdXJpbmcgcmV1c2UgcGhhc2UgKDAuMDMgc2Vjb25kcyk6CiAgICAtIFR5cGljYWwgcnVudGltZXM6IH4gMjZtcywgb2Ygd2hpY2ggfiAybXMgaW4gZGF0YSBnZW5lcmF0aW9uCiAgICAtIDEgcGFzc2luZyBleGFtcGxlcywgMCBmYWlsaW5nIGV4YW1wbGVzLCAwIGludmFsaWQgZXhhbXBsZXMKCiAgLSBkdXJpbmcgZ2VuZXJhdGUgcGhhc2UgKDIuNjIgc2Vjb25kcyk6CiAgICAtIFR5cGljYWwgcnVudGltZXM6IH4gMTktMzIgbXMsIG9mIHdoaWNoIH4gMS0zIG1zIGluIGRhdGEgZ2VuZXJhdGlvbgogICAgLSA5OSBwYXNzaW5nIGV4YW1wbGVzLCAwIGZhaWxpbmcgZXhhbXBsZXMsIDAgaW52YWxpZCBleGFtcGxlcwoKICAtIFN0b3BwZWQgYmVjYXVzZSBzZXR0aW5ncy5tYXhfZXhhbXBsZXM9MTAw" /><property name="hypothesis-statistics-imod/tests/test_msw/test_infiltration.py::test_write" value="aW1vZC90ZXN0cy90ZXN0X21zdy90ZXN0X2luZmlsdHJhdGlvbi5weTo6dGVzdF93cml0ZToKCiAgLSBkdXJpbmcgcmV1c2UgcGhhc2UgKDAuMDMgc2Vjb25kcyk6CiAgICAtIFR5cGljYWwgcnVudGltZXM6IH4gMzBtcywgb2Ygd2hpY2ggfiA1bXMgaW4gZGF0YSBnZW5lcmF0aW9uCiAgICAtIDEgcGFzc2luZyBleGFtcGxlcywgMCBmYWlsaW5nIGV4YW1wbGVzLCAwIGludmFsaWQgZXhhbXBsZXMKCiAgLSBkdXJpbmcgZ2VuZXJhdGUgcGhhc2UgKDEuNDEgc2Vjb25kcyk6CiAgICAtIFR5cGljYWwgcnVudGltZXM6IH4gOS0yMSBtcywgb2Ygd2hpY2ggfiAwLTMgbXMgaW4gZGF0YSBnZW5lcmF0aW9uCiAgICAtIDk5IHBhc3NpbmcgZXhhbXBsZXMsIDAgZmFpbGluZyBleGFtcGxlcywgMCBpbnZhbGlkIGV4YW1wbGVzCgogIC0gU3RvcHBlZCBiZWNhdXNlIHNldHRpbmdzLm1heF9leGFtcGxlcz0xMDA=" /></properties><testcase classname="imod.tests.test_assign_wells" name="test_vectorized_overlap" time="0.003" /><testcase classname="imod.tests.test_assign_wells" name="test_compute_overlap" time="0.002" /><testcase classname="imod.tests.test_assign_wells.TestAssignWell" name="test_locate_wells__no_kh[all_in_domain]" time="0.022" /><testcase classname="imod.tests.test_assign_wells.TestAssignWell" name="test_locate_wells[all_in_domain]" time="0.012" /><testcase classname="imod.tests.test_assign_wells.TestAssignWell" name="test_locate_wells_errors[all_in_domain]" time="0.020" /><testcase classname="imod.tests.test_assign_wells.TestAssignWell" name="test_assign_wells_errors[all_in_domain]" time="0.006" /><testcase classname="imod.tests.test_assign_wells.TestAssignWell" name="test_assign_wells__no_kh[all_in_domain]" time="0.033" /><testcase classname="imod.tests.test_assign_wells.TestAssignWell" name="test_assign_wells[all_in_domain]" time="0.023" /><testcase classname="imod.tests.test_assign_wells.TestAssignWell" name="test_assign_wells_minimum_thickness[all_in_domain]" time="0.022" /><testcase classname="imod.tests.test_assign_wells.TestAssignWell" name="test_assign_wells_transient_rate[all_in_domain]" time="0.054" /><testcase classname="imod.tests.test_assign_wells.TestAssignWell" name="test_assign_wells_out_of_domain[mix_wells]" time="0.010" /><testcase classname="imod.tests.test_benchmark" name="test_setup_basic_flopy" time="2.564" /><testcase classname="imod.tests.test_benchmark" name="test_setup_basic_imod" time="1.032" /><testcase classname="imod.tests.test_benchmark" name="test_write_basic_flopy" time="2.072" /><testcase classname="imod.tests.test_benchmark" name="test_write_basic_imod_binary" time="0.891" /><testcase classname="imod.tests.test_benchmark" name="test_write_basic_imod_text" time="1.078" /><testcase classname="imod.tests.test_code_checks" name="test_check_modules" time="0.344" /><testcase classname="imod.tests.test_common" name="test_starts" time="0.001" /><testcase classname="imod.tests.test_common" name="test_weights" time="0.002" /><testcase classname="imod.tests.test_common" name="test_relative_weights" time="0.001" /><testcase classname="imod.tests.test_common" name="test_area_weighted_methods" time="0.001" /><testcase classname="imod.tests.test_common" name="test_methods" time="0.002" /><testcase classname="imod.tests.test_common" name="test_methods_zeros" time="0.001" /><testcase classname="imod.tests.test_common" name="test_overlap" time="0.001" /><testcase classname="imod.tests.test_common" name="test_reshape" time="0.001" /><testcase classname="imod.tests.test_common" name="test_is_subset" time="0.001" /><testcase classname="imod.tests.test_common" name="test_selection_indices" time="0.001" /><testcase classname="imod.tests.test_common" name="test_slice_src" time="0.005" /><testcase classname="imod.tests.test_common" name="test_define_single_dim_slices" time="0.001" /><testcase classname="imod.tests.test_common" name="test_sel_chunks" time="0.031" /><testcase classname="imod.tests.test_data" name="test_twri_output" time="0.011" /><testcase classname="imod.tests.test_data" name="test_hondsrug_data" time="0.269" /><testcase classname="imod.tests.test_interpolate" name="test_interpolate_1d" time="0.010" /><testcase classname="imod.tests.test_interpolate" name="test_interpolate_1d__reversed" time="0.007" /><testcase classname="imod.tests.test_interpolate" name="test_interpolate_1d__beyond_egdes" time="0.006" /><testcase classname="imod.tests.test_interpolate" name="test_interpolate_2d[1]" time="1.075" /><testcase classname="imod.tests.test_interpolate" name="test_interpolate_2d[2]" time="0.032" /><testcase classname="imod.tests.test_interpolate" name="test_interpolate_2d__reversed_y[1]" time="0.042" /><testcase classname="imod.tests.test_interpolate" name="test_interpolate_2d__reversed_y[2]" time="0.033" /><testcase classname="imod.tests.test_interpolate" name="test_interpolate_1d__nan_withstartingedge[1]" time="0.019" /><testcase classname="imod.tests.test_interpolate" name="test_interpolate_1d__nan_withstartingedge[2]" time="0.019" /><testcase classname="imod.tests.test_interpolate" name="test_interpolate_1d__nan_withendingedge[1]" time="0.029" /><testcase classname="imod.tests.test_interpolate" name="test_interpolate_1d__nan_withendingedge[2]" time="0.024" /><testcase classname="imod.tests.test_interpolate" name="test_interpolate_2d__over_z[1]" time="0.068" /><testcase classname="imod.tests.test_interpolate" name="test_interpolate_2d__over_z[2]" time="0.040" /><testcase classname="imod.tests.test_interpolate" name="test_interpolate_3d__over_xyz[1]" time="0.080" /><testcase classname="imod.tests.test_interpolate" name="test_interpolate_3d__over_xyz[2]" time="0.044" /><testcase classname="imod.tests.test_layer" name="test_get_lower_active_grid[all_active_structured]" time="0.011" /><testcase classname="imod.tests.test_layer" name="test_get_lower_active_grid[all_active_unstructured]" time="0.010" /><testcase classname="imod.tests.test_layer" name="test_get_lower_active_grid[structured]" time="0.012" /><testcase classname="imod.tests.test_layer" name="test_get_lower_active_grid[unstructured]" time="0.013" /><testcase classname="imod.tests.test_layer" name="test_get_upper_active_grid[all_active_structured]" time="0.009" /><testcase classname="imod.tests.test_layer" name="test_get_upper_active_grid[all_active_unstructured]" time="0.010" /><testcase classname="imod.tests.test_layer" name="test_get_upper_active_grid[structured]" time="0.011" /><testcase classname="imod.tests.test_layer" name="test_get_upper_active_grid[unstructured]" time="0.013" /><testcase classname="imod.tests.test_layer" name="test_get_lower_layer_number[all_active_structured]" time="0.007" /><testcase classname="imod.tests.test_layer" name="test_get_lower_layer_number[all_active_unstructured]" time="0.009" /><testcase classname="imod.tests.test_layer" name="test_get_lower_layer_number[structured]" time="0.010" /><testcase classname="imod.tests.test_layer" name="test_get_lower_layer_number[unstructured]" time="0.012" /><testcase classname="imod.tests.test_layer" name="test_get_upper_layer_number[all_active_structured]" time="0.007" /><testcase classname="imod.tests.test_layer" name="test_get_upper_layer_number[all_active_unstructured]" time="0.009" /><testcase classname="imod.tests.test_layer" name="test_get_upper_layer_number[structured]" time="0.010" /><testcase classname="imod.tests.test_layer" name="test_get_upper_layer_number[unstructured]" time="0.013" /><testcase classname="imod.tests.test_layerregrid" name="test_layerregridder__mean_1" time="0.007" /><testcase classname="imod.tests.test_layerregrid" name="test_layerregridder__mean_2" time="0.006" /><testcase classname="imod.tests.test_layerregrid" name="test_layerregridder_dst_larger_src" time="0.006" /><testcase classname="imod.tests.test_layerregrid" name="test_layerregridder__mode" time="0.005" /><testcase classname="imod.tests.test_layerregrid" name="test_layerregridder_topbot_nan" time="0.008" /><testcase classname="imod.tests.test_regrid" name="test_make_regrid" time="0.001" /><testcase classname="imod.tests.test_regrid" name="test_regrid_1d" time="0.002" /><testcase classname="imod.tests.test_regrid" name="test_iter_regrid__1d" time="0.002" /><testcase classname="imod.tests.test_regrid" name="test_nd_regrid__1d" time="0.001" /><testcase classname="imod.tests.test_regrid" name="test_nd_regrid__2d__first" time="0.001" /><testcase classname="imod.tests.test_regrid" name="test_nd_regrid__2d__mean" time="0.001" /><testcase classname="imod.tests.test_regrid" name="test_nd_regrid__3d__first" time="0.001" /><testcase classname="imod.tests.test_regrid" name="test_nd_regrid__4d3d__first" time="0.002" /><testcase classname="imod.tests.test_regrid" name="test_regrid_coord" time="0.003" /><testcase classname="imod.tests.test_regrid" name="test_regrid_mean1d" time="0.006" /><testcase classname="imod.tests.test_regrid" name="test_regrid_mean1d__dx_negative" time="0.007" /><testcase classname="imod.tests.test_regrid" name="test_regrid_mean1d__with_time" time="0.010" /><testcase classname="imod.tests.test_regrid" name="test_regrid_mean1d__opposite_dx[1]" time="0.037" /><testcase classname="imod.tests.test_regrid" name="test_regrid_mean1d__opposite_dx[2]" time="0.035" /><testcase classname="imod.tests.test_regrid" name="test_regrid_mean1d__opposite_dx[3]" time="0.026" /><testcase classname="imod.tests.test_regrid" name="test_regrid__coordinate_errors" time="0.004" /><testcase classname="imod.tests.test_regrid" name="test_regrid_mean2d[1]" time="0.083" /><testcase classname="imod.tests.test_regrid" name="test_regrid_mean2d[2]" time="0.043" /><testcase classname="imod.tests.test_regrid" name="test_regrid_mean2d[3]" time="0.044" /><testcase classname="imod.tests.test_regrid" name="test_regrid_mean2d_over3darray[1]" time="0.070" /><testcase classname="imod.tests.test_regrid" name="test_regrid_mean2d_over3darray[2]" time="0.034" /><testcase classname="imod.tests.test_regrid" name="test_regrid_mean2d_over3darray[3]" time="0.033" /><testcase classname="imod.tests.test_regrid" name="test_regrid_conductance2d" time="0.042" /><testcase classname="imod.tests.test_regrid" name="test_regrid_errors" time="0.014" /><testcase classname="imod.tests.test_regrid" name="test_str_method" time="0.015" /><testcase classname="imod.tests.test_regrid" name="test_no_overlap" time="0.007" /><testcase classname="imod.tests.test_reproject" name="test_basic_resample__nearest" time="0.252" /><testcase classname="imod.tests.test_reproject" name="test_basic_resample__bilinear" time="0.027" /><testcase classname="imod.tests.test_reproject" name="test_basic_reproject" time="0.078" /><testcase classname="imod.tests.test_reproject" name="test_reproject__use_src_attrs" time="0.049" /><testcase classname="imod.tests.test_reproject" name="test_reproject_resample" time="0.024" /><testcase classname="imod.tests.test_reproject" name="test_reproject_rotation__via_kwargs" time="0.073" /><testcase classname="imod.tests.test_reproject" name="test_reproject_rotation__use_src_attrs" time="0.047" /><testcase classname="imod.tests.test_spatial" name="test_round_extent" time="0.001" /><testcase classname="imod.tests.test_spatial" name="test_fill" time="0.015" /><testcase classname="imod.tests.test_spatial" name="test_laplace_interpolate" time="0.008" /><testcase classname="imod.tests.test_spatial" name="test_rasterize" time="0.016" /><testcase classname="imod.tests.test_spatial" name="test_polygonize" time="0.006" /><testcase classname="imod.tests.test_spatial" name="test_handle_dtype" time="0.001" /><testcase classname="imod.tests.test_spatial" name="test_gdal_rasterize" time="0.430" /><testcase classname="imod.tests.test_spatial" name="test_private_celltable" time="0.009" /><testcase classname="imod.tests.test_spatial" name="test_celltable" time="0.011" /><testcase classname="imod.tests.test_spatial" name="test_rasterize_table" time="0.004" /><testcase classname="imod.tests.test_spatial" name="test_zonal_aggregate_raster" time="0.066" /><testcase classname="imod.tests.test_spatial" name="test_zonal_aggregate_polygons" time="0.057" /><testcase classname="imod.tests.test_voxelize" name="test_voxelize__mean_1" time="0.008" /><testcase classname="imod.tests.test_voxelize" name="test_voxelize__mean_2" time="0.006" /><testcase classname="imod.tests.test_voxelize" name="test_voxelize__max_overlap_1" time="0.006" /><testcase classname="imod.tests.test_voxelize" name="test_voxelize__max_overlap_2" time="0.006" /><testcase classname="imod.tests.test_couplers.test_metamod" name="test_metamod_init" time="0.001" /><testcase classname="imod.tests.test_evaluate.test_boundaries" name="test_interpolate_value_boundaries_layers" time="0.012" /><testcase classname="imod.tests.test_evaluate.test_boundaries" name="test_interpolate_value_boundaries_layers_dz1d" time="0.012" /><testcase classname="imod.tests.test_evaluate.test_boundaries" name="test_interpolate_value_boundaries2" time="0.011" /><testcase classname="imod.tests.test_evaluate.test_boundaries" name="test_interpolate_value_boundaries_nan" time="0.012" /><testcase classname="imod.tests.test_evaluate.test_boundaries" name="test_interpolate_value_boundaries_voxels" time="0.011" /><testcase classname="imod.tests.test_evaluate.test_boundaries" name="test_interpolate_value_boundaries_scalardz" time="0.011" /><testcase classname="imod.tests.test_evaluate.test_boundaries" name="test_interpolate_value_boundaries_samevalues" time="0.017" /><testcase classname="imod.tests.test_evaluate.test_budget" name="test_flowlower_up" time="0.037" /><testcase classname="imod.tests.test_evaluate.test_budget" name="test_flowlower_down" time="0.041" /><testcase classname="imod.tests.test_evaluate.test_budget" name="test_lower_netzero" time="0.015" /><testcase classname="imod.tests.test_evaluate.test_budget" name="test_lower_right" time="0.016" /><testcase classname="imod.tests.test_evaluate.test_budget" name="test_flow_right_lower_netzero" time="0.016" /><testcase classname="imod.tests.test_evaluate.test_budget" name="test_flow_right_lower" time="0.060" /><testcase classname="imod.tests.test_evaluate.test_budget" name="test_flow_right_lower__aniflow" time="0.037" /><testcase classname="imod.tests.test_evaluate.test_budget" name="test_transient_flow" time="0.023" /><testcase classname="imod.tests.test_evaluate.test_budget" name="test_flowlower_up_big_budgetzonenr" time="0.037" /><testcase classname="imod.tests.test_evaluate.test_constraints" name="test_stability_constraint_wel" time="0.018" /><testcase classname="imod.tests.test_evaluate.test_constraints" name="test_stability_constraint_advection" time="0.041" /><testcase classname="imod.tests.test_evaluate.test_constraints" name="test_intra_cell_boundary_conditions" time="0.118" /><testcase classname="imod.tests.test_evaluate.test_constraints" name="test_intra_cell_boundary_conditions_thickness_zero" time="0.008" /><testcase classname="imod.tests.test_evaluate.test_cross_sections" name="test_streamfunction" time="0.079" /><testcase classname="imod.tests.test_evaluate.test_cross_sections" name="test_quiver" time="0.095" /><testcase classname="imod.tests.test_evaluate.test_head" name="test_convert_pointwaterhead_freshwaterhead_scalar" time="0.001" /><testcase classname="imod.tests.test_evaluate.test_head" name="test_convert_pointwaterhead_freshwaterhead_da" time="0.010" /><testcase classname="imod.tests.test_evaluate.test_head" name="test_calculate_gxg" time="0.040" /><testcase classname="imod.tests.test_evaluate.test_head" name="test_calculate_gxg_nan" time="0.032" /><testcase classname="imod.tests.test_evaluate.test_head" name="test_calculate_gxg_points" time="0.065" /><testcase classname="imod.tests.test_flow.test_flow_ani" name="test_anisotropy" time="0.004" /><testcase classname="imod.tests.test_flow.test_flow_bas" name="test_boundary" time="0.005" /><testcase classname="imod.tests.test_flow.test_flow_bas" name="test_top" time="0.002" /><testcase classname="imod.tests.test_flow.test_flow_bas" name="test_bot" time="0.002" /><testcase classname="imod.tests.test_flow.test_flow_bas" name="test_starting_head" time="0.003" /><testcase classname="imod.tests.test_flow.test_flow_cap" name="test_metaswap_render" time="0.026" /><testcase classname="imod.tests.test_flow.test_flow_cap" name="test_metaswap_pkgcheck" time="0.018" /><testcase classname="imod.tests.test_flow.test_flow_cap" name="test_metaswap_pkgcheck_fail" time="0.019" /><testcase classname="imod.tests.test_flow.test_flow_cap" name="test_check_extra_files_no_files" time="0.018" /><testcase classname="imod.tests.test_flow.test_flow_cap" name="test_check_extra_files_missing_files" time="0.018" /><testcase classname="imod.tests.test_flow.test_flow_chd" name="test_constant_head" time="0.010" /><testcase classname="imod.tests.test_flow.test_flow_chd" name="test_periodic_constant_head" time="0.005" /><testcase classname="imod.tests.test_flow.test_flow_chd" name="test_steady_state_constant_head" time="0.004" /><testcase classname="imod.tests.test_flow.test_flow_conductivity" name="test_horizontal_conductivity" time="0.003" /><testcase classname="imod.tests.test_flow.test_flow_conductivity" name="test_vertical_conductivity" time="0.002" /><testcase classname="imod.tests.test_flow.test_flow_conductivity" name="test_vertical_anisotropy" time="0.002" /><testcase classname="imod.tests.test_flow.test_flow_conductivity" name="test_transmissivity" time="0.002" /><testcase classname="imod.tests.test_flow.test_flow_conductivity" name="test_vertical_resistance" time="0.002" /><testcase classname="imod.tests.test_flow.test_flow_dis" name="test_create_time_discretization" time="0.006" /><testcase classname="imod.tests.test_flow.test_flow_dis" name="test_create_time_discretization_cftime" time="0.007" /><testcase classname="imod.tests.test_flow.test_flow_drn" name="test_drain_transient" time="0.010" /><testcase classname="imod.tests.test_flow.test_flow_drn" name="test_drain_transient_scalar" time="0.009" /><testcase classname="imod.tests.test_flow.test_flow_drn" name="test_drain_transient_scalar_paths" time="0.010" /><testcase classname="imod.tests.test_flow.test_flow_evt" name="test_evapotranspiration_no_time" time="0.002" /><testcase classname="imod.tests.test_flow.test_flow_ghb" name="test_general_head" time="0.009" /><testcase classname="imod.tests.test_flow.test_flow_hfb" name="test_horizontal_flow_barrier_render" time="0.008" /><testcase classname="imod.tests.test_flow.test_flow_model" name="test_compose_all_packages" time="0.035" /><testcase classname="imod.tests.test_flow.test_flow_model" name="test_write_model" time="0.079" /><testcase classname="imod.tests.test_flow.test_flow_model" name="test_write_model_no_oc" time="0.027" /><testcase classname="imod.tests.test_flow.test_flow_model" name="test_write_model_metaswap" time="0.114" /><testcase classname="imod.tests.test_flow.test_flow_model" name="test_write_model_horizontal_flow_barrier" time="0.094" /><testcase classname="imod.tests.test_flow.test_flow_model" name="test_compose_periods" time="0.005" /><testcase classname="imod.tests.test_flow.test_flow_model" name="test_render_periods" time="0.003" /><testcase classname="imod.tests.test_flow.test_flow_model" name="test_write_model_periodic" time="0.077" /><testcase classname="imod.tests.test_flow.test_flow_model" name="test_convert_to_runfile" time="0.076" /><testcase classname="imod.tests.test_flow.test_flow_model" name="test_convert_to_mf2005" time="0.076" /><testcase classname="imod.tests.test_flow.test_flow_model" name="test_convert_to_mf6" time="0.075" /><testcase classname="imod.tests.test_flow.test_flow_model" name="test_wrong_convert_setting" time="0.004" /><testcase classname="imod.tests.test_flow.test_flow_oc" name="test_compose_oc_configuration_no_layers" time="0.003" /><testcase classname="imod.tests.test_flow.test_flow_oc" name="test_compose_oc_configuration_all_layers" time="0.003" /><testcase classname="imod.tests.test_flow.test_flow_oc" name="test_compose_oc_configuration_layers" time="0.006" /><testcase classname="imod.tests.test_flow.test_flow_pkggroups" name="test_group_rendered_no_time" time="0.008" /><testcase classname="imod.tests.test_flow.test_flow_pkggroups" name="test_group_rendered_mixed_time_no_time" time="0.012" /><testcase classname="imod.tests.test_flow.test_flow_pkggroups" name="test_group_rendered" time="0.009" /><testcase classname="imod.tests.test_flow.test_flow_pkggroups" name="test_group_synchronize_times_rendered" time="0.006" /><testcase classname="imod.tests.test_flow.test_flow_pkggroups" name="test_two_wels" time="0.014" /><testcase classname="imod.tests.test_flow.test_flow_rch" name="test_recharge_no_time" time="0.002" /><testcase classname="imod.tests.test_flow.test_flow_riv" name="test_river" time="0.013" /><testcase classname="imod.tests.test_flow.test_flow_sto" name="test_storage_coefficient" time="0.003" /><testcase classname="imod.tests.test_flow.test_flow_sto" name="test_specific_storage" time="0.002" /><testcase classname="imod.tests.test_flow.test_flow_timeutil" name="test_insert_unique_package_times" time="0.010" /><testcase classname="imod.tests.test_flow.test_flow_timeutil" name="test_insert_unique_package_times_overlap" time="0.004" /><testcase classname="imod.tests.test_flow.test_flow_timeutil" name="test_insert_unique_package_times_manual_insert" time="0.004" /><testcase classname="imod.tests.test_flow.test_flow_wel" name="test_wel" time="0.009" /><testcase classname="imod.tests.test_formats.test_array_io" name="test_to_nan" time="0.001" /><testcase classname="imod.tests.test_formats.test_array_io" name="test_check_cellsizes" time="0.001" /><testcase classname="imod.tests.test_formats.test_array_io" name="test_has_dim" time="0.001" /><testcase classname="imod.tests.test_formats.test_array_io" name="test_save__dims_error[float32-kind0]" time="0.004" /><testcase classname="imod.tests.test_formats.test_array_io" name="test_save__dims_error[float32-kind1]" time="0.003" /><testcase classname="imod.tests.test_formats.test_array_io" name="test_saveopen__steady[float32-kind0]" time="0.041" /><testcase classname="imod.tests.test_formats.test_array_io" name="test_saveopen__steady[float32-kind1]" time="0.031" /><testcase classname="imod.tests.test_formats.test_array_io" name="test_saveopen[float32-kind0]" time="0.030" /><testcase classname="imod.tests.test_formats.test_array_io" name="test_saveopen[float32-kind1]" time="0.022" /><testcase classname="imod.tests.test_formats.test_array_io" name="test_saveopen__paths[float32-kind0]" time="0.035" /><testcase classname="imod.tests.test_formats.test_array_io" name="test_saveopen__paths[float32-kind1]" time="0.024" /><testcase classname="imod.tests.test_formats.test_array_io" name="test_lazy[float32]" time="0.007" /><testcase classname="imod.tests.test_formats.test_array_io" name="test_save__dims_error[float64-kind0]" time="0.003" /><testcase classname="imod.tests.test_formats.test_array_io" name="test_save__dims_error[float64-kind1]" time="0.003" /><testcase classname="imod.tests.test_formats.test_array_io" name="test_saveopen__steady[float64-kind0]" time="0.040" /><testcase classname="imod.tests.test_formats.test_array_io" name="test_saveopen__steady[float64-kind1]" time="0.033" /><testcase classname="imod.tests.test_formats.test_array_io" name="test_saveopen[float64-kind0]" time="0.031" /><testcase classname="imod.tests.test_formats.test_array_io" name="test_saveopen[float64-kind1]" time="0.024" /><testcase classname="imod.tests.test_formats.test_array_io" name="test_saveopen__paths[float64-kind0]" time="0.033" /><testcase classname="imod.tests.test_formats.test_array_io" name="test_saveopen__paths[float64-kind1]" time="0.023" /><testcase classname="imod.tests.test_formats.test_array_io" name="test_lazy[float64]" time="0.007" /><testcase classname="imod.tests.test_formats.test_array_io" name="test_saveopen__descending_layer[kind0]" time="0.061" /><testcase classname="imod.tests.test_formats.test_array_io" name="test_saveopen__descending_layer[kind1]" time="0.037" /><testcase classname="imod.tests.test_formats.test_array_io" name="test_save__int32coords[float32-kind0]" time="0.009" /><testcase classname="imod.tests.test_formats.test_array_io" name="test_save__int32coords[float32-kind1]" time="0.007" /><testcase classname="imod.tests.test_formats.test_array_io" name="test_save__int32coords[float64-kind0]" time="0.009" /><testcase classname="imod.tests.test_formats.test_array_io" name="test_save__int32coords[float64-kind1]" time="0.007" /><testcase classname="imod.tests.test_formats.test_array_io" name="test_saveopen__nptime[float32-kind0]" time="0.107" /><testcase classname="imod.tests.test_formats.test_array_io" name="test_saveopen__nptime[float32-kind1]" time="0.060" /><testcase classname="imod.tests.test_formats.test_array_io" name="test_saveopen__timecoord[float32-kind0]" time="0.021" /><testcase classname="imod.tests.test_formats.test_array_io" name="test_saveopen__timecoord[float32-kind1]" time="0.017" /><testcase classname="imod.tests.test_formats.test_array_io" name="test_saveopen__timecoordsteady[float32-kind0]" time="0.021" /><testcase classname="imod.tests.test_formats.test_array_io" name="test_saveopen__timecoordsteady[float32-kind1]" time="0.017" /><testcase classname="imod.tests.test_formats.test_array_io" name="test_saveopen__cftime_withinbounds[float32-kind0]" time="0.062" /><testcase classname="imod.tests.test_formats.test_array_io" name="test_saveopen__cftime_withinbounds[float32-kind1]" time="0.034" /><testcase classname="imod.tests.test_formats.test_array_io" name="test_saveopen__nptime[float64-kind0]" time="0.105" /><testcase classname="imod.tests.test_formats.test_array_io" name="test_saveopen__nptime[float64-kind1]" time="0.064" /><testcase classname="imod.tests.test_formats.test_array_io" name="test_saveopen__timecoord[float64-kind0]" time="0.021" /><testcase classname="imod.tests.test_formats.test_array_io" name="test_saveopen__timecoord[float64-kind1]" time="0.017" /><testcase classname="imod.tests.test_formats.test_array_io" name="test_saveopen__timecoordsteady[float64-kind0]" time="0.021" /><testcase classname="imod.tests.test_formats.test_array_io" name="test_saveopen__timecoordsteady[float64-kind1]" time="0.017" /><testcase classname="imod.tests.test_formats.test_array_io" name="test_saveopen__cftime_withinbounds[float64-kind0]" time="0.064" /><testcase classname="imod.tests.test_formats.test_array_io" name="test_saveopen__cftime_withinbounds[float64-kind1]" time="0.040" /><testcase classname="imod.tests.test_formats.test_array_io" name="test_saveopen__cftime_outofbounds[float32-kind0]" time="0.096" /><testcase classname="imod.tests.test_formats.test_array_io" name="test_saveopen__cftime_outofbounds[float32-kind1]" time="0.056" /><testcase classname="imod.tests.test_formats.test_array_io" name="test_saveopen__cftime_nodim[float32-kind0]" time="0.016" /><testcase classname="imod.tests.test_formats.test_array_io" name="test_saveopen__cftime_nodim[float32-kind1]" time="0.011" /><testcase classname="imod.tests.test_formats.test_array_io" name="test_saveopen__cftime_outofbounds[float64-kind0]" time="0.099" /><testcase classname="imod.tests.test_formats.test_array_io" name="test_saveopen__cftime_outofbounds[float64-kind1]" time="0.059" /><testcase classname="imod.tests.test_formats.test_array_io" name="test_saveopen__cftime_nodim[float64-kind0]" time="0.017" /><testcase classname="imod.tests.test_formats.test_array_io" name="test_saveopen__cftime_nodim[float64-kind1]" time="0.012" /><testcase classname="imod.tests.test_formats.test_array_io" name="test_saveopen_sorting_headers_paths[kind0]" time="0.134" /><testcase classname="imod.tests.test_formats.test_array_io" name="test_saveopen_sorting_headers_paths[kind1]" time="0.063" /><testcase classname="imod.tests.test_formats.test_array_io" name="test_saveopen_timelayer[kind0]" time="0.153" /><testcase classname="imod.tests.test_formats.test_array_io" name="test_saveopen_timelayer[kind1]" time="0.082" /><testcase classname="imod.tests.test_formats.test_array_io" name="test_saveopen_timelayer_chunks[kind0]" time="0.206" /><testcase classname="imod.tests.test_formats.test_array_io" name="test_saveopen_timelayer_chunks[kind1]" time="0.139" /><testcase classname="imod.tests.test_formats.test_disv_conversion" name="test_convert_to_disv[create_quadgrid]" time="0.338"><failure message="KeyError: &quot;'factor'. Errored while opening/reading data entries for: (chd)&quot;">path = Path('C:/Users/slooten/AppData/Local/Temp/pytest-of-slooten/pytest-438/test_convert_to_disv_create_qu0/imodflow/imodflow.prj')

    def open_projectfile_data(path: FilePath) -&gt; Dict[str, Any]:
        """
        Read the contents of an iMOD project file and read/open the data present in
        it:
    
        * IDF data is lazily loaded into xarray.DataArrays.
        * GEN data is eagerly loaded into geopandas.GeoDataFrames
        * IPF data is eagerly loaded into pandas.DataFrames
        * Non-file based entries (such as the PCG settings) are kept as a dictionary.
    
        When multiple systems are present, they are numbered starting from one, e.g.:
    
        * drn-1
        * drn-2
    
        Xarray requires valid dates for the time coordinate. Aliases such as
        "summer" and "winter" that are associated with dates in the project file
        Periods block cannot be used in the time coordinate. Hence, this function
        will instead insert the dates associated with the aliases, with the year
        replaced by 1899; as the iMOD calendar starts at 1900, this ensures that
        the repeats are always first and that no date collisions will occur.
    
        Parameters
        ----------
        path: pathlib.Path or str.
    
        Returns
        -------
        data: Dict[str, Any]
        Keys are the iMOD project file "topics", without parentheses.
        """
        content = read_projectfile(path)
        periods_block = content.pop("periods", None)
        if periods_block is None:
            periods = {}
        else:
            # Set the year of a repeat date to 1899: this ensures it falls outside
            # of the iMOD calendar. Collisions are then always avoided.
            periods = {
                key: _process_time(time, yearfirst=False).replace(year=1899)
                for key, time in periods_block.items()
            }
    
        # Pop species block, at the moment we do not do much with,
        # since most regional models are without solute transport
        content.pop("species", None)
    
        has_topbot = "(top)" in content and "(bot)" in content
        prj_data = {}
        repeat_stress = {}
        for key, block_content in content.items():
            repeats = None
            try:
                if key == "(hfb)":
                    data = _read_package_gen(block_content, has_topbot)
                elif key == "(wel)":
                    data, repeats = _read_package_ipf(block_content, periods)
                elif key == "(cap)":
                    variables = set(METASWAP_VARS).intersection(block_content.keys())
                    data = _open_package_idf(block_content, variables)
                elif key in ("extra", "(pcg)"):
                    data = [block_content]
                elif key in KEYS:
                    variables = KEYS[key]
                    data = _open_package_idf(block_content, variables)
                elif key in DATE_KEYS:
                    variables = DATE_KEYS[key]
&gt;                   data, repeats = _open_boundary_condition_idf(
                        block_content, variables, periods
                    )

..\formats\prj\prj.py:939: 
_ _ _ _ _ _ _ _ _ _ _ _ _ _ _ _ _ _ _ _ _ _ _ _ _ _ _ _ _ _ _ _ _ _ _ _ _ _ _ _ _ _ _ _ _ _ _ _ _ _ _ _ _ _ _ _ _ _ _ _
..\formats\prj\prj.py:719: in _open_boundary_condition_idf
    das[i][variable] = _create_dataarray(paths, headers, values)
..\formats\prj\prj.py:559: in _create_dataarray
    da = apply_factor_and_addition(headers, da)
_ _ _ _ _ _ _ _ _ _ _ _ _ _ _ _ _ _ _ _ _ _ _ _ _ _ _ _ _ _ _ _ _ _ _ _ _ _ _ _ _ _ _ _ _ _ _ _ _ _ _ _ _ _ _ _ _ _ _ _

headers = [{'dims': ('time', 'layer'), 'directory': Path('C:/Users/slooten/AppData/Local/Temp/pytest-of-slooten/pytest-438/test_...ytest-of-slooten/pytest-438/test_convert_to_disv_create_qu0/imodflow/chd'), 'dtype': 'float32', 'dx': 100.0, ...}, ...]
da = &lt;xarray.DataArray 'head' (time: 11, layer: 1, y: 9, x: 9)&gt; Size: 4kB
dask.array&lt;stack, shape=(11, 1, 9, 9), dtype=floa...4 8B -100.0
  * time     (time) datetime64[ns] 88B 2018-01-01 2018-02-01 ... 2018-11-01
  * layer    (layer) int32 4B 1

    def apply_factor_and_addition(headers, da):
        nlayers = len(da.coords["layer"])
        for ilayer in range(nlayers):
&gt;           factor = headers[ilayer]["factor"]
E           KeyError: 'factor'

..\formats\prj\prj.py:566: KeyError

During handling of the above exception, another exception occurred:

imodflow_model = {'pcg': &lt;imod.flow.slv.PreconditionedConjugateGradientSolver object at 0x0000014FC6A15710&gt;, 'bnd': &lt;imod.flow.bas.Boun... object at 0x0000014FC7AF7750&gt;, 'time_discretization': &lt;imod.flow.dis.TimeDiscretization object at 0x0000014FC8646310&gt;}
tmp_path = Path('C:/Users/slooten/AppData/Local/Temp/pytest-of-slooten/pytest-438/test_convert_to_disv_create_qu0')
create_grid = &lt;function create_quadgrid at 0x0000014FC2B7E020&gt;

    @pytest.mark.skipif(xu_version_to_skip, reason="xugrid == 0.5.0 | xugrid &lt; 0.4.0")
    @pytest.mark.usefixtures("imodflow_model")
    @pytest.mark.parametrize("create_grid", [create_quadgrid, create_trigrid])
    def test_convert_to_disv(imodflow_model, tmp_path, create_grid):
        imodflow_model.write(tmp_path / "imodflow")
    
&gt;       data, repeats = imod.prj.open_projectfile_data(tmp_path / "imodflow/imodflow.prj")

test_formats\test_disv_conversion.py:34: 
_ _ _ _ _ _ _ _ _ _ _ _ _ _ _ _ _ _ _ _ _ _ _ _ _ _ _ _ _ _ _ _ _ _ _ _ _ _ _ _ _ _ _ _ _ _ _ _ _ _ _ _ _ _ _ _ _ _ _ _

path = Path('C:/Users/slooten/AppData/Local/Temp/pytest-of-slooten/pytest-438/test_convert_to_disv_create_qu0/imodflow/imodflow.prj')

    def open_projectfile_data(path: FilePath) -&gt; Dict[str, Any]:
        """
        Read the contents of an iMOD project file and read/open the data present in
        it:
    
        * IDF data is lazily loaded into xarray.DataArrays.
        * GEN data is eagerly loaded into geopandas.GeoDataFrames
        * IPF data is eagerly loaded into pandas.DataFrames
        * Non-file based entries (such as the PCG settings) are kept as a dictionary.
    
        When multiple systems are present, they are numbered starting from one, e.g.:
    
        * drn-1
        * drn-2
    
        Xarray requires valid dates for the time coordinate. Aliases such as
        "summer" and "winter" that are associated with dates in the project file
        Periods block cannot be used in the time coordinate. Hence, this function
        will instead insert the dates associated with the aliases, with the year
        replaced by 1899; as the iMOD calendar starts at 1900, this ensures that
        the repeats are always first and that no date collisions will occur.
    
        Parameters
        ----------
        path: pathlib.Path or str.
    
        Returns
        -------
        data: Dict[str, Any]
        Keys are the iMOD project file "topics", without parentheses.
        """
        content = read_projectfile(path)
        periods_block = content.pop("periods", None)
        if periods_block is None:
            periods = {}
        else:
            # Set the year of a repeat date to 1899: this ensures it falls outside
            # of the iMOD calendar. Collisions are then always avoided.
            periods = {
                key: _process_time(time, yearfirst=False).replace(year=1899)
                for key, time in periods_block.items()
            }
    
        # Pop species block, at the moment we do not do much with,
        # since most regional models are without solute transport
        content.pop("species", None)
    
        has_topbot = "(top)" in content and "(bot)" in content
        prj_data = {}
        repeat_stress = {}
        for key, block_content in content.items():
            repeats = None
            try:
                if key == "(hfb)":
                    data = _read_package_gen(block_content, has_topbot)
                elif key == "(wel)":
                    data, repeats = _read_package_ipf(block_content, periods)
                elif key == "(cap)":
                    variables = set(METASWAP_VARS).intersection(block_content.keys())
                    data = _open_package_idf(block_content, variables)
                elif key in ("extra", "(pcg)"):
                    data = [block_content]
                elif key in KEYS:
                    variables = KEYS[key]
                    data = _open_package_idf(block_content, variables)
                elif key in DATE_KEYS:
                    variables = DATE_KEYS[key]
                    data, repeats = _open_boundary_condition_idf(
                        block_content, variables, periods
                    )
                else:
                    raise KeyError(f"Unsupported key: '{key}'")
            except Exception as e:
&gt;               raise type(e)(f"{e}. Errored while opening/reading data entries for: {key}")
E               KeyError: "'factor'. Errored while opening/reading data entries for: (chd)"

..\formats\prj\prj.py:945: KeyError</failure></testcase><testcase classname="imod.tests.test_formats.test_disv_conversion" name="test_convert_to_disv[create_trigrid]" time="0.306"><failure message="KeyError: &quot;'factor'. Errored while opening/reading data entries for: (chd)&quot;">path = Path('C:/Users/slooten/AppData/Local/Temp/pytest-of-slooten/pytest-438/test_convert_to_disv_create_tr0/imodflow/imodflow.prj')

    def open_projectfile_data(path: FilePath) -&gt; Dict[str, Any]:
        """
        Read the contents of an iMOD project file and read/open the data present in
        it:
    
        * IDF data is lazily loaded into xarray.DataArrays.
        * GEN data is eagerly loaded into geopandas.GeoDataFrames
        * IPF data is eagerly loaded into pandas.DataFrames
        * Non-file based entries (such as the PCG settings) are kept as a dictionary.
    
        When multiple systems are present, they are numbered starting from one, e.g.:
    
        * drn-1
        * drn-2
    
        Xarray requires valid dates for the time coordinate. Aliases such as
        "summer" and "winter" that are associated with dates in the project file
        Periods block cannot be used in the time coordinate. Hence, this function
        will instead insert the dates associated with the aliases, with the year
        replaced by 1899; as the iMOD calendar starts at 1900, this ensures that
        the repeats are always first and that no date collisions will occur.
    
        Parameters
        ----------
        path: pathlib.Path or str.
    
        Returns
        -------
        data: Dict[str, Any]
        Keys are the iMOD project file "topics", without parentheses.
        """
        content = read_projectfile(path)
        periods_block = content.pop("periods", None)
        if periods_block is None:
            periods = {}
        else:
            # Set the year of a repeat date to 1899: this ensures it falls outside
            # of the iMOD calendar. Collisions are then always avoided.
            periods = {
                key: _process_time(time, yearfirst=False).replace(year=1899)
                for key, time in periods_block.items()
            }
    
        # Pop species block, at the moment we do not do much with,
        # since most regional models are without solute transport
        content.pop("species", None)
    
        has_topbot = "(top)" in content and "(bot)" in content
        prj_data = {}
        repeat_stress = {}
        for key, block_content in content.items():
            repeats = None
            try:
                if key == "(hfb)":
                    data = _read_package_gen(block_content, has_topbot)
                elif key == "(wel)":
                    data, repeats = _read_package_ipf(block_content, periods)
                elif key == "(cap)":
                    variables = set(METASWAP_VARS).intersection(block_content.keys())
                    data = _open_package_idf(block_content, variables)
                elif key in ("extra", "(pcg)"):
                    data = [block_content]
                elif key in KEYS:
                    variables = KEYS[key]
                    data = _open_package_idf(block_content, variables)
                elif key in DATE_KEYS:
                    variables = DATE_KEYS[key]
&gt;                   data, repeats = _open_boundary_condition_idf(
                        block_content, variables, periods
                    )

..\formats\prj\prj.py:939: 
_ _ _ _ _ _ _ _ _ _ _ _ _ _ _ _ _ _ _ _ _ _ _ _ _ _ _ _ _ _ _ _ _ _ _ _ _ _ _ _ _ _ _ _ _ _ _ _ _ _ _ _ _ _ _ _ _ _ _ _
..\formats\prj\prj.py:719: in _open_boundary_condition_idf
    das[i][variable] = _create_dataarray(paths, headers, values)
..\formats\prj\prj.py:559: in _create_dataarray
    da = apply_factor_and_addition(headers, da)
_ _ _ _ _ _ _ _ _ _ _ _ _ _ _ _ _ _ _ _ _ _ _ _ _ _ _ _ _ _ _ _ _ _ _ _ _ _ _ _ _ _ _ _ _ _ _ _ _ _ _ _ _ _ _ _ _ _ _ _

headers = [{'dims': ('time', 'layer'), 'directory': Path('C:/Users/slooten/AppData/Local/Temp/pytest-of-slooten/pytest-438/test_...ytest-of-slooten/pytest-438/test_convert_to_disv_create_tr0/imodflow/chd'), 'dtype': 'float32', 'dx': 100.0, ...}, ...]
da = &lt;xarray.DataArray 'head' (time: 11, layer: 1, y: 9, x: 9)&gt; Size: 4kB
dask.array&lt;stack, shape=(11, 1, 9, 9), dtype=floa...4 8B -100.0
  * time     (time) datetime64[ns] 88B 2018-01-01 2018-02-01 ... 2018-11-01
  * layer    (layer) int32 4B 1

    def apply_factor_and_addition(headers, da):
        nlayers = len(da.coords["layer"])
        for ilayer in range(nlayers):
&gt;           factor = headers[ilayer]["factor"]
E           KeyError: 'factor'

..\formats\prj\prj.py:566: KeyError

During handling of the above exception, another exception occurred:

imodflow_model = {'pcg': &lt;imod.flow.slv.PreconditionedConjugateGradientSolver object at 0x0000014FC6A15710&gt;, 'bnd': &lt;imod.flow.bas.Boun... object at 0x0000014FC7AF7750&gt;, 'time_discretization': &lt;imod.flow.dis.TimeDiscretization object at 0x0000014FC8646310&gt;}
tmp_path = Path('C:/Users/slooten/AppData/Local/Temp/pytest-of-slooten/pytest-438/test_convert_to_disv_create_tr0')
create_grid = &lt;function create_trigrid at 0x0000014FC2B7E0C0&gt;

    @pytest.mark.skipif(xu_version_to_skip, reason="xugrid == 0.5.0 | xugrid &lt; 0.4.0")
    @pytest.mark.usefixtures("imodflow_model")
    @pytest.mark.parametrize("create_grid", [create_quadgrid, create_trigrid])
    def test_convert_to_disv(imodflow_model, tmp_path, create_grid):
        imodflow_model.write(tmp_path / "imodflow")
    
&gt;       data, repeats = imod.prj.open_projectfile_data(tmp_path / "imodflow/imodflow.prj")

test_formats\test_disv_conversion.py:34: 
_ _ _ _ _ _ _ _ _ _ _ _ _ _ _ _ _ _ _ _ _ _ _ _ _ _ _ _ _ _ _ _ _ _ _ _ _ _ _ _ _ _ _ _ _ _ _ _ _ _ _ _ _ _ _ _ _ _ _ _

path = Path('C:/Users/slooten/AppData/Local/Temp/pytest-of-slooten/pytest-438/test_convert_to_disv_create_tr0/imodflow/imodflow.prj')

    def open_projectfile_data(path: FilePath) -&gt; Dict[str, Any]:
        """
        Read the contents of an iMOD project file and read/open the data present in
        it:
    
        * IDF data is lazily loaded into xarray.DataArrays.
        * GEN data is eagerly loaded into geopandas.GeoDataFrames
        * IPF data is eagerly loaded into pandas.DataFrames
        * Non-file based entries (such as the PCG settings) are kept as a dictionary.
    
        When multiple systems are present, they are numbered starting from one, e.g.:
    
        * drn-1
        * drn-2
    
        Xarray requires valid dates for the time coordinate. Aliases such as
        "summer" and "winter" that are associated with dates in the project file
        Periods block cannot be used in the time coordinate. Hence, this function
        will instead insert the dates associated with the aliases, with the year
        replaced by 1899; as the iMOD calendar starts at 1900, this ensures that
        the repeats are always first and that no date collisions will occur.
    
        Parameters
        ----------
        path: pathlib.Path or str.
    
        Returns
        -------
        data: Dict[str, Any]
        Keys are the iMOD project file "topics", without parentheses.
        """
        content = read_projectfile(path)
        periods_block = content.pop("periods", None)
        if periods_block is None:
            periods = {}
        else:
            # Set the year of a repeat date to 1899: this ensures it falls outside
            # of the iMOD calendar. Collisions are then always avoided.
            periods = {
                key: _process_time(time, yearfirst=False).replace(year=1899)
                for key, time in periods_block.items()
            }
    
        # Pop species block, at the moment we do not do much with,
        # since most regional models are without solute transport
        content.pop("species", None)
    
        has_topbot = "(top)" in content and "(bot)" in content
        prj_data = {}
        repeat_stress = {}
        for key, block_content in content.items():
            repeats = None
            try:
                if key == "(hfb)":
                    data = _read_package_gen(block_content, has_topbot)
                elif key == "(wel)":
                    data, repeats = _read_package_ipf(block_content, periods)
                elif key == "(cap)":
                    variables = set(METASWAP_VARS).intersection(block_content.keys())
                    data = _open_package_idf(block_content, variables)
                elif key in ("extra", "(pcg)"):
                    data = [block_content]
                elif key in KEYS:
                    variables = KEYS[key]
                    data = _open_package_idf(block_content, variables)
                elif key in DATE_KEYS:
                    variables = DATE_KEYS[key]
                    data, repeats = _open_boundary_condition_idf(
                        block_content, variables, periods
                    )
                else:
                    raise KeyError(f"Unsupported key: '{key}'")
            except Exception as e:
&gt;               raise type(e)(f"{e}. Errored while opening/reading data entries for: {key}")
E               KeyError: "'factor'. Errored while opening/reading data entries for: (chd)"

..\formats\prj\prj.py:945: KeyError</failure></testcase><testcase classname="imod.tests.test_formats.test_gen" name="test_gen_invalid_feature_string" time="0.001" /><testcase classname="imod.tests.test_formats.test_gen" name="test_gen_invalid_feature_type" time="0.001" /><testcase classname="imod.tests.test_formats.test_gen" name="test_gen_shapely_gen_conversion" time="0.003" /><testcase classname="imod.tests.test_formats.test_gen" name="test_gen_single_feature[point]" time="0.012" /><testcase classname="imod.tests.test_formats.test_gen" name="test_gen_single_feature[line]" time="0.011" /><testcase classname="imod.tests.test_formats.test_gen" name="test_gen_single_feature[polygon]" time="0.012" /><testcase classname="imod.tests.test_formats.test_gen" name="test_gen_single_feature[circle]" time="0.013" /><testcase classname="imod.tests.test_formats.test_gen" name="test_gen_single_feature[rectangle]" time="0.014" /><testcase classname="imod.tests.test_formats.test_gen" name="test_gen_multi_feature" time="0.014" /><testcase classname="imod.tests.test_formats.test_gen" name="test_gen_single_feature__infer_type[point]" time="0.013" /><testcase classname="imod.tests.test_formats.test_gen" name="test_gen_single_feature__infer_type[line]" time="0.013" /><testcase classname="imod.tests.test_formats.test_gen" name="test_gen_single_feature__infer_type[polygon]" time="0.014" /><testcase classname="imod.tests.test_formats.test_gen" name="test_gen_single_feature__infer_type[circle]" time="0.013" /><testcase classname="imod.tests.test_formats.test_gen" name="test_gen_single_feature__infer_type[rectangle]" time="0.012" /><testcase classname="imod.tests.test_formats.test_gen" name="test_gen_column_truncation" time="0.023" /><testcase classname="imod.tests.test_formats.test_gen" name="test_gen_empty_column" time="0.008" /><testcase classname="imod.tests.test_formats.test_gen" name="test_parse_ascii_points" time="0.002" /><testcase classname="imod.tests.test_formats.test_gen" name="test_parse_ascii_segment_linestrings[linestrings_comma_delimited]" time="0.007" /><testcase classname="imod.tests.test_formats.test_gen" name="test_parse_ascii_segment_linestrings[linestring_whitespace_delimited]" time="0.004" /><testcase classname="imod.tests.test_formats.test_gen" name="test_parse_ascii_segment_linestrings[linestring_3d]" time="0.004" /><testcase classname="imod.tests.test_formats.test_gen" name="test_parse_ascii_segment_polygon" time="0.004" /><testcase classname="imod.tests.test_formats.test_gen" name="test_parse_ascii_segment_mixed_topology_error" time="0.003" /><testcase classname="imod.tests.test_formats.test_gen" name="test_read_ascii" time="0.009" /><testcase classname="imod.tests.test_formats.test_idf" name="test_open_subdomains[constant-equidistant=True]" time="0.075" /><testcase classname="imod.tests.test_formats.test_idf" name="test_open_subdomains[constant-equidistant=False]" time="0.082" /><testcase classname="imod.tests.test_formats.test_idf" name="test_open_subdomains[labeled-equidistant=True]" time="0.071" /><testcase classname="imod.tests.test_formats.test_idf" name="test_open_subdomains[labeled-equidistant=False]" time="0.081" /><testcase classname="imod.tests.test_formats.test_idf" name="test_open_subdomains__start_nr_not_zero[constant-equidistant=True]" time="0.071" /><testcase classname="imod.tests.test_formats.test_idf" name="test_open_subdomains__start_nr_not_zero[constant-equidistant=False]" time="0.082" /><testcase classname="imod.tests.test_formats.test_idf" name="test_open_subdomains__start_nr_not_zero[labeled-equidistant=True]" time="0.072" /><testcase classname="imod.tests.test_formats.test_idf" name="test_open_subdomains__start_nr_not_zero[labeled-equidistant=False]" time="0.084" /><testcase classname="imod.tests.test_formats.test_idf" name="test_open_subdomains_pattern_None[constant-equidistant=True]" time="0.072" /><testcase classname="imod.tests.test_formats.test_idf" name="test_open_subdomains_pattern_None[constant-equidistant=False]" time="0.083" /><testcase classname="imod.tests.test_formats.test_idf" name="test_open_subdomains_pattern_None[labeled-equidistant=True]" time="0.072" /><testcase classname="imod.tests.test_formats.test_idf" name="test_open_subdomains_pattern_None[labeled-equidistant=False]" time="0.083" /><testcase classname="imod.tests.test_formats.test_idf" name="test_open_subdomains_species[constant_species-equidistant=True]" time="0.123" /><testcase classname="imod.tests.test_formats.test_idf" name="test_open_subdomains_species[constant_species-equidistant=False]" time="0.145" /><testcase classname="imod.tests.test_formats.test_idf" name="test_open_subdomains_species[labeled_species-equidistant=True]" time="0.125" /><testcase classname="imod.tests.test_formats.test_idf" name="test_open_subdomains_species[labeled_species-equidistant=False]" time="0.152" /><testcase classname="imod.tests.test_formats.test_idf" name="test_open_subdomains_species_pattern_None[constant_species-equidistant=True]" time="0.127" /><testcase classname="imod.tests.test_formats.test_idf" name="test_open_subdomains_species_pattern_None[constant_species-equidistant=False]" time="0.144" /><testcase classname="imod.tests.test_formats.test_idf" name="test_open_subdomains_species_pattern_None[labeled_species-equidistant=True]" time="0.124" /><testcase classname="imod.tests.test_formats.test_idf" name="test_open_subdomains_species_pattern_None[labeled_species-equidistant=False]" time="0.144" /><testcase classname="imod.tests.test_formats.test_idf" name="test_open_subdomains_error[constant-equidistant=True]" time="0.031" /><testcase classname="imod.tests.test_formats.test_idf" name="test_open_subdomains_error[constant-equidistant=False]" time="0.040" /><testcase classname="imod.tests.test_formats.test_idf" name="test_open_subdomains_error[labeled-equidistant=True]" time="0.030" /><testcase classname="imod.tests.test_formats.test_idf" name="test_open_subdomains_error[labeled-equidistant=False]" time="0.039" /><testcase classname="imod.tests.test_formats.test_idf" name="test_xycoords_equidistant" time="0.001" /><testcase classname="imod.tests.test_formats.test_idf" name="test_xycoords_nonequidistant" time="0.001" /><testcase classname="imod.tests.test_formats.test_idf" name="test_xycoords_equidistant_array" time="0.001" /><testcase classname="imod.tests.test_formats.test_idf" name="test_saveopen__nonequidistant" time="0.014" /><testcase classname="imod.tests.test_formats.test_idf" name="test_save_topbot__single_layer[float32]" time="0.011" /><testcase classname="imod.tests.test_formats.test_idf" name="test_saveopen_dtype[float32]" time="0.011" /><testcase classname="imod.tests.test_formats.test_idf" name="test_dtype_error[float32]" time="0.003" /><testcase classname="imod.tests.test_formats.test_idf" name="test_nodata[float32]" time="0.005" /><testcase classname="imod.tests.test_formats.test_idf" name="test_save_topbot__single_layer[float64]" time="0.011" /><testcase classname="imod.tests.test_formats.test_idf" name="test_saveopen_dtype[float64]" time="0.011" /><testcase classname="imod.tests.test_formats.test_idf" name="test_dtype_error[float64]" time="0.003" /><testcase classname="imod.tests.test_formats.test_idf" name="test_nodata[float64]" time="0.005" /><testcase classname="imod.tests.test_formats.test_idf" name="test_save_topbot__layers" time="0.041" /><testcase classname="imod.tests.test_formats.test_idf" name="test_save_topbot__layers_nonequidistant" time="0.037" /><testcase classname="imod.tests.test_formats.test_idf" name="test_save_topbot__only_z" time="0.037" /><testcase classname="imod.tests.test_formats.test_idf" name="test_save_topbot__errors" time="0.005" /><testcase classname="imod.tests.test_formats.test_idf" name="test_save_open_arbitrary_4D" time="0.055" /><testcase classname="imod.tests.test_formats.test_ipf" name="test_read_associated__itype1implicit" time="0.019" /><testcase classname="imod.tests.test_formats.test_ipf" name="test_read__comma" time="0.006" /><testcase classname="imod.tests.test_formats.test_ipf" name="test_read__space" time="0.005" /><testcase classname="imod.tests.test_formats.test_ipf" name="test_read_list" time="0.008" /><testcase classname="imod.tests.test_formats.test_ipf" name="test_read_associated__parameterized_delim[,-,-,-,-,]" time="0.018" /><testcase classname="imod.tests.test_formats.test_ipf" name="test_read_associated__parameterized_delim[,-,-,-,- ]" time="0.015" /><testcase classname="imod.tests.test_formats.test_ipf" name="test_read_associated__parameterized_delim[,-,-,- -,]" time="0.015" /><testcase classname="imod.tests.test_formats.test_ipf" name="test_read_associated__parameterized_delim[,-,-,- - ]" time="0.015" /><testcase classname="imod.tests.test_formats.test_ipf" name="test_read_associated__parameterized_delim[,-,- -,-,]" time="0.015" /><testcase classname="imod.tests.test_formats.test_ipf" name="test_read_associated__parameterized_delim[,-,- -,- ]" time="0.015" /><testcase classname="imod.tests.test_formats.test_ipf" name="test_read_associated__parameterized_delim[,-,- - -,]" time="0.015" /><testcase classname="imod.tests.test_formats.test_ipf" name="test_read_associated__parameterized_delim[,-,- - - ]" time="0.015" /><testcase classname="imod.tests.test_formats.test_ipf" name="test_read_associated__parameterized_delim[,- -,-,-,]" time="0.015" /><testcase classname="imod.tests.test_formats.test_ipf" name="test_read_associated__parameterized_delim[,- -,-,- ]" time="0.015" /><testcase classname="imod.tests.test_formats.test_ipf" name="test_read_associated__parameterized_delim[,- -,- -,]" time="0.015" /><testcase classname="imod.tests.test_formats.test_ipf" name="test_read_associated__parameterized_delim[,- -,- - ]" time="0.015" /><testcase classname="imod.tests.test_formats.test_ipf" name="test_read_associated__parameterized_delim[,- - -,-,]" time="0.015" /><testcase classname="imod.tests.test_formats.test_ipf" name="test_read_associated__parameterized_delim[,- - -,- ]" time="0.015" /><testcase classname="imod.tests.test_formats.test_ipf" name="test_read_associated__parameterized_delim[,- - - -,]" time="0.015" /><testcase classname="imod.tests.test_formats.test_ipf" name="test_read_associated__parameterized_delim[,- - - - ]" time="0.015" /><testcase classname="imod.tests.test_formats.test_ipf" name="test_read_associated__parameterized_delim[ -,-,-,-,]" time="0.015" /><testcase classname="imod.tests.test_formats.test_ipf" name="test_read_associated__parameterized_delim[ -,-,-,- ]" time="0.015" /><testcase classname="imod.tests.test_formats.test_ipf" name="test_read_associated__parameterized_delim[ -,-,- -,]" time="0.015" /><testcase classname="imod.tests.test_formats.test_ipf" name="test_read_associated__parameterized_delim[ -,-,- - ]" time="0.015" /><testcase classname="imod.tests.test_formats.test_ipf" name="test_read_associated__parameterized_delim[ -,- -,-,]" time="0.015" /><testcase classname="imod.tests.test_formats.test_ipf" name="test_read_associated__parameterized_delim[ -,- -,- ]" time="0.015" /><testcase classname="imod.tests.test_formats.test_ipf" name="test_read_associated__parameterized_delim[ -,- - -,]" time="0.015" /><testcase classname="imod.tests.test_formats.test_ipf" name="test_read_associated__parameterized_delim[ -,- - - ]" time="0.018" /><testcase classname="imod.tests.test_formats.test_ipf" name="test_read_associated__parameterized_delim[ - -,-,-,]" time="0.015" /><testcase classname="imod.tests.test_formats.test_ipf" name="test_read_associated__parameterized_delim[ - -,-,- ]" time="0.014" /><testcase classname="imod.tests.test_formats.test_ipf" name="test_read_associated__parameterized_delim[ - -,- -,]" time="0.015" /><testcase classname="imod.tests.test_formats.test_ipf" name="test_read_associated__parameterized_delim[ - -,- - ]" time="0.015" /><testcase classname="imod.tests.test_formats.test_ipf" name="test_read_associated__parameterized_delim[ - - -,-,]" time="0.014" /><testcase classname="imod.tests.test_formats.test_ipf" name="test_read_associated__parameterized_delim[ - - -,- ]" time="0.014" /><testcase classname="imod.tests.test_formats.test_ipf" name="test_read_associated__parameterized_delim[ - - - -,]" time="0.014" /><testcase classname="imod.tests.test_formats.test_ipf" name="test_read_associated__parameterized_delim[ - - - - ]" time="0.014" /><testcase classname="imod.tests.test_formats.test_ipf" name="test_write_assoc_itype1" time="0.015" /><testcase classname="imod.tests.test_formats.test_ipf" name="test_write_assoc_itype2" time="0.013" /><testcase classname="imod.tests.test_formats.test_ipf" name="test_write" time="0.007" /><testcase classname="imod.tests.test_formats.test_ipf" name="test_lower_dataframe_colnames" time="0.001" /><testcase classname="imod.tests.test_formats.test_ipf" name="test_lower_dataframe_colnames__ValueError" time="0.001" /><testcase classname="imod.tests.test_formats.test_ipf" name="test_is_single_value" time="0.003" /><testcase classname="imod.tests.test_formats.test_ipf" name="test_save__assoc_itype1" time="0.032" /><testcase classname="imod.tests.test_formats.test_ipf" name="test_save__assoc_itype2_" time="0.029" /><testcase classname="imod.tests.test_formats.test_ipf" name="test_save__assoc_itype1__layers" time="0.061" /><testcase classname="imod.tests.test_formats.test_ipf" name="test_save__missing" time="0.007" /><testcase classname="imod.tests.test_formats.test_ipf" name="test_error_fileinfo" time="0.007" /><testcase classname="imod.tests.test_formats.test_ipf" name="test_save__assoc_itype1__layers__integerID" time="0.034" /><testcase classname="imod.tests.test_formats.test_ipf" name="test_unique_ids_per_layer" time="0.006" /><testcase classname="imod.tests.test_formats.test_ipf" name="test_quoting" time="0.007" /><testcase classname="imod.tests.test_formats.test_ipf" name="test_alternative_quotes_assoc" time="0.007" /><testcase classname="imod.tests.test_formats.test_prj" name="test_tokenize" time="0.002" /><testcase classname="imod.tests.test_formats.test_prj.TestLineIterator" name="test_init" time="0.001" /><testcase classname="imod.tests.test_formats.test_prj.TestLineIterator" name="test_traversal" time="0.001" /><testcase classname="imod.tests.test_formats.test_prj.TestLineIterator" name="test_iter" time="0.001" /><testcase classname="imod.tests.test_formats.test_prj" name="test_wrap_error_message[ValueError]" time="0.002" /><testcase classname="imod.tests.test_formats.test_prj" name="test_wrap_error_message[TypeError]" time="0.001" /><testcase classname="imod.tests.test_formats.test_prj" name="test_parseblockheader" time="0.001" /><testcase classname="imod.tests.test_formats.test_prj" name="test_parse_time" time="0.001" /><testcase classname="imod.tests.test_formats.test_prj" name="test_parse_blockline" time="0.002" /><testcase classname="imod.tests.test_formats.test_prj" name="test_parse_nsub_nsystem" time="0.001" /><testcase classname="imod.tests.test_formats.test_prj" name="test_parse_notimeblock" time="0.002" /><testcase classname="imod.tests.test_formats.test_prj" name="test_parse_speciesblock" time="0.001" /><testcase classname="imod.tests.test_formats.test_prj" name="test_parse_capblock" time="0.001" /><testcase classname="imod.tests.test_formats.test_prj" name="test_parse_pcgblock" time="0.001" /><testcase classname="imod.tests.test_formats.test_prj" name="test__parse_block" time="0.002" /><testcase classname="imod.tests.test_formats.test_prj" name="test__parse_periodsblock" time="0.001" /><testcase classname="imod.tests.test_formats.test_prj" name="test_read_error" time="0.004" /><testcase classname="imod.tests.test_formats.test_prj" name="test_process_time" time="0.002" /><testcase classname="imod.tests.test_formats.test_prj.TestProjectFile" name="test_read_projectfile" time="0.041" /><testcase classname="imod.tests.test_formats.test_prj.TestProjectFile" name="test_open_projectfile_data" time="0.138"><failure message="KeyError: &quot;'factor'. Errored while opening/reading data entries for: (ghb)&quot;">path = Path('C:/Users/slooten/AppData/Local/Temp/pytest-of-slooten/pytest-438/prj-data1/testprojectfile.prj')

    def open_projectfile_data(path: FilePath) -&gt; Dict[str, Any]:
        """
        Read the contents of an iMOD project file and read/open the data present in
        it:
    
        * IDF data is lazily loaded into xarray.DataArrays.
        * GEN data is eagerly loaded into geopandas.GeoDataFrames
        * IPF data is eagerly loaded into pandas.DataFrames
        * Non-file based entries (such as the PCG settings) are kept as a dictionary.
    
        When multiple systems are present, they are numbered starting from one, e.g.:
    
        * drn-1
        * drn-2
    
        Xarray requires valid dates for the time coordinate. Aliases such as
        "summer" and "winter" that are associated with dates in the project file
        Periods block cannot be used in the time coordinate. Hence, this function
        will instead insert the dates associated with the aliases, with the year
        replaced by 1899; as the iMOD calendar starts at 1900, this ensures that
        the repeats are always first and that no date collisions will occur.
    
        Parameters
        ----------
        path: pathlib.Path or str.
    
        Returns
        -------
        data: Dict[str, Any]
        Keys are the iMOD project file "topics", without parentheses.
        """
        content = read_projectfile(path)
        periods_block = content.pop("periods", None)
        if periods_block is None:
            periods = {}
        else:
            # Set the year of a repeat date to 1899: this ensures it falls outside
            # of the iMOD calendar. Collisions are then always avoided.
            periods = {
                key: _process_time(time, yearfirst=False).replace(year=1899)
                for key, time in periods_block.items()
            }
    
        # Pop species block, at the moment we do not do much with,
        # since most regional models are without solute transport
        content.pop("species", None)
    
        has_topbot = "(top)" in content and "(bot)" in content
        prj_data = {}
        repeat_stress = {}
        for key, block_content in content.items():
            repeats = None
            try:
                if key == "(hfb)":
                    data = _read_package_gen(block_content, has_topbot)
                elif key == "(wel)":
                    data, repeats = _read_package_ipf(block_content, periods)
                elif key == "(cap)":
                    variables = set(METASWAP_VARS).intersection(block_content.keys())
                    data = _open_package_idf(block_content, variables)
                elif key in ("extra", "(pcg)"):
                    data = [block_content]
                elif key in KEYS:
                    variables = KEYS[key]
                    data = _open_package_idf(block_content, variables)
                elif key in DATE_KEYS:
                    variables = DATE_KEYS[key]
&gt;                   data, repeats = _open_boundary_condition_idf(
                        block_content, variables, periods
                    )

..\formats\prj\prj.py:939: 
_ _ _ _ _ _ _ _ _ _ _ _ _ _ _ _ _ _ _ _ _ _ _ _ _ _ _ _ _ _ _ _ _ _ _ _ _ _ _ _ _ _ _ _ _ _ _ _ _ _ _ _ _ _ _ _ _ _ _ _
..\formats\prj\prj.py:719: in _open_boundary_condition_idf
    das[i][variable] = _create_dataarray(paths, headers, values)
..\formats\prj\prj.py:559: in _create_dataarray
    da = apply_factor_and_addition(headers, da)
_ _ _ _ _ _ _ _ _ _ _ _ _ _ _ _ _ _ _ _ _ _ _ _ _ _ _ _ _ _ _ _ _ _ _ _ _ _ _ _ _ _ _ _ _ _ _ _ _ _ _ _ _ _ _ _ _ _ _ _

headers = [{'dims': ('time', 'layer'), 'directory': Path('C:/Users/slooten/AppData/Local/Temp/pytest-of-slooten/pytest-438/prj-d...ath('C:/Users/slooten/AppData/Local/Temp/pytest-of-slooten/pytest-438/prj-data1'), 'dtype': 'float32', 'dx': 1.0, ...}]
da = &lt;xarray.DataArray 'conductance' (time: 3, layer: 1, y: 2, x: 2)&gt; Size: 48B
dask.array&lt;stack, shape=(3, 1, 2, 2), dtype...float64 8B -1.0
  * time     (time) datetime64[ns] 24B 1900-01-01 1901-01-02 1901-01-03
  * layer    (layer) int32 4B 1

    def apply_factor_and_addition(headers, da):
        nlayers = len(da.coords["layer"])
        for ilayer in range(nlayers):
&gt;           factor = headers[ilayer]["factor"]
E           KeyError: 'factor'

..\formats\prj\prj.py:566: KeyError

During handling of the above exception, another exception occurred:

self = &lt;test_prj.TestProjectFile object at 0x0000014FC2C32250&gt;

    def test_open_projectfile_data(self):
&gt;       content, repeats = imod.prj.open_projectfile_data(self.prj_path)

test_formats\test_prj.py:523: 
_ _ _ _ _ _ _ _ _ _ _ _ _ _ _ _ _ _ _ _ _ _ _ _ _ _ _ _ _ _ _ _ _ _ _ _ _ _ _ _ _ _ _ _ _ _ _ _ _ _ _ _ _ _ _ _ _ _ _ _

path = Path('C:/Users/slooten/AppData/Local/Temp/pytest-of-slooten/pytest-438/prj-data1/testprojectfile.prj')

    def open_projectfile_data(path: FilePath) -&gt; Dict[str, Any]:
        """
        Read the contents of an iMOD project file and read/open the data present in
        it:
    
        * IDF data is lazily loaded into xarray.DataArrays.
        * GEN data is eagerly loaded into geopandas.GeoDataFrames
        * IPF data is eagerly loaded into pandas.DataFrames
        * Non-file based entries (such as the PCG settings) are kept as a dictionary.
    
        When multiple systems are present, they are numbered starting from one, e.g.:
    
        * drn-1
        * drn-2
    
        Xarray requires valid dates for the time coordinate. Aliases such as
        "summer" and "winter" that are associated with dates in the project file
        Periods block cannot be used in the time coordinate. Hence, this function
        will instead insert the dates associated with the aliases, with the year
        replaced by 1899; as the iMOD calendar starts at 1900, this ensures that
        the repeats are always first and that no date collisions will occur.
    
        Parameters
        ----------
        path: pathlib.Path or str.
    
        Returns
        -------
        data: Dict[str, Any]
        Keys are the iMOD project file "topics", without parentheses.
        """
        content = read_projectfile(path)
        periods_block = content.pop("periods", None)
        if periods_block is None:
            periods = {}
        else:
            # Set the year of a repeat date to 1899: this ensures it falls outside
            # of the iMOD calendar. Collisions are then always avoided.
            periods = {
                key: _process_time(time, yearfirst=False).replace(year=1899)
                for key, time in periods_block.items()
            }
    
        # Pop species block, at the moment we do not do much with,
        # since most regional models are without solute transport
        content.pop("species", None)
    
        has_topbot = "(top)" in content and "(bot)" in content
        prj_data = {}
        repeat_stress = {}
        for key, block_content in content.items():
            repeats = None
            try:
                if key == "(hfb)":
                    data = _read_package_gen(block_content, has_topbot)
                elif key == "(wel)":
                    data, repeats = _read_package_ipf(block_content, periods)
                elif key == "(cap)":
                    variables = set(METASWAP_VARS).intersection(block_content.keys())
                    data = _open_package_idf(block_content, variables)
                elif key in ("extra", "(pcg)"):
                    data = [block_content]
                elif key in KEYS:
                    variables = KEYS[key]
                    data = _open_package_idf(block_content, variables)
                elif key in DATE_KEYS:
                    variables = DATE_KEYS[key]
                    data, repeats = _open_boundary_condition_idf(
                        block_content, variables, periods
                    )
                else:
                    raise KeyError(f"Unsupported key: '{key}'")
            except Exception as e:
&gt;               raise type(e)(f"{e}. Errored while opening/reading data entries for: {key}")
E               KeyError: "'factor'. Errored while opening/reading data entries for: (ghb)"

..\formats\prj\prj.py:945: KeyError</failure></testcase><testcase classname="imod.tests.test_formats.test_prj" name="test_read_timfile" time="0.007" /><testcase classname="imod.tests.test_formats.test_rasterio" name="test_saveopen" time="0.036" /><testcase classname="imod.tests.test_formats.test_rasterio" name="test_saveopen__nodata_dtype" time="0.058" /><testcase classname="imod.tests.test_formats.test_rasterio" name="test_rasterio_ascii[1--999-int32-None-None]" time="0.018" /><testcase classname="imod.tests.test_formats.test_rasterio" name="test_rasterio_ascii[1.0--999.0-float32-None-None]" time="0.017" /><testcase classname="imod.tests.test_formats.test_rasterio" name="test_rasterio_ascii[1.0-nan-float32-None-None]" time="0.018" /><testcase classname="imod.tests.test_formats.test_rasterio" name="test_rasterio_ascii[1.0--999.9-float32-None-None]" time="0.018" /><testcase classname="imod.tests.test_formats.test_rasterio" name="test_rasterio_ascii[1.0--999.99-float32-None-None]" time="0.018" /><testcase classname="imod.tests.test_formats.test_rasterio" name="test_rasterio_ascii[1.01--999.99-float32-None-None]" time="0.017" /><testcase classname="imod.tests.test_formats.test_rasterio" name="test_rasterio_ascii[1--999-int32-3-None]" time="0.017" /><testcase classname="imod.tests.test_formats.test_rasterio" name="test_rasterio_ascii[1.0--999.99-float32-2-None]" time="0.017" /><testcase classname="imod.tests.test_formats.test_rasterio" name="test_rasterio_ascii[1.0-nan-float32-2-None]" time="0.017" /><testcase classname="imod.tests.test_formats.test_rasterio" name="test_rasterio_ascii[1.01-nan-float32-2-None]" time="0.018" /><testcase classname="imod.tests.test_formats.test_rasterio" name="test_rasterio_ascii[1--999-int32-None-3]" time="0.017" /><testcase classname="imod.tests.test_formats.test_rasterio" name="test_rasterio_ascii[1.0--999.99-float32-None-4]" time="0.018" /><testcase classname="imod.tests.test_formats.test_rasterio" name="test_rasterio_ascii[1.0-nan-float32-None-5]" time="0.018" /><testcase classname="imod.tests.test_formats.test_rasterio" name="test_rasterio_ascii[1.01-nan-float32-None-5]" time="0.016" /><testcase classname="imod.tests.test_logging.test_logging" name="test_logging_no_configuration" time="0.001" /><testcase classname="imod.tests.test_logging.test_logging" name="test_logging_configure_logger[LoggerType.NULL-NullLogger]" time="0.001" /><testcase classname="imod.tests.test_logging.test_logging" name="test_logging_configure_logger[LoggerType.PYTHON-PythonLogger]" time="0.001" /><testcase classname="imod.tests.test_logging.test_logging" name="test_logging_configure_logger[LoggerType.LOGURU-LoguruLogger]" time="0.004" /><testcase classname="imod.tests.test_logging.test_logging" name="test_logging_change_logger_during_runtime" time="0.004" /><testcase classname="imod.tests.test_logging.test_logging" name="test_logging_calls_forwarded_to_loggers[LoggerType.NULL-imod.logging.config.NullLogger]" time="0.005" /><testcase classname="imod.tests.test_logging.test_logging" name="test_logging_calls_forwarded_to_loggers[LoggerType.PYTHON-imod.logging.config.PythonLogger]" time="0.004" /><testcase classname="imod.tests.test_logging.test_logging" name="test_logging_calls_forwarded_to_loggers[LoggerType.LOGURU-imod.logging.config.LoguruLogger]" time="0.005" /><testcase classname="imod.tests.test_logging.test_logging" name="test_logging_configure_param_forwarded_to_loggers[LoggerType.PYTHON-imod.logging.config.PythonLogger-True-True-LogLevel.DEBUG]" time="0.002" /><testcase classname="imod.tests.test_logging.test_logging" name="test_logging_configure_param_forwarded_to_loggers[LoggerType.PYTHON-imod.logging.config.PythonLogger-True-True-LogLevel.INFO]" time="0.002" /><testcase classname="imod.tests.test_logging.test_logging" name="test_logging_configure_param_forwarded_to_loggers[LoggerType.PYTHON-imod.logging.config.PythonLogger-True-True-LogLevel.WARNING]" time="0.002" /><testcase classname="imod.tests.test_logging.test_logging" name="test_logging_configure_param_forwarded_to_loggers[LoggerType.PYTHON-imod.logging.config.PythonLogger-True-True-LogLevel.ERROR]" time="0.002" /><testcase classname="imod.tests.test_logging.test_logging" name="test_logging_configure_param_forwarded_to_loggers[LoggerType.PYTHON-imod.logging.config.PythonLogger-True-True-LogLevel.CRITICAL]" time="0.002" /><testcase classname="imod.tests.test_logging.test_logging" name="test_logging_configure_param_forwarded_to_loggers[LoggerType.PYTHON-imod.logging.config.PythonLogger-True-False-LogLevel.DEBUG]" time="0.002" /><testcase classname="imod.tests.test_logging.test_logging" name="test_logging_configure_param_forwarded_to_loggers[LoggerType.PYTHON-imod.logging.config.PythonLogger-True-False-LogLevel.INFO]" time="0.002" /><testcase classname="imod.tests.test_logging.test_logging" name="test_logging_configure_param_forwarded_to_loggers[LoggerType.PYTHON-imod.logging.config.PythonLogger-True-False-LogLevel.WARNING]" time="0.002" /><testcase classname="imod.tests.test_logging.test_logging" name="test_logging_configure_param_forwarded_to_loggers[LoggerType.PYTHON-imod.logging.config.PythonLogger-True-False-LogLevel.ERROR]" time="0.002" /><testcase classname="imod.tests.test_logging.test_logging" name="test_logging_configure_param_forwarded_to_loggers[LoggerType.PYTHON-imod.logging.config.PythonLogger-True-False-LogLevel.CRITICAL]" time="0.002" /><testcase classname="imod.tests.test_logging.test_logging" name="test_logging_configure_param_forwarded_to_loggers[LoggerType.PYTHON-imod.logging.config.PythonLogger-False-True-LogLevel.DEBUG]" time="0.002" /><testcase classname="imod.tests.test_logging.test_logging" name="test_logging_configure_param_forwarded_to_loggers[LoggerType.PYTHON-imod.logging.config.PythonLogger-False-True-LogLevel.INFO]" time="0.002" /><testcase classname="imod.tests.test_logging.test_logging" name="test_logging_configure_param_forwarded_to_loggers[LoggerType.PYTHON-imod.logging.config.PythonLogger-False-True-LogLevel.WARNING]" time="0.002" /><testcase classname="imod.tests.test_logging.test_logging" name="test_logging_configure_param_forwarded_to_loggers[LoggerType.PYTHON-imod.logging.config.PythonLogger-False-True-LogLevel.ERROR]" time="0.002" /><testcase classname="imod.tests.test_logging.test_logging" name="test_logging_configure_param_forwarded_to_loggers[LoggerType.PYTHON-imod.logging.config.PythonLogger-False-True-LogLevel.CRITICAL]" time="0.002" /><testcase classname="imod.tests.test_logging.test_logging" name="test_logging_configure_param_forwarded_to_loggers[LoggerType.PYTHON-imod.logging.config.PythonLogger-False-False-LogLevel.DEBUG]" time="0.002" /><testcase classname="imod.tests.test_logging.test_logging" name="test_logging_configure_param_forwarded_to_loggers[LoggerType.PYTHON-imod.logging.config.PythonLogger-False-False-LogLevel.INFO]" time="0.002" /><testcase classname="imod.tests.test_logging.test_logging" name="test_logging_configure_param_forwarded_to_loggers[LoggerType.PYTHON-imod.logging.config.PythonLogger-False-False-LogLevel.WARNING]" time="0.002" /><testcase classname="imod.tests.test_logging.test_logging" name="test_logging_configure_param_forwarded_to_loggers[LoggerType.PYTHON-imod.logging.config.PythonLogger-False-False-LogLevel.ERROR]" time="0.002" /><testcase classname="imod.tests.test_logging.test_logging" name="test_logging_configure_param_forwarded_to_loggers[LoggerType.PYTHON-imod.logging.config.PythonLogger-False-False-LogLevel.CRITICAL]" time="0.002" /><testcase classname="imod.tests.test_logging.test_logging" name="test_logging_configure_param_forwarded_to_loggers[LoggerType.LOGURU-imod.logging.config.LoguruLogger-True-True-LogLevel.DEBUG]" time="0.002" /><testcase classname="imod.tests.test_logging.test_logging" name="test_logging_configure_param_forwarded_to_loggers[LoggerType.LOGURU-imod.logging.config.LoguruLogger-True-True-LogLevel.INFO]" time="0.002" /><testcase classna
[...]
819" /><testcase classname="imod.tests.test_select.test_select_points" name="test_get_values__uda_elevation" time="0.004" /><testcase classname="imod.tests.test_select.test_select_points" name="test_set_values" time="0.008" /><testcase classname="imod.tests.test_select.test_select_points" name="test_set_values__error" time="0.002" /><testcase classname="imod.tests.test_select.test_select_points" name="test_get_values" time="0.005" /><testcase classname="imod.tests.test_select.test_select_points" name="test_get_values__index" time="0.006" /><testcase classname="imod.tests.test_select.test_select_points" name="test_get_values__scalar" time="0.005" /><testcase classname="imod.tests.test_util.test_util" name="test_public_api" time="0.001" /><testcase classname="imod.tests.test_util.test_util_path" name="test_compose" time="0.001" /><testcase classname="imod.tests.test_util.test_util_path" name="test_compose__pattern" time="0.001" /><testcase classname="imod.tests.test_util.test_util_path" name="test_decompose" time="0.001" /><testcase classname="imod.tests.test_util.test_util_path" name="test_decompose_species" time="0.001" /><testcase classname="imod.tests.test_util.test_util_path" name="test_decompose_short_date" time="0.001" /><testcase classname="imod.tests.test_util.test_util_path" name="test_decompose_nonstandard_date" time="0.001" /><testcase classname="imod.tests.test_util.test_util_path" name="test_decompose_only_year" time="0.001" /><testcase classname="imod.tests.test_util.test_util_path" name="test_decompose_underscore" time="0.001" /><testcase classname="imod.tests.test_util.test_util_path" name="test_decompose_dash" time="0.002" /><testcase classname="imod.tests.test_util.test_util_path" name="test_decompose_steady_state" time="0.001" /><testcase classname="imod.tests.test_util.test_util_path" name="test_decompose_underscore_in_name" time="0.002" /><testcase classname="imod.tests.test_util.test_util_path" name="test_decompose_pattern_underscore" time="0.002" /><testcase classname="imod.tests.test_util.test_util_path" name="test_decompose_pattern_dash" time="0.001" /><testcase classname="imod.tests.test_util.test_util_path" name="test_decompose_regexpattern" time="0.002" /><testcase classname="imod.tests.test_util.test_util_path" name="test_decompose_nodate" time="0.001" /><testcase classname="imod.tests.test_util.test_util_path" name="test_decompose_dateonly" time="0.002" /><testcase classname="imod.tests.test_util.test_util_path" name="test_decompose_datelayeronly" time="0.001" /><testcase classname="imod.tests.test_util.test_util_path" name="test_decompose_z_float" time="0.002" /><testcase classname="imod.tests.test_util.test_util_path" name="test_compose_year9999" time="0.001" /><testcase classname="imod.tests.test_util.test_util_path" name="test_decompose_dateonly_year9999" time="0.001" /><testcase classname="imod.tests.test_util.test_util_spatial" name="test_transform" time="0.005" /><testcase classname="imod.tests.test_util.test_util_spatial" name="test_is_divisor" time="0.002" /><testcase classname="imod.tests.test_util.test_util_spatial" name="test_empty" time="0.013" /><testcase classname="imod.tests.test_util.test_util_spatial" name="test_compliant_ugrid2d" time="0.010" /><testcase classname="imod.tests.test_util.test_util_spatial" name="test_mdal_compliant_roundtrip" time="0.027" /><testcase classname="imod.tests.test_util.test_util_spatial" name="test_to_ugrid2d" time="0.089" /><testcase classname="imod.tests.test_util.test_util_structured" name="test_where" time="0.009" /><testcase classname="imod.tests.test_util.test_util_structured" name="test_replace" time="0.025" /><testcase classname="imod.tests.test_util.test_util_time" name="test_datetime_conversion__withinbounds" time="0.001" /><testcase classname="imod.tests.test_util.test_util_time" name="test_datetime_conversion__outofbounds" time="0.001" /><testcase classname="imod.tests.test_util.test_util_time" name="test_datetime_conversion__withinbounds_cftime" time="0.002" /><testcase classname="imod.tests.test_util.test_util_time" name="test__check_year" time="0.001" /><testcase classname="imod.tests.test_util.test_util_time" name="test_to_datetime__string_to_datetime64" time="0.001" /><testcase classname="imod.tests.test_util.test_util_time" name="test_to_datetime__string_to_cftime" time="0.002" /><testcase classname="imod.tests.test_util.test_util_time" name="test_to_datetime__cftime_to_cftime" time="0.001" /><testcase classname="imod.tests.test_util.test_util_time" name="test_to_datetime__datetime64_to_datetime64" time="0.001" /><testcase classname="imod.tests.test_util.test_util_time" name="test_forcing__month_day" time="0.002" /><testcase classname="imod.tests.test_util.test_util_time" name="test_forcing_partial__month_day" time="0.002" /><testcase classname="imod.tests.test_util.test_util_time" name="test_forcing__day_day" time="0.001" /><testcase classname="imod.tests.test_util.test_util_time" name="test_forcing_partial__day_day" time="0.002" /><testcase classname="imod.tests.test_util.test_util_time" name="test_forcing__irregular_day" time="0.002" /><testcase classname="imod.tests.test_visualize.test_visualize_common" name="test_cmapnorm_from_colorslevels_cmap" time="0.002" /><testcase classname="imod.tests.test_visualize.test_visualize_common" name="test_cmapnorm_from_colorslevels_colorslevels" time="0.001" /><testcase classname="imod.tests.test_visualize.test_visualize_common" name="test_cmapnorm_from_colorslevels_colornameslevels" time="0.001" /><testcase classname="imod.tests.test_visualize.test_visualize_common" name="test_cmapnorm_from_colorslevels_justonelevel" time="0.001" /><testcase classname="imod.tests.test_visualize.test_visualize_common" name="test_cmapnorm_from_colorslevels_unorderedlevels" time="0.001" /><testcase classname="imod.tests.test_visualize.test_visualize_common" name="test_cmapnorm_from_colorslevels_nooflevels" time="0.002" /><testcase classname="imod.tests.test_visualize.test_visualize_cross_sections" name="test_plot_cross_section[True-True-True]" time="0.705" /><testcase classname="imod.tests.test_visualize.test_visualize_cross_sections" name="test_plot_cross_section[True-True-False]" time="0.044" /><testcase classname="imod.tests.test_visualize.test_visualize_cross_sections" name="test_plot_cross_section[True-False-True]" time="0.048" /><testcase classname="imod.tests.test_visualize.test_visualize_cross_sections" name="test_plot_cross_section[True-False-False]" time="0.046" /><testcase classname="imod.tests.test_visualize.test_visualize_cross_sections" name="test_plot_cross_section[False-True-True]" time="0.042" /><testcase classname="imod.tests.test_visualize.test_visualize_cross_sections" name="test_plot_cross_section[False-True-False]" time="0.047" /><testcase classname="imod.tests.test_visualize.test_visualize_cross_sections" name="test_plot_cross_section[False-False-True]" time="0.044" /><testcase classname="imod.tests.test_visualize.test_visualize_cross_sections" name="test_plot_cross_section[False-False-False]" time="0.044" /><testcase classname="imod.tests.test_visualize.test_visualize_pyvista" name="test_grid3_plane" time="0.028" /><testcase classname="imod.tests.test_visualize.test_visualize_pyvista" name="test_grid3d_z" time="0.014" /><testcase classname="imod.tests.test_visualize.test_visualize_pyvista" name="test_grid3d_z3d" time="0.014" /><testcase classname="imod.tests.test_visualize.test_visualize_pyvista" name="test_grid_animation_3d" time="0.001"><skipped type="pytest.skip" message="CI isn't cooperating">d:\dev\imod_python-gh\imod-python\imod\tests\test_visualize\test_visualize_pyvista.py:81: CI isn't cooperating</skipped></testcase><testcase classname="imod.tests.test_visualize.test_visualize_pyvista" name="test_static_grid_animation_3d" time="0.001"><skipped type="pytest.skip" message="CI isn't cooperating">d:\dev\imod_python-gh\imod-python\imod\tests\test_visualize\test_visualize_pyvista.py:94: CI isn't cooperating</skipped></testcase><testcase classname="imod.tests.test_visualize.test_visualize_spatial" name="test_read_legend[,]" time="0.008" /><testcase classname="imod.tests.test_visualize.test_visualize_spatial" name="test_read_legend[ ]" time="0.008" /><testcase classname="imod.tests.test_visualize.test_visualize_spatial" name="test_read_legend[\t]" time="0.008" /><testcase classname="imod.tests.test_visualize.test_visualize_spatial" name="test_plot_map" time="0.038" /><testcase classname="imod.tests.test_visualize.test_visualize_spatial" name="test_plot_map_fig_ax_provided" time="0.040" /><testcase classname="imod.tests.test_visualize.test_visualize_spatial" name="test_plot_map_fig_provided" time="0.055" /><testcase classname="imod.tests.test_visualize.test_visualize_spatial" name="test_plot_map_ax_provided" time="0.019" /><testcase classname="imod.tests.test_visualize.test_visualize_spatial" name="test_plot_map_basemap" time="6.327" /><testcase classname="imod.tests.test_visualize.test_visualize_waterbalance" name="test_waterbalance_barchart" time="0.282" /><testcase classname="imod.tests.test_wq.test_wq_adv" name="test_render__DF" time="0.003" /><testcase classname="imod.tests.test_wq.test_wq_adv" name="test_render__TVD" time="0.001" /><testcase classname="imod.tests.test_wq.test_wq_adv" name="test_render__ModifiedMOC" time="0.002" /><testcase classname="imod.tests.test_wq.test_wq_bas" name="test_thickness" time="0.016" /><testcase classname="imod.tests.test_wq.test_wq_bas" name="test_render" time="0.018" /><testcase classname="imod.tests.test_wq.test_wq_bas" name="test_render_dis__scalartopbot" time="0.028" /><testcase classname="imod.tests.test_wq.test_wq_bas" name="test_render_dis__arraytopbot" time="0.022" /><testcase classname="imod.tests.test_wq.test_wq_bas" name="test_render_dis__nonequidistant" time="0.016" /><testcase classname="imod.tests.test_wq.test_wq_btn" name="test_btn_render_arrays" time="0.015" /><testcase classname="imod.tests.test_wq.test_wq_btn" name="test_btn_render_constants" time="0.015" /><testcase classname="imod.tests.test_wq.test_wq_chd" name="test_render" time="0.010" /><testcase classname="imod.tests.test_wq.test_wq_chd" name="test_render__stress_repeats[head_start]" time="0.027" /><testcase classname="imod.tests.test_wq.test_wq_chd" name="test_render__stress_repeats[head_end]" time="0.020" /><testcase classname="imod.tests.test_wq.test_wq_dis" name="test_render_dis" time="0.016" /><testcase classname="imod.tests.test_wq.test_wq_dis" name="test_render_dis__notime" time="0.014" /><testcase classname="imod.tests.test_wq.test_wq_dis" name="test_render_btn" time="0.008" /><testcase classname="imod.tests.test_wq.test_wq_drn" name="test_render" time="0.009" /><testcase classname="imod.tests.test_wq.test_wq_drn" name="test_render_with_time" time="0.022" /><testcase classname="imod.tests.test_wq.test_wq_drn" name="test_render_with_stress_repeats__elevation" time="0.033" /><testcase classname="imod.tests.test_wq.test_wq_drn" name="test_compress_discontinuous_layers" time="0.010" /><testcase classname="imod.tests.test_wq.test_wq_drn" name="test_render__stress_repeats[conductance]" time="0.019" /><testcase classname="imod.tests.test_wq.test_wq_drn" name="test_render__stress_repeats[elevation]" time="0.020" /><testcase classname="imod.tests.test_wq.test_wq_dsp" name="test_render_idf" time="0.012" /><testcase classname="imod.tests.test_wq.test_wq_dsp" name="test_render_constant" time="0.002" /><testcase classname="imod.tests.test_wq.test_wq_dsp" name="test_render_constant_per_layer" time="0.011" /><testcase classname="imod.tests.test_wq.test_wq_evt" name="test_render__highest_top" time="0.010" /><testcase classname="imod.tests.test_wq.test_wq_evt" name="test_render__layers" time="0.014" /><testcase classname="imod.tests.test_wq.test_wq_evt" name="test_render__highest_active" time="0.013" /><testcase classname="imod.tests.test_wq.test_wq_evt" name="test_render__stress_repeats[maximum_rate]" time="0.030" /><testcase classname="imod.tests.test_wq.test_wq_evt" name="test_render__stress_repeats[surface]" time="0.052" /><testcase classname="imod.tests.test_wq.test_wq_evt" name="test_render__stress_repeats[extinction_depth]" time="0.049" /><testcase classname="imod.tests.test_wq.test_wq_ghb" name="test_render" time="0.019" /><testcase classname="imod.tests.test_wq.test_wq_ghb" name="test_render__stress_repeats[head]" time="0.032" /><testcase classname="imod.tests.test_wq.test_wq_ghb" name="test_render__stress_repeats[conductance]" time="0.044" /><testcase classname="imod.tests.test_wq.test_wq_ghb" name="test_render__stress_repeats[concentration]" time="0.048" /><testcase classname="imod.tests.test_wq.test_wq_ghb" name="test_render__stress_repeats[density]" time="0.037" /><testcase classname="imod.tests.test_wq.test_wq_lpf" name="test_render" time="0.051" /><testcase classname="imod.tests.test_wq.test_wq_mal" name="test_render_mal__scalar" time="0.002" /><testcase classname="imod.tests.test_wq.test_wq_mal" name="test_render_mal__array" time="0.005" /><testcase classname="imod.tests.test_wq.test_wq_model" name="test_get_pkgkey" time="0.170" /><testcase classname="imod.tests.test_wq.test_wq_model" name="test_timediscretization" time="0.183" /><testcase classname="imod.tests.test_wq.test_wq_model" name="test_render_gen" time="0.190" /><testcase classname="imod.tests.test_wq.test_wq_model" name="test_render_pkg__gcg" time="0.154" /><testcase classname="imod.tests.test_wq.test_wq_model" name="test_render_pkg__evt" time="0.185" /><testcase classname="imod.tests.test_wq.test_wq_model" name="test_render_pkg__rch" time="0.156" /><testcase classname="imod.tests.test_wq.test_wq_model" name="test_render_dis" time="0.184" /><testcase classname="imod.tests.test_wq.test_wq_model" name="test_render_groups__ghb_riv_wel" time="0.176" /><testcase classname="imod.tests.test_wq.test_wq_model" name="test_render_groups__double_gbh" time="0.187" /><testcase classname="imod.tests.test_wq.test_wq_model" name="test_render_flowsolver" time="0.172" /><testcase classname="imod.tests.test_wq.test_wq_model" name="test_render_btn" time="0.199" /><testcase classname="imod.tests.test_wq.test_wq_model" name="test_render_ssm_rch_evt_mal_tvc" time="0.180" /><testcase classname="imod.tests.test_wq.test_wq_model" name="test_render_ssm_rch_constant" time="0.216" /><testcase classname="imod.tests.test_wq.test_wq_model" name="test_render_transportsolver" time="0.174" /><testcase classname="imod.tests.test_wq.test_wq_model" name="test_render" time="0.219" /><testcase classname="imod.tests.test_wq.test_wq_model" name="test_render_cf" time="0.263" /><testcase classname="imod.tests.test_wq.test_wq_model" name="test_render_notime" time="0.207" /><testcase classname="imod.tests.test_wq.test_wq_model" name="test_mxsscount_incongruent_icbund" time="0.148" /><testcase classname="imod.tests.test_wq.test_wq_model" name="test_highest_active_recharge" time="0.160" /><testcase classname="imod.tests.test_wq.test_wq_model" name="test_write" time="1.205" /><testcase classname="imod.tests.test_wq.test_wq_model" name="test_write_pkgname_is_not_pkg_id" time="1.072" /><testcase classname="imod.tests.test_wq.test_wq_model" name="test_write__stress_repeats" time="1.112" /><testcase classname="imod.tests.test_wq.test_wq_model" name="test_write__error_stress_time_not_first" time="0.144" /><testcase classname="imod.tests.test_wq.test_wq_model" name="test_write_result_dir" time="0.940" /><testcase classname="imod.tests.test_wq.test_wq_model" name="test_write_result_dir_is_workdir" time="0.964" /><testcase classname="imod.tests.test_wq.test_wq_oc" name="test_render" time="0.004" /><testcase classname="imod.tests.test_wq.test_wq_pkggroup" name="test_render" time="0.023" /><testcase classname="imod.tests.test_wq.test_wq_pkggroup" name="test_render_error__concentration_twice" time="0.018" /><testcase classname="imod.tests.test_wq.test_wq_pkggroup" name="test_render__count_nolayer" time="0.015" /><testcase classname="imod.tests.test_wq.test_wq_rch" name="test_render__highest_top" time="0.006" /><testcase classname="imod.tests.test_wq.test_wq_rch" name="test_render__layers" time="0.007" /><testcase classname="imod.tests.test_wq.test_wq_rch" name="test_render__highest_active" time="0.006" /><testcase classname="imod.tests.test_wq.test_wq_rch" name="test_ssm_cellcount_scalar_highest_active" time="0.015" /><testcase classname="imod.tests.test_wq.test_wq_rch" name="test_render__stress_repeats[rate]" time="0.017" /><testcase classname="imod.tests.test_wq.test_wq_rch" name="test_render__stress_repeats[concentration]" time="0.020" /><testcase classname="imod.tests.test_wq.test_wq_riv" name="test_render" time="0.012" /><testcase classname="imod.tests.test_wq.test_wq_riv" name="test_render_multiple_scalar_concentration" time="0.027" /><testcase classname="imod.tests.test_wq.test_wq_riv" name="test_render_multiple_array_concentration" time="0.028" /><testcase classname="imod.tests.test_wq.test_wq_riv" name="test_save_multiple_array_concentration" time="0.091" /><testcase classname="imod.tests.test_wq.test_wq_riv" name="test_render__stress_repeats[stage]" time="0.042" /><testcase classname="imod.tests.test_wq.test_wq_riv" name="test_render__stress_repeats[conductance]" time="0.022" /><testcase classname="imod.tests.test_wq.test_wq_riv" name="test_render__stress_repeats[bottom_elevation]" time="0.022" /><testcase classname="imod.tests.test_wq.test_wq_riv" name="test_render__stress_repeats[concentration]" time="0.034" /><testcase classname="imod.tests.test_wq.test_wq_riv" name="test_render__stress_repeats[density]" time="0.023" /><testcase classname="imod.tests.test_wq.test_wq_slv" name="test_pcg_render" time="0.003" /><testcase classname="imod.tests.test_wq.test_wq_slv" name="test_gcg_render" time="0.006" /><testcase classname="imod.tests.test_wq.test_wq_slv" name="test_compute_load_balance_weight" time="0.014" /><testcase classname="imod.tests.test_wq.test_wq_slv" name="test_pksf_render" time="0.013" /><testcase classname="imod.tests.test_wq.test_wq_slv" name="test_pksf_render_rcb" time="0.009" /><testcase classname="imod.tests.test_wq.test_wq_slv" name="test_pkst_render" time="0.005" /><testcase classname="imod.tests.test_wq.test_wq_slv" name="test_pkst_render_rcb" time="0.004" /><testcase classname="imod.tests.test_wq.test_wq_tvc" name="test_render_tvc__scalar" time="0.002" /><testcase classname="imod.tests.test_wq.test_wq_tvc" name="test_render_tvc__array" time="0.012" /><testcase classname="imod.tests.test_wq.test_wq_vdf" name="test_render" time="0.007" /><testcase classname="imod.tests.test_wq.test_wq_wel" name="test_render" time="0.005" /><testcase classname="imod.tests.test_wq.test_wq_wel" name="test_render__notime_nolayer" time="0.005" /><testcase classname="imod.tests.test_wq.test_wq_wel" name="test_render__notime_layer" time="0.008" /><testcase classname="imod.tests.test_wq.test_wq_wel" name="test_render__time_nolayer" time="0.007" /><testcase classname="imod.tests.test_wq.test_wq_wel" name="test_render__time_layer" time="0.007" /><testcase classname="imod.tests.test_wq.test_wq_wel" name="test_render_concentration" time="0.014" /><testcase classname="imod.tests.test_wq.test_wq_wel" name="test_render_concentration_multiple_species" time="0.015" /><testcase classname="imod.tests.test_wq.test_wq_wel" name="test_save" time="0.051" /><testcase classname="imod.tests.test_wq.test_wq_wel" name="test_save_concentration" time="0.062" /><testcase classname="imod.tests.test_wq.test_wq_wel" name="test_save_multiple_species" time="0.128" /><testcase classname="imod.tests.test_wq.test_wq_wel" name="test_save__time_nolayer" time="0.042" /><testcase classname="imod.tests.test_wq.test_wq_wel" name="test_save__notime_layer" time="0.029" /><testcase classname="imod.tests.test_wq.test_wq_wel" name="test_save__notime_nolayer" time="0.024" /><testcase classname="imod.tests.test_wq.test_wq_wel" name="test_repeat_stress_error" time="0.026" /></testsuite></testsuites>